#
# A fatal error has been detected by the Java Runtime Environment:
#
#  SIGSEGV (0xb) at pc=0x00007fff51449e9d, pid=10062, tid=0x0000000000028003
#
# JRE version: Java(TM) SE Runtime Environment (8.0_131-b11) (build 1.8.0_131-b11)
# Java VM: Java HotSpot(TM) 64-Bit Server VM (25.131-b11 mixed mode bsd-amd64 compressed oops)
# Problematic frame:
# C  [libobjc.A.dylib+0x6e9d]  objc_msgSend+0x1d
#
# Failed to write core dump. Core dumps have been disabled. To enable core dumping, try "ulimit -c unlimited" before starting Java again
#
# If you would like to submit a bug report, please visit:
#   http://bugreport.java.com/bugreport/crash.jsp
# The crash happened outside the Java Virtual Machine in native code.
# See problematic frame for where to report the bug.
#

---------------  T H R E A D  ---------------

Current thread (0x00007f9127406000):  JavaThread "pool-2-thread-1" [_thread_in_native, id=163843, stack(0x0000700011fc1000,0x00007000120c1000)]

siginfo: si_signo: 11 (SIGSEGV), si_code: 1 (SEGV_MAPERR), si_addr: 0x0000000000000018

Registers:
RAX=0x0000000000000000, RBX=0x00007f912b3208a0, RCX=0x0000000000000000, RDX=0x000000000019cd00
RSP=0x00007000120c0388, RBP=0x00007000120c03b0, RSI=0x00007fff27f89377, RDI=0x200007f912b33375
R8 =0x00000000002ad700, R9 =0x00007f912b320a68, R10=0x0000000000000000, R11=0x00007fff27f89377
R12=0x0000000000000010, R13=0x00007000120c0818, R14=0x0000000000000000, R15=0x0000000000000008
RIP=0x00007fff51449e9d, EFLAGS=0x0000000000010297, ERR=0x0000000000000004
  TRAPNO=0x000000000000000e

Top of Stack: (sp=0x00007000120c0388)
0x00007000120c0388:   0000000114756bb3 00007fff51449e80
0x00007000120c0398:   0000000000000000 00007f912673a690
0x00007000120c03a8:   00007f9128f61ad0 00007000120c03e0
0x00007000120c03b8:   0000000114756321 3ff0000000000000
0x00007000120c03c8:   00007f9126667160 00007000120c0458
0x00007000120c03d8:   00007f9127406000 00007000120c0410
0x00007000120c03e8:   0000000114749258 0000000000000000
0x00007000120c03f8:   0000000000000000 0000700000000000
0x00007000120c0408:   00007f9126667160 00007000120c0440
0x00007000120c0418:   00000001147495ea 0000000000000000
0x00007000120c0428:   00007f9100000000 00007f91274061f8
0x00007000120c0438:   00007000120c04c0 00007000120c0480
0x00007000120c0448:   00000001132f93b2 00007000120c0470
0x00007000120c0458:   00007fff02010000 00007f9128ce26c0
0x00007000120c0468:   0000000000000000 00000007405a3c10
0x00007000120c0478:   00007000120c04c0 00007000120c04d0
0x00007000120c0488:   00000001162577f6 00000007405a3c10
0x00007000120c0498:   00000007405a3c10 00007000120c04c0
0x00007000120c04a8:   00000001076de9bb 00007f9127406000
0x00007000120c04b8:   00007f9127406000 0000000740532130
0x00007000120c04c8:   00000001160c77c5 0000000799a718a8
0x00007000120c04d8:   0000000116b79ab0 00000007405a3c10
0x00007000120c04e8:   0000000799a718a8 000000074025fac8
0x00007000120c04f8:   00000007c00cd428 0000000000000007
0x00007000120c0508:   00000001164f59cc 0000000500000003
0x00007000120c0518:   00000001160d5a80 0000000799a717f8
0x00007000120c0528:   0000000799a71828 00000000f334e302
0x00007000120c0538:   000000074020a718 00007000120c0570
0x00007000120c0548:   000000074020a718 e804150be8041524
0x00007000120c0558:   00000001161b55c5 000000074036e238
0x00007000120c0568:   0000000799a71298 0000000000000009
0x00007000120c0578:   00000050040f0c09 00007000120c0590 

Instructions: (pc=0x00007fff51449e9d)
0x00007fff51449e7d:   0f 1f 00 48 85 ff 2e 74 62 40 f6 c7 01 2e 75 66
0x00007fff51449e8d:   49 ba f8 ff ff ff ff 7f 00 00 4c 23 17 49 89 f3
0x00007fff51449e9d:   45 23 5a 18 49 c1 e3 04 4d 03 5a 10 49 3b 33 75
0x00007fff51449ead:   04 41 ff 63 08 49 83 3b 01 76 0d 49 83 c3 10 49 

Register to memory mapping:

RAX=0x0000000000000000 is an unknown value
RBX=0x00007f912b3208a0 is an unknown value
RCX=0x0000000000000000 is an unknown value
RDX=0x000000000019cd00 is an unknown value
RSP=0x00007000120c0388 is pointing into the stack for thread: 0x00007f9127406000
RBP=0x00007000120c03b0 is pointing into the stack for thread: 0x00007f9127406000
RSI=0x00007fff27f89377: .str.41.llvm.DC87FEEF+0x418ba in /System/Library/Frameworks/AppKit.framework/Versions/C/AppKit at 0x00007fff272b1000
RDI=0x200007f912b33375 is an unknown value
R8 =0x00000000002ad700 is an unknown value
R9 =0x00007f912b320a68 is an unknown value
R10=0x0000000000000000 is an unknown value
R11=0x00007fff27f89377: .str.41.llvm.DC87FEEF+0x418ba in /System/Library/Frameworks/AppKit.framework/Versions/C/AppKit at 0x00007fff272b1000
R12=0x0000000000000010 is an unknown value
R13=0x00007000120c0818 is pointing into the stack for thread: 0x00007f9127406000
R14=0x0000000000000000 is an unknown value
R15=0x0000000000000008 is an unknown value


Stack: [0x0000700011fc1000,0x00007000120c1000],  sp=0x00007000120c0388,  free space=1020k
Native frames: (J=compiled Java code, j=interpreted, Vv=VM code, C=native code)
C  [libobjc.A.dylib+0x6e9d]  objc_msgSend+0x1d
C  [libopencv_videoio.3.4.dylib+0x16321]  _ZN12CvCaptureCAM9grabFrameEd+0x5d
C  [libopencv_videoio.3.4.dylib+0x9258]  _ZN2cv12VideoCapture4grabEv+0x3e
C  [libopencv_videoio.3.4.dylib+0x95ea]  _ZN2cv12VideoCapture4readERKNS_12_OutputArrayE+0x2a
C  [libopencv_java341.dylib+0x593b2]  Java_org_opencv_videoio_VideoCapture_read_10+0x30
J 3307  org.opencv.videoio.VideoCapture.read_0(JJ)Z (0 bytes) @ 0x00000001162577f6 [0x0000000116257740+0xb6]
J 4276 C2 it.polito.teaching.cv.ObjRecognitionController.grabFrame()Lorg/opencv/core/Mat; (398 bytes) @ 0x0000000116b79ab0 [0x0000000116b799e0+0xd0]
J 3304 C1 it.polito.teaching.cv.ObjRecognitionController$1.run()V (29 bytes) @ 0x000000011628d554 [0x000000011628d480+0xd4]
J 4284 C1 java.util.concurrent.Executors$RunnableAdapter.call()Ljava/lang/Object; (14 bytes) @ 0x000000011669c414 [0x000000011669c300+0x114]
J 4280 C1 java.util.concurrent.FutureTask.runAndReset()Z (128 bytes) @ 0x000000011647beec [0x000000011647bc80+0x26c]
J 4257 C2 java.util.concurrent.ScheduledThreadPoolExecutor$ScheduledFutureTask.run()V (59 bytes) @ 0x000000011656dec8 [0x000000011656de60+0x68]
j  java.util.concurrent.ThreadPoolExecutor.runWorker(Ljava/util/concurrent/ThreadPoolExecutor$Worker;)V+95
j  java.util.concurrent.ThreadPoolExecutor$Worker.run()V+5
j  java.lang.Thread.run()V+11
v  ~StubRoutines::call_stub
V  [libjvm.dylib+0x2ee5b6]
V  [libjvm.dylib+0x2eed5a]
V  [libjvm.dylib+0x2eef06]
V  [libjvm.dylib+0x34965d]
V  [libjvm.dylib+0x56b87f]
V  [libjvm.dylib+0x56cf6c]
V  [libjvm.dylib+0x48b376]
C  [libsystem_pthread.dylib+0x3661]  _pthread_body+0x154
C  [libsystem_pthread.dylib+0x350d]  _pthread_body+0x0
C  [libsystem_pthread.dylib+0x2bf9]  thread_start+0xd
C  0x0000000000000000

Java frames: (J=compiled Java code, j=interpreted, Vv=VM code)
J 3307  org.opencv.videoio.VideoCapture.read_0(JJ)Z (0 bytes) @ 0x0000000116257784 [0x0000000116257740+0x44]
J 4276 C2 it.polito.teaching.cv.ObjRecognitionController.grabFrame()Lorg/opencv/core/Mat; (398 bytes) @ 0x0000000116b79ab0 [0x0000000116b799e0+0xd0]
J 3304 C1 it.polito.teaching.cv.ObjRecognitionController$1.run()V (29 bytes) @ 0x000000011628d554 [0x000000011628d480+0xd4]
J 4284 C1 java.util.concurrent.Executors$RunnableAdapter.call()Ljava/lang/Object; (14 bytes) @ 0x000000011669c414 [0x000000011669c300+0x114]
J 4280 C1 java.util.concurrent.FutureTask.runAndReset()Z (128 bytes) @ 0x000000011647beec [0x000000011647bc80+0x26c]
J 4257 C2 java.util.concurrent.ScheduledThreadPoolExecutor$ScheduledFutureTask.run()V (59 bytes) @ 0x000000011656dec8 [0x000000011656de60+0x68]
j  java.util.concurrent.ThreadPoolExecutor.runWorker(Ljava/util/concurrent/ThreadPoolExecutor$Worker;)V+95
j  java.util.concurrent.ThreadPoolExecutor$Worker.run()V+5
j  java.lang.Thread.run()V+11
v  ~StubRoutines::call_stub

---------------  P R O C E S S  ---------------

Java Threads: ( => current thread )
  0x00007f91270eb000 JavaThread "DestroyJavaVM" [_thread_blocked, id=5891, stack(0x000070000fce7000,0x000070000fde7000)]
  0x00007f9126ab9800 JavaThread "Thread-6" daemon [_thread_blocked, id=143931, stack(0x00007000122ca000,0x00007000123ca000)]
  0x00007f9126a16800 JavaThread "Java2D Disposer" daemon [_thread_blocked, id=143631, stack(0x00007000121c7000,0x00007000122c7000)]
  0x00007f9127414000 JavaThread "Java2D Queue Flusher" daemon [_thread_blocked, id=142615, stack(0x00007000120c4000,0x00007000121c4000)]
=>0x00007f9127406000 JavaThread "pool-2-thread-1" [_thread_in_native, id=163843, stack(0x0000700011fc1000,0x00007000120c1000)]
  0x00007f9126a4a800 JavaThread "Prism Font Disposer" daemon [_thread_blocked, id=48719, stack(0x0000700010f20000,0x0000700011020000)]
  0x00007f912794b000 JavaThread "Thread-3" daemon [_thread_in_native, id=34051, stack(0x0000700010d17000,0x0000700010d97000)]
  0x00007f91268a1000 JavaThread "Thread-1" daemon [_thread_blocked, id=23819, stack(0x0000700010c14000,0x0000700010d14000)]
  0x00007f9127805000 JavaThread "Service Thread" daemon [_thread_blocked, id=14595, stack(0x000070001090b000,0x0000700010a0b000)]
  0x00007f9127040800 JavaThread "C1 CompilerThread2" daemon [_thread_blocked, id=17923, stack(0x0000700010808000,0x0000700010908000)]
  0x00007f9127040000 JavaThread "C2 CompilerThread1" daemon [_thread_blocked, id=18179, stack(0x0000700010705000,0x0000700010805000)]
  0x00007f912703e800 JavaThread "C2 CompilerThread0" daemon [_thread_blocked, id=13571, stack(0x0000700010602000,0x0000700010702000)]
  0x00007f912703d800 JavaThread "Signal Dispatcher" daemon [_thread_blocked, id=13063, stack(0x00007000104ff000,0x00007000105ff000)]
  0x00007f9126857800 JavaThread "Finalizer" daemon [_thread_blocked, id=11523, stack(0x00007000103fc000,0x00007000104fc000)]
  0x00007f9126854800 JavaThread "Reference Handler" daemon [_thread_blocked, id=11267, stack(0x00007000102f9000,0x00007000103f9000)]

Other Threads:
  0x00007f9126850000 VMThread [stack: 0x00007000101f6000,0x00007000102f6000] [id=20739]
  0x00007f9126814000 WatcherThread [stack: 0x0000700010a0e000,0x0000700010b0e000] [id=14851]

VM state:not at safepoint (normal execution)

VM Mutex/Monitor currently owned by a thread: None

Heap:
 PSYoungGen      total 165376K, used 82761K [0x0000000795580000, 0x00000007a1700000, 0x00000007c0000000)
  eden space 158720K, 48% used [0x0000000795580000,0x000000079a0464b8,0x000000079f080000)
  from space 6656K, 93% used [0x00000007a0c80000,0x00000007a128c050,0x00000007a1300000)
  to   space 4096K, 0% used [0x00000007a1300000,0x00000007a1300000,0x00000007a1700000)
 ParOldGen       total 114688K, used 26466K [0x0000000740000000, 0x0000000747000000, 0x0000000795580000)
  object space 114688K, 23% used [0x0000000740000000,0x00000007419d8b40,0x0000000747000000)
 Metaspace       used 23162K, capacity 23968K, committed 24192K, reserved 1071104K
  class space    used 2938K, capacity 3119K, committed 3200K, reserved 1048576K

Card table byte_map: [0x00000001085d8000,0x00000001089d9000] byte_map_base: 0x0000000104bd8000

Marking Bits: (ParMarkBitMap*) 0x0000000107af1ea0
 Begin Bits: [0x0000000108c84000, 0x000000010ac84000)
 End Bits:   [0x000000010ac84000, 0x000000010cc84000)

Polling page: 0x00000001069e0000

CodeCache: size=245760Kb used=11594Kb max_used=11621Kb free=234165Kb
 bounds [0x0000000115fbc000, 0x0000000116b9c000, 0x0000000124fbc000]
 total_blobs=4519 nmethods=3586 adapters=845
 compilation: enabled

Compilation events (10 events):
Event: 4762.758 Thread 0x00007f9127040000 4320       4       com.sun.glass.ui.TouchInputSupport::notifyEndTouchEvent (64 bytes)
Event: 4762.758 Thread 0x00007f9127040000 nmethod 4320 0x0000000116626d50 code [0x0000000116626ea0, 0x0000000116626f18]
Event: 4763.292 Thread 0x00007f9127040800 4321       3       com.sun.glass.ui.mac.MacGestureSupport::notifyNextTouchEvent (38 bytes)
Event: 4763.292 Thread 0x00007f9127040800 nmethod 4321 0x0000000116679310 code [0x00000001166794c0, 0x00000001166796c8]
Event: 4763.339 Thread 0x00007f9127040800 4322       3       com.sun.glass.ui.mac.MacGestureSupport::notifyEndTouchEvent (8 bytes)
Event: 4763.340 Thread 0x00007f9127040800 nmethod 4322 0x0000000116678f90 code [0x0000000116679100, 0x0000000116679288]
Event: 4763.340 Thread 0x00007f9127040800 4323   !   3       com.sun.glass.ui.mac.MacTouchInputSupport::notifyEndTouchEvent (120 bytes)
Event: 4763.340 Thread 0x00007f9127040800 nmethod 4323 0x00000001168a8410 code [0x00000001168a8620, 0x00000001168a8e98]
Event: 4763.458 Thread 0x00007f9127040800 4325   !   3       java.lang.ClassLoader::findNative (86 bytes)
Event: 4763.459 Thread 0x00007f9127040800 nmethod 4325 0x000000011685a690 code [0x000000011685a840, 0x000000011685b118]

GC Heap History (10 events):
Event: 233.998 GC heap before
{Heap before GC invocations=349 (full 17):
 PSYoungGen      total 158208K, used 157804K [0x0000000795580000, 0x00000007a2200000, 0x00000007c0000000)
  eden space 152576K, 100% used [0x0000000795580000,0x000000079ea80000,0x000000079ea80000)
  from space 5632K, 92% used [0x00000007a1580000,0x00000007a1a9b050,0x00000007a1b00000)
  to   space 7168K, 0% used [0x00000007a1b00000,0x00000007a1b00000,0x00000007a2200000)
 ParOldGen       total 109056K, used 104001K [0x0000000740000000, 0x0000000746a80000, 0x0000000795580000)
  object space 109056K, 95% used [0x0000000740000000,0x00000007465907c0,0x0000000746a80000)
 Metaspace       used 23116K, capacity 23726K, committed 23936K, reserved 1071104K
  class space    used 2931K, capacity 3108K, committed 3200K, reserved 1048576K
Event: 234.003 GC heap after
Heap after GC invocations=349 (full 17):
 PSYoungGen      total 179200K, used 4928K [0x0000000795580000, 0x00000007a2000000, 0x00000007c0000000)
  eden space 174080K, 0% used [0x0000000795580000,0x0000000795580000,0x000000079ff80000)
  from space 5120K, 96% used [0x00000007a1b00000,0x00000007a1fd0040,0x00000007a2000000)
  to   space 7680K, 0% used [0x00000007a1100000,0x00000007a1100000,0x00000007a1880000)
 ParOldGen       total 109056K, used 107625K [0x0000000740000000, 0x0000000746a80000, 0x0000000795580000)
  object space 109056K, 98% used [0x0000000740000000,0x000000074691a7f0,0x0000000746a80000)
 Metaspace       used 23116K, capacity 23726K, committed 23936K, reserved 1071104K
  class space    used 2931K, capacity 3108K, committed 3200K, reserved 1048576K
}
Event: 234.003 GC heap before
{Heap before GC invocations=350 (full 18):
 PSYoungGen      total 179200K, used 4928K [0x0000000795580000, 0x00000007a2000000, 0x00000007c0000000)
  eden space 174080K, 0% used [0x0000000795580000,0x0000000795580000,0x000000079ff80000)
  from space 5120K, 96% used [0x00000007a1b00000,0x00000007a1fd0040,0x00000007a2000000)
  to   space 7680K, 0% used [0x00000007a1100000,0x00000007a1100000,0x00000007a1880000)
 ParOldGen       total 109056K, used 107625K [0x0000000740000000, 0x0000000746a80000, 0x0000000795580000)
  object space 109056K, 98% used [0x0000000740000000,0x000000074691a7f0,0x0000000746a80000)
 Metaspace       used 23116K, capacity 23726K, committed 23936K, reserved 1071104K
  class space    used 2931K, capacity 3108K, committed 3200K, reserved 1048576K
Event: 234.038 GC heap after
Heap after GC invocations=350 (full 18):
 PSYoungGen      total 179200K, used 0K [0x0000000795580000, 0x00000007a2000000, 0x00000007c0000000)
  eden space 174080K, 0% used [0x0000000795580000,0x0000000795580000,0x000000079ff80000)
  from space 5120K, 0% used [0x00000007a1b00000,0x00000007a1b00000,0x00000007a2000000)
  to   space 7680K, 0% used [0x00000007a1100000,0x00000007a1100000,0x00000007a1880000)
 ParOldGen       total 114688K, used 14394K [0x0000000740000000, 0x0000000747000000, 0x0000000795580000)
  object space 114688K, 12% used [0x0000000740000000,0x0000000740e0eaa0,0x0000000747000000)
 Metaspace       used 23116K, capacity 23726K, committed 23936K, reserved 1071104K
  class space    used 2931K, capacity 3108K, committed 3200K, reserved 1048576K
}
Event: 234.684 GC heap before
{Heap before GC invocations=351 (full 18):
 PSYoungGen      total 179200K, used 172977K [0x0000000795580000, 0x00000007a2000000, 0x00000007c0000000)
  eden space 174080K, 99% used [0x0000000795580000,0x000000079fe6c568,0x000000079ff80000)
  from space 5120K, 0% used [0x00000007a1b00000,0x00000007a1b00000,0x00000007a2000000)
  to   space 7680K, 0% used [0x00000007a1100000,0x00000007a1100000,0x00000007a1880000)
 ParOldGen       total 114688K, used 14394K [0x0000000740000000, 0x0000000747000000, 0x0000000795580000)
  object space 114688K, 12% used [0x0000000740000000,0x0000000740e0eaa0,0x0000000747000000)
 Metaspace       used 23116K, capacity 23726K, committed 23936K, reserved 1071104K
  class space    used 2931K, capacity 3108K, committed 3200K, reserved 1048576K
Event: 234.686 GC heap after
Heap after GC invocations=351 (full 18):
 PSYoungGen      total 174592K, used 5260K [0x0000000795580000, 0x00000007a1b80000, 0x00000007c0000000)
  eden space 168960K, 0% used [0x0000000795580000,0x0000000795580000,0x000000079fa80000)
  from space 5632K, 93% used [0x00000007a1100000,0x00000007a1623050,0x00000007a1680000)
  to   space 5120K, 0% used [0x00000007a1680000,0x00000007a1680000,0x00000007a1b80000)
 ParOldGen       total 114688K, used 14394K [0x0000000740000000, 0x0000000747000000, 0x0000000795580000)
  object space 114688K, 12% used [0x0000000740000000,0x0000000740e0eaa0,0x0000000747000000)
 Metaspace       used 23116K, capacity 23726K, committed 23936K, reserved 1071104K
  class space    used 2931K, capacity 3108K, committed 3200K, reserved 1048576K
}
Event: 235.223 GC heap before
{Heap before GC invocations=352 (full 18):
 PSYoungGen      total 174592K, used 173329K [0x0000000795580000, 0x00000007a1b80000, 0x00000007c0000000)
  eden space 168960K, 99% used [0x0000000795580000,0x000000079f9a1438,0x000000079fa80000)
  from space 5632K, 93% used [0x00000007a1100000,0x00000007a1623050,0x00000007a1680000)
  to   space 5120K, 0% used [0x00000007a1680000,0x00000007a1680000,0x00000007a1b80000)
 ParOldGen       total 114688K, used 14394K [0x0000000740000000, 0x0000000747000000, 0x0000000795580000)
  object space 114688K, 12% used [0x0000000740000000,0x0000000740e0eaa0,0x0000000747000000)
 Metaspace       used 23116K, capacity 23726K, committed 23936K, reserved 1071104K
  class space    used 2931K, capacity 3108K, committed 3200K, reserved 1048576K
Event: 235.227 GC heap after
Heap after GC invocations=352 (full 18):
 PSYoungGen      total 168960K, used 4960K [0x0000000795580000, 0x00000007a1b80000, 0x00000007c0000000)
  eden space 163840K, 0% used [0x0000000795580000,0x0000000795580000,0x000000079f580000)
  from space 5120K, 96% used [0x00000007a1680000,0x00000007a1b58040,0x00000007a1b80000)
  to   space 7680K, 0% used [0x00000007a0c80000,0x00000007a0c80000,0x00000007a1400000)
 ParOldGen       total 114688K, used 22826K [0x0000000740000000, 0x0000000747000000, 0x0000000795580000)
  object space 114688K, 19% used [0x0000000740000000,0x000000074164ab10,0x0000000747000000)
 Metaspace       used 23116K, capacity 23726K, committed 23936K, reserved 1071104K
  class space    used 2931K, capacity 3108K, committed 3200K, reserved 1048576K
}
Event: 235.749 GC heap before
{Heap before GC invocations=353 (full 18):
 PSYoungGen      total 168960K, used 168800K [0x0000000795580000, 0x00000007a1b80000, 0x00000007c0000000)
  eden space 163840K, 100% used [0x0000000795580000,0x000000079f580000,0x000000079f580000)
  from space 5120K, 96% used [0x00000007a1680000,0x00000007a1b58040,0x00000007a1b80000)
  to   space 7680K, 0% used [0x00000007a0c80000,0x00000007a0c80000,0x00000007a1400000)
 ParOldGen       total 114688K, used 22826K [0x0000000740000000, 0x0000000747000000, 0x0000000795580000)
  object space 114688K, 19% used [0x0000000740000000,0x000000074164ab10,0x0000000747000000)
 Metaspace       used 23116K, capacity 23726K, committed 23936K, reserved 1071104K
  class space    used 2931K, capacity 3108K, committed 3200K, reserved 1048576K
Event: 235.753 GC heap after
Heap after GC invocations=353 (full 18):
 PSYoungGen      total 165376K, used 6192K [0x0000000795580000, 0x00000007a1700000, 0x00000007c0000000)
  eden space 158720K, 0% used [0x0000000795580000,0x0000000795580000,0x000000079f080000)
  from space 6656K, 93% used [0x00000007a0c80000,0x00000007a128c050,0x00000007a1300000)
  to   space 4096K, 0% used [0x00000007a1300000,0x00000007a1300000,0x00000007a1700000)
 ParOldGen       total 114688K, used 26466K [0x0000000740000000, 0x0000000747000000, 0x0000000795580000)
  object space 114688K, 23% used [0x0000000740000000,0x00000007419d8b40,0x0000000747000000)
 Metaspace       used 23116K, capacity 23726K, committed 23936K, reserved 1071104K
  class space    used 2931K, capacity 3108K, committed 3200K, reserved 1048576K
}

Deoptimization events (10 events):
Event: 4763.457 Thread 0x00007f91270eb000 Uncommon trap: reason=null_check action=make_not_entrant pc=0x000000011679f81c method=com.sun.javafx.tk.quantum.GlassScene.getClearColor()Lcom/sun/prism/paint/Color; @ 4
Event: 4763.458 Thread 0x00007f9126823000 Uncommon trap: reason=class_check action=maybe_recompile pc=0x00000001160df320 method=com.sun.prism.es2.ES2TextureData.dispose()V @ 8
Event: 4763.459 Thread 0x00007f9126823000 Uncommon trap: reason=unstable_if action=reinterpret pc=0x00000001167a2bc4 method=com.sun.javafx.tk.RenderJob.run()V @ 83
Event: 4763.501 Thread 0x00007f91270eb000 Uncommon trap: reason=unstable_if action=reinterpret pc=0x00000001169ae6f0 method=com.sun.javafx.application.PlatformImpl.checkIdle()V @ 40
Event: 4763.508 Thread 0x00007f91270eb000 Uncommon trap: reason=unstable_if action=reinterpret pc=0x00000001166e482c method=java.util.concurrent.CountDownLatch$Sync.tryReleaseShared(I)Z @ 6
Event: 4763.508 Thread 0x00007f91268b6000 Uncommon trap: reason=unstable_if action=reinterpret pc=0x00000001164f5f1c method=com.sun.javafx.application.PlatformImpl.runLater(Ljava/lang/Runnable;Z)V @ 48
Event: 4763.509 Thread 0x00007f91270eb000 Uncommon trap: reason=bimorphic action=maybe_recompile pc=0x00000001166488d4 method=java.util.ArrayList.<init>(Ljava/util/Collection;)V @ 6
Event: 4763.512 Thread 0x00007f9126823000 Uncommon trap: reason=unstable_if action=reinterpret pc=0x0000000116631194 method=java.util.concurrent.ThreadPoolExecutor.getTask()Ljava/lang/Runnable; @ 16
Event: 4763.522 Thread 0x00007f91270eb000 Uncommon trap: reason=unstable_if action=reinterpret pc=0x000000011626573c method=java.security.AccessControlContext.optimize()Ljava/security/AccessControlContext; @ 49
Event: 4763.523 Thread 0x00007f91270eb000 Uncommon trap: reason=unstable_if action=reinterpret pc=0x00000001162c7ab4 method=java.security.AccessControlContext.combine([Ljava/security/ProtectionDomain;[Ljava/security/ProtectionDomain;)[Ljava/security/ProtectionDomain; @ 1

Internal exceptions (10 events):
Event: 235.818 Thread 0x00007f9127406000 Exception <a 'java/net/SocketTimeoutException': Read timed out> (0x00000007959a79c0) thrown at [/Users/java_re/workspace/8-2-build-macosx-x86_64/jdk8u131/8869/hotspot/src/share/vm/prims/jni.cpp, line 735]
Event: 235.849 Thread 0x00007f9127406000 Exception <a 'java/net/SocketTimeoutException': Read timed out> (0x00000007959adfb8) thrown at [/Users/java_re/workspace/8-2-build-macosx-x86_64/jdk8u131/8869/hotspot/src/share/vm/prims/jni.cpp, line 735]
Event: 235.883 Thread 0x00007f9127406000 Exception <a 'java/net/SocketTimeoutException': Read timed out> (0x00000007959b4520) thrown at [/Users/java_re/workspace/8-2-build-macosx-x86_64/jdk8u131/8869/hotspot/src/share/vm/prims/jni.cpp, line 735]
Event: 235.914 Thread 0x00007f9127406000 Exception <a 'java/net/SocketTimeoutException': Read timed out> (0x000000079877f148) thrown at [/Users/java_re/workspace/8-2-build-macosx-x86_64/jdk8u131/8869/hotspot/src/share/vm/prims/jni.cpp, line 735]
Event: 236.921 Thread 0x00007f91270eb000 Implicit null exception at 0x00000001162398d9 to 0x000000011623a27d
Event: 236.938 Thread 0x00007f91270eb000 Implicit null exception at 0x00000001165ee3b9 to 0x00000001165eec25
Event: 4763.457 Thread 0x00007f91270eb000 Implicit null exception at 0x000000011679efd2 to 0x000000011679f809
Event: 4763.459 Thread 0x00007f9126823000 Implicit null exception at 0x00000001167a2483 to 0x00000001167a2bb5
Event: 4763.522 Thread 0x00007f91270eb000 Implicit null exception at 0x0000000116265269 to 0x0000000116265725
Event: 4763.523 Thread 0x00007f91270eb000 Implicit null exception at 0x00000001162c7816 to 0x00000001162c7aa5

Events (10 events):
Event: 4763.513 Thread 0x00007f91268b6000 Thread exited: 0x00007f91268b6000
Event: 4763.522 Thread 0x00007f91270eb000 Thread exited: 0x00007f91270eb000
Event: 4763.522 Thread 0x00007f912680b000 Thread exited: 0x00007f912680b000
Event: 4763.522 Thread 0x00007f91270eb000 Thread added: 0x00007f91270eb000
Event: 4763.522 Thread 0x00007f91270eb000 Uncommon trap: trap_request=0xffffff65 fr.pc=0x000000011626573c
Event: 4763.522 Thread 0x00007f91270eb000 DEOPT PACKING pc=0x000000011626573c sp=0x000070000fde66e0
Event: 4763.522 Thread 0x00007f91270eb000 DEOPT UNPACKING pc=0x0000000115fc1229 sp=0x000070000fde66a8 mode 2
Event: 4763.523 Thread 0x00007f91270eb000 Uncommon trap: trap_request=0xffffff65 fr.pc=0x00000001162c7ab4
Event: 4763.523 Thread 0x00007f91270eb000 DEOPT PACKING pc=0x00000001162c7ab4 sp=0x000070000fde65d0
Event: 4763.523 Thread 0x00007f91270eb000 DEOPT UNPACKING pc=0x0000000115fc1229 sp=0x000070000fde6578 mode 2


Dynamic libraries:
0x00000000021ba000 	/System/Library/Frameworks/Cocoa.framework/Versions/A/Cocoa
0x00000000021ba000 	/System/Library/Frameworks/Security.framework/Versions/A/Security
0x00000000021ba000 	/System/Library/Frameworks/ApplicationServices.framework/Versions/A/ApplicationServices
0x00000000021ba000 	/usr/lib/libz.1.dylib
0x00000000021ba000 	/usr/lib/libSystem.B.dylib
0x00000000021ba000 	/usr/lib/libobjc.A.dylib
0x00000000021ba000 	/System/Library/Frameworks/CoreFoundation.framework/Versions/A/CoreFoundation
0x00000000021ba000 	/System/Library/Frameworks/Foundation.framework/Versions/C/Foundation
0x00000000021ba000 	/System/Library/Frameworks/AppKit.framework/Versions/C/AppKit
0x00000000021ba000 	/System/Library/Frameworks/CoreData.framework/Versions/A/CoreData
0x00000000021ba000 	/System/Library/PrivateFrameworks/RemoteViewServices.framework/Versions/A/RemoteViewServices
0x00000000021ba000 	/System/Library/PrivateFrameworks/UIFoundation.framework/Versions/A/UIFoundation
0x00000000021ba000 	/System/Library/PrivateFrameworks/DFRFoundation.framework/Versions/A/DFRFoundation
0x00000000021ba000 	/System/Library/Frameworks/Metal.framework/Versions/A/Metal
0x00000000021ba000 	/System/Library/PrivateFrameworks/DesktopServicesPriv.framework/Versions/A/DesktopServicesPriv
0x00000000021ba000 	/usr/lib/libenergytrace.dylib
0x00000000021ba000 	/System/Library/PrivateFrameworks/SkyLight.framework/Versions/A/SkyLight
0x00000000021ba000 	/System/Library/Frameworks/CoreGraphics.framework/Versions/A/CoreGraphics
0x00000000021ba000 	/usr/lib/libScreenReader.dylib
0x00000000021ba000 	/System/Library/Frameworks/Accelerate.framework/Versions/A/Accelerate
0x00000000021ba000 	/System/Library/Frameworks/IOSurface.framework/Versions/A/IOSurface
0x00000000021ba000 	/System/Library/Frameworks/AudioToolbox.framework/Versions/A/AudioToolbox
0x00000000021ba000 	/System/Library/Frameworks/AudioUnit.framework/Versions/A/AudioUnit
0x00000000021ba000 	/System/Library/PrivateFrameworks/DataDetectorsCore.framework/Versions/A/DataDetectorsCore
0x00000000021ba000 	/System/Library/Frameworks/Carbon.framework/Versions/A/Frameworks/HIToolbox.framework/Versions/A/HIToolbox
0x00000000021ba000 	/usr/lib/libicucore.A.dylib
0x00000000021ba000 	/System/Library/Frameworks/QuartzCore.framework/Versions/A/QuartzCore
0x00000000021ba000 	/System/Library/PrivateFrameworks/SignpostNotification.framework/Versions/A/SignpostNotification
0x00000000021ba000 	/System/Library/Frameworks/Carbon.framework/Versions/A/Frameworks/SpeechRecognition.framework/Versions/A/SpeechRecognition
0x00000000021ba000 	/usr/lib/libauto.dylib
0x00000000021ba000 	/usr/lib/libxml2.2.dylib
0x00000000021ba000 	/System/Library/PrivateFrameworks/CoreUI.framework/Versions/A/CoreUI
0x00000000021ba000 	/System/Library/Frameworks/CoreAudio.framework/Versions/A/CoreAudio
0x00000000021ba000 	/System/Library/Frameworks/DiskArbitration.framework/Versions/A/DiskArbitration
0x00000000021ba000 	/usr/lib/liblangid.dylib
0x00000000021ba000 	/System/Library/PrivateFrameworks/MultitouchSupport.framework/Versions/A/MultitouchSupport
0x00000000021ba000 	/System/Library/Frameworks/IOKit.framework/Versions/A/IOKit
0x00000000021ba000 	/usr/lib/libDiagnosticMessagesClient.dylib
0x00000000021ba000 	/System/Library/Frameworks/CoreServices.framework/Versions/A/CoreServices
0x00000000021ba000 	/System/Library/PrivateFrameworks/PerformanceAnalysis.framework/Versions/A/PerformanceAnalysis
0x00000000021ba000 	/System/Library/Frameworks/OpenGL.framework/Versions/A/OpenGL
0x00000000021ba000 	/System/Library/Frameworks/ColorSync.framework/Versions/A/ColorSync
0x00000000021ba000 	/System/Library/Frameworks/CoreImage.framework/Versions/A/CoreImage
0x00000000021ba000 	/System/Library/Frameworks/CoreText.framework/Versions/A/CoreText
0x00000000021ba000 	/System/Library/Frameworks/ImageIO.framework/Versions/A/ImageIO
0x00000000021ba000 	/System/Library/PrivateFrameworks/Backup.framework/Versions/A/Backup
0x00000000021ba000 	/usr/lib/libarchive.2.dylib
0x00000000021ba000 	/System/Library/Frameworks/CFNetwork.framework/Versions/A/CFNetwork
0x00000000021ba000 	/System/Library/Frameworks/SystemConfiguration.framework/Versions/A/SystemConfiguration
0x00000000021ba000 	/usr/lib/libCRFSuite.dylib
0x00000000021ba000 	/usr/lib/libc++.1.dylib
0x00000000021ba000 	/usr/lib/libc++abi.dylib
0x00000000021ba000 	/usr/lib/system/libcache.dylib
0x00000000021ba000 	/usr/lib/system/libcommonCrypto.dylib
0x00000000021ba000 	/usr/lib/system/libcompiler_rt.dylib
0x00000000021ba000 	/usr/lib/system/libcopyfile.dylib
0x00000000021ba000 	/usr/lib/system/libcorecrypto.dylib
0x00000000021ba000 	/usr/lib/system/libdispatch.dylib
0x00000000021ba000 	/usr/lib/system/libdyld.dylib
0x00000000021ba000 	/usr/lib/system/libkeymgr.dylib
0x00000000021ba000 	/usr/lib/system/liblaunch.dylib
0x00000000021ba000 	/usr/lib/system/libmacho.dylib
0x00000000021ba000 	/usr/lib/system/libquarantine.dylib
0x00000000021ba000 	/usr/lib/system/libremovefile.dylib
0x00000000021ba000 	/usr/lib/system/libsystem_asl.dylib
0x00000000021ba000 	/usr/lib/system/libsystem_blocks.dylib
0x00000000021ba000 	/usr/lib/system/libsystem_c.dylib
0x00000000021ba000 	/usr/lib/system/libsystem_configuration.dylib
0x00000000021ba000 	/usr/lib/system/libsystem_coreservices.dylib
0x00000000021ba000 	/usr/lib/system/libsystem_darwin.dylib
0x00000000021ba000 	/usr/lib/system/libsystem_dnssd.dylib
0x00000000021ba000 	/usr/lib/system/libsystem_info.dylib
0x00000000021ba000 	/usr/lib/system/libsystem_m.dylib
0x00000000021ba000 	/usr/lib/system/libsystem_malloc.dylib
0x00000000021ba000 	/usr/lib/system/libsystem_network.dylib
0x00000000021ba000 	/usr/lib/system/libsystem_networkextension.dylib
0x00000000021ba000 	/usr/lib/system/libsystem_notify.dylib
0x00000000021ba000 	/usr/lib/system/libsystem_sandbox.dylib
0x00000000021ba000 	/usr/lib/system/libsystem_secinit.dylib
0x00000000021ba000 	/usr/lib/system/libsystem_kernel.dylib
0x00000000021ba000 	/usr/lib/system/libsystem_platform.dylib
0x00000000021ba000 	/usr/lib/system/libsystem_pthread.dylib
0x00000000021ba000 	/usr/lib/system/libsystem_symptoms.dylib
0x00000000021ba000 	/usr/lib/system/libsystem_trace.dylib
0x00000000021ba000 	/usr/lib/system/libunwind.dylib
0x00000000021ba000 	/usr/lib/system/libxpc.dylib
0x00000000021ba000 	/usr/lib/closure/libclosured.dylib
0x00000000021ba000 	/usr/lib/libbsm.0.dylib
0x00000000021ba000 	/usr/lib/system/libkxld.dylib
0x00000000021ba000 	/usr/lib/libOpenScriptingUtil.dylib
0x00000000021ba000 	/usr/lib/libcoretls.dylib
0x00000000021ba000 	/usr/lib/libcoretls_cfhelpers.dylib
0x00000000021ba000 	/usr/lib/libpam.2.dylib
0x00000000021ba000 	/usr/lib/libsqlite3.dylib
0x00000000021ba000 	/usr/lib/libxar.1.dylib
0x00000000021ba000 	/usr/lib/libbz2.1.0.dylib
0x00000000021ba000 	/usr/lib/liblzma.5.dylib
0x00000000021ba000 	/usr/lib/libnetwork.dylib
0x00000000021ba000 	/usr/lib/libapple_nghttp2.dylib
0x00000000021ba000 	/usr/lib/libpcap.A.dylib
0x00000000021ba000 	/usr/lib/libboringssl.dylib
0x00000000021ba000 	/usr/lib/libusrtcp.dylib
0x00000000021ba000 	/usr/lib/libapple_crypto.dylib
0x00000000021ba000 	/System/Library/Frameworks/CoreServices.framework/Versions/A/Frameworks/FSEvents.framework/Versions/A/FSEvents
0x00000000021ba000 	/System/Library/Frameworks/CoreServices.framework/Versions/A/Frameworks/CarbonCore.framework/Versions/A/CarbonCore
0x00000000021ba000 	/System/Library/Frameworks/CoreServices.framework/Versions/A/Frameworks/Metadata.framework/Versions/A/Metadata
0x00000000021ba000 	/System/Library/Frameworks/CoreServices.framework/Versions/A/Frameworks/OSServices.framework/Versions/A/OSServices
0x00000000021ba000 	/System/Library/Frameworks/CoreServices.framework/Versions/A/Frameworks/SearchKit.framework/Versions/A/SearchKit
0x00000000021ba000 	/System/Library/Frameworks/CoreServices.framework/Versions/A/Frameworks/AE.framework/Versions/A/AE
0x00000000021ba000 	/System/Library/Frameworks/CoreServices.framework/Versions/A/Frameworks/LaunchServices.framework/Versions/A/LaunchServices
0x00000000021ba000 	/System/Library/Frameworks/CoreServices.framework/Versions/A/Frameworks/DictionaryServices.framework/Versions/A/DictionaryServices
0x00000000021ba000 	/System/Library/Frameworks/CoreServices.framework/Versions/A/Frameworks/SharedFileList.framework/Versions/A/SharedFileList
0x00000000021ba000 	/System/Library/Frameworks/NetFS.framework/Versions/A/NetFS
0x00000000021ba000 	/System/Library/PrivateFrameworks/NetAuth.framework/Versions/A/NetAuth
0x00000000021ba000 	/System/Library/PrivateFrameworks/login.framework/Versions/A/Frameworks/loginsupport.framework/Versions/A/loginsupport
0x00000000021ba000 	/System/Library/PrivateFrameworks/TCC.framework/Versions/A/TCC
0x00000000021ba000 	/usr/lib/libmecabra.dylib
0x00000000021ba000 	/System/Library/Frameworks/ApplicationServices.framework/Versions/A/Frameworks/ATS.framework/Versions/A/ATS
0x00000000021ba000 	/System/Library/Frameworks/ApplicationServices.framework/Versions/A/Frameworks/ColorSyncLegacy.framework/Versions/A/ColorSyncLegacy
0x00000000021ba000 	/System/Library/Frameworks/ApplicationServices.framework/Versions/A/Frameworks/HIServices.framework/Versions/A/HIServices
0x00000000021ba000 	/System/Library/Frameworks/ApplicationServices.framework/Versions/A/Frameworks/LangAnalysis.framework/Versions/A/LangAnalysis
0x00000000021ba000 	/System/Library/Frameworks/ApplicationServices.framework/Versions/A/Frameworks/PrintCore.framework/Versions/A/PrintCore
0x00000000021ba000 	/System/Library/Frameworks/ApplicationServices.framework/Versions/A/Frameworks/QD.framework/Versions/A/QD
0x00000000021ba000 	/System/Library/Frameworks/ApplicationServices.framework/Versions/A/Frameworks/SpeechSynthesis.framework/Versions/A/SpeechSynthesis
0x00000000021ba000 	/System/Library/Frameworks/CoreDisplay.framework/Versions/A/CoreDisplay
0x00000000021ba000 	/System/Library/Frameworks/Accelerate.framework/Versions/A/Frameworks/vImage.framework/Versions/A/vImage
0x00000000021ba000 	/System/Library/Frameworks/Accelerate.framework/Versions/A/Frameworks/vecLib.framework/Versions/A/vecLib
0x00000000021ba000 	/System/Library/Frameworks/Accelerate.framework/Versions/A/Frameworks/vecLib.framework/Versions/A/libvDSP.dylib
0x00000000021ba000 	/System/Library/Frameworks/Accelerate.framework/Versions/A/Frameworks/vecLib.framework/Versions/A/libBNNS.dylib
0x00000000021ba000 	/System/Library/Frameworks/Accelerate.framework/Versions/A/Frameworks/vecLib.framework/Versions/A/libQuadrature.dylib
0x00000000021ba000 	/System/Library/Frameworks/Accelerate.framework/Versions/A/Frameworks/vecLib.framework/Versions/A/libvMisc.dylib
0x00000000021ba000 	/System/Library/Frameworks/Accelerate.framework/Versions/A/Frameworks/vecLib.framework/Versions/A/libLAPACK.dylib
0x00000000021ba000 	/System/Library/Frameworks/Accelerate.framework/Versions/A/Frameworks/vecLib.framework/Versions/A/libBLAS.dylib
0x00000000021ba000 	/System/Library/Frameworks/Accelerate.framework/Versions/A/Frameworks/vecLib.framework/Versions/A/libLinearAlgebra.dylib
0x00000000021ba000 	/System/Library/Frameworks/Accelerate.framework/Versions/A/Frameworks/vecLib.framework/Versions/A/libSparse.dylib
0x00000000021ba000 	/System/Library/Frameworks/Accelerate.framework/Versions/A/Frameworks/vecLib.framework/Versions/A/libSparseBLAS.dylib
0x00000000021ba000 	/System/Library/PrivateFrameworks/GPUWrangler.framework/Versions/A/GPUWrangler
0x00000000021ba000 	/System/Library/PrivateFrameworks/IOAccelerator.framework/Versions/A/IOAccelerator
0x00000000021ba000 	/System/Library/PrivateFrameworks/IOPresentment.framework/Versions/A/IOPresentment
0x00000000021ba000 	/System/Library/PrivateFrameworks/DSExternalDisplay.framework/Versions/A/DSExternalDisplay
0x00000000021ba000 	/System/Library/Frameworks/OpenGL.framework/Versions/A/Libraries/libCoreFSCache.dylib
0x00000000021ba000 	/System/Library/Frameworks/CoreVideo.framework/Versions/A/CoreVideo
0x00000000021ba000 	/System/Library/PrivateFrameworks/GraphVisualizer.framework/Versions/A/GraphVisualizer
0x00000000021ba000 	/System/Library/Frameworks/MetalPerformanceShaders.framework/Versions/A/MetalPerformanceShaders
0x00000000021ba000 	/usr/lib/libFosl_dynamic.dylib
0x00000000021ba000 	/System/Library/PrivateFrameworks/FaceCore.framework/Versions/A/FaceCore
0x00000000021ba000 	/System/Library/Frameworks/OpenCL.framework/Versions/A/OpenCL
0x00000000021ba000 	/usr/lib/libcompression.dylib
0x00000000021ba000 	/System/Library/Frameworks/ApplicationServices.framework/Versions/A/Frameworks/ATS.framework/Versions/A/Resources/libFontParser.dylib
0x00000000021ba000 	/System/Library/Frameworks/ApplicationServices.framework/Versions/A/Frameworks/ATS.framework/Versions/A/Resources/libFontRegistry.dylib
0x00000000021ba000 	/System/Library/Frameworks/ImageIO.framework/Versions/A/Resources/libJPEG.dylib
0x00000000021ba000 	/System/Library/Frameworks/ImageIO.framework/Versions/A/Resources/libTIFF.dylib
0x00000000021ba000 	/System/Library/Frameworks/ImageIO.framework/Versions/A/Resources/libPng.dylib
0x00000000021ba000 	/System/Library/Frameworks/ImageIO.framework/Versions/A/Resources/libGIF.dylib
0x00000000021ba000 	/System/Library/Frameworks/ImageIO.framework/Versions/A/Resources/libJP2.dylib
0x00000000021ba000 	/System/Library/Frameworks/ImageIO.framework/Versions/A/Resources/libRadiance.dylib
0x00000000021ba000 	/System/Library/PrivateFrameworks/AppleJPEG.framework/Versions/A/AppleJPEG
0x00000000021ba000 	/System/Library/Frameworks/MetalPerformanceShaders.framework/Frameworks/MPSCore.framework/Versions/A/MPSCore
0x00000000021ba000 	/System/Library/Frameworks/MetalPerformanceShaders.framework/Frameworks/MPSImage.framework/Versions/A/MPSImage
0x00000000021ba000 	/System/Library/Frameworks/MetalPerformanceShaders.framework/Frameworks/MPSNeuralNetwork.framework/Versions/A/MPSNeuralNetwork
0x00000000021ba000 	/System/Library/Frameworks/MetalPerformanceShaders.framework/Frameworks/MPSMatrix.framework/Versions/A/MPSMatrix
0x00000000021ba000 	/System/Library/PrivateFrameworks/MetalTools.framework/Versions/A/MetalTools
0x00000000021ba000 	/System/Library/Frameworks/OpenGL.framework/Versions/A/Libraries/libGLU.dylib
0x00000000021ba000 	/System/Library/Frameworks/OpenGL.framework/Versions/A/Libraries/libGFXShared.dylib
0x00000000021ba000 	/System/Library/Frameworks/OpenGL.framework/Versions/A/Libraries/libGL.dylib
0x00000000021ba000 	/System/Library/Frameworks/OpenGL.framework/Versions/A/Libraries/libGLImage.dylib
0x00000000021ba000 	/System/Library/Frameworks/OpenGL.framework/Versions/A/Libraries/libCVMSPluginSupport.dylib
0x00000000021ba000 	/System/Library/Frameworks/OpenGL.framework/Versions/A/Libraries/libCoreVMClient.dylib
0x00000000021ba000 	/usr/lib/libcups.2.dylib
0x00000000021ba000 	/System/Library/Frameworks/Kerberos.framework/Versions/A/Kerberos
0x00000000021ba000 	/System/Library/Frameworks/GSS.framework/Versions/A/GSS
0x00000000021ba000 	/usr/lib/libresolv.9.dylib
0x00000000021ba000 	/usr/lib/libiconv.2.dylib
0x00000000021ba000 	/System/Library/PrivateFrameworks/Heimdal.framework/Versions/A/Heimdal
0x00000000021ba000 	/usr/lib/libheimdal-asn1.dylib
0x00000000021ba000 	/System/Library/Frameworks/OpenDirectory.framework/Versions/A/OpenDirectory
0x00000000021ba000 	/System/Library/PrivateFrameworks/CommonAuth.framework/Versions/A/CommonAuth
0x00000000021ba000 	/System/Library/Frameworks/OpenDirectory.framework/Versions/A/Frameworks/CFOpenDirectory.framework/Versions/A/CFOpenDirectory
0x00000000021ba000 	/System/Library/Frameworks/SecurityFoundation.framework/Versions/A/SecurityFoundation
0x00000000021ba000 	/System/Library/PrivateFrameworks/APFS.framework/Versions/A/APFS
0x00000000021ba000 	/usr/lib/libutil.dylib
0x00000000021ba000 	/System/Library/PrivateFrameworks/AppleSauce.framework/Versions/A/AppleSauce
0x00000000021ba000 	/System/Library/PrivateFrameworks/LinguisticData.framework/Versions/A/LinguisticData
0x00000000021ba000 	/usr/lib/libmarisa.dylib
0x00000000021ba000 	/System/Library/PrivateFrameworks/Lexicon.framework/Versions/A/Lexicon
0x00000000021ba000 	/usr/lib/libChineseTokenizer.dylib
0x00000000021ba000 	/usr/lib/libcmph.dylib
0x00000000021ba000 	/System/Library/PrivateFrameworks/LanguageModeling.framework/Versions/A/LanguageModeling
0x00000000021ba000 	/System/Library/PrivateFrameworks/CoreEmoji.framework/Versions/A/CoreEmoji
0x00000000021ba000 	/System/Library/Frameworks/ServiceManagement.framework/Versions/A/ServiceManagement
0x00000000021ba000 	/System/Library/PrivateFrameworks/BackgroundTaskManagement.framework/Versions/A/BackgroundTaskManagement
0x00000000021ba000 	/usr/lib/libxslt.1.dylib
0x00000000021ba000 	/System/Library/Frameworks/Carbon.framework/Versions/A/Frameworks/Ink.framework/Versions/A/Ink
0x00000000021ba000 	/System/Library/PrivateFrameworks/TextureIO.framework/Versions/A/TextureIO
0x00000000021ba000 	/usr/lib/libate.dylib
0x00000000021ba000 	/System/Library/PrivateFrameworks/CrashReporterSupport.framework/Versions/A/CrashReporterSupport
0x00000000021ba000 	/System/Library/PrivateFrameworks/Sharing.framework/Versions/A/Sharing
0x00000000021ba000 	/System/Library/PrivateFrameworks/IconServices.framework/Versions/A/IconServices
0x00000000021ba000 	/System/Library/PrivateFrameworks/Apple80211.framework/Versions/A/Apple80211
0x00000000021ba000 	/System/Library/PrivateFrameworks/CoreUtils.framework/Versions/A/CoreUtils
0x00000000021ba000 	/System/Library/Frameworks/CoreWLAN.framework/Versions/A/CoreWLAN
0x00000000021ba000 	/System/Library/Frameworks/IOBluetooth.framework/Versions/A/IOBluetooth
0x00000000021ba000 	/System/Library/PrivateFrameworks/ProtocolBuffer.framework/Versions/A/ProtocolBuffer
0x00000000021ba000 	/System/Library/PrivateFrameworks/CoreWiFi.framework/Versions/A/CoreWiFi
0x00000000021ba000 	/System/Library/Frameworks/CoreBluetooth.framework/Versions/A/CoreBluetooth
0x00000000021ba000 	/System/Library/PrivateFrameworks/DebugSymbols.framework/Versions/A/DebugSymbols
0x00000000021ba000 	/System/Library/PrivateFrameworks/CoreSymbolication.framework/Versions/A/CoreSymbolication
0x00000000021ba000 	/System/Library/PrivateFrameworks/Symbolication.framework/Versions/A/Symbolication
0x00000000021ba000 	/System/Library/PrivateFrameworks/AppleFSCompression.framework/Versions/A/AppleFSCompression
0x00000000021ba000 	/System/Library/PrivateFrameworks/SpeechRecognitionCore.framework/Versions/A/SpeechRecognitionCore
0x00000000021ba000 	/System/Library/CoreServices/Encodings/libLatin5Converter.dylib
0x0000000107200000 	/Library/Java/JavaVirtualMachines/jdk1.8.0_131.jdk/Contents/Home/jre/lib/server/libjvm.dylib
0x00000000021ba000 	/usr/lib/libstdc++.6.0.9.dylib
0x00000001069d2000 	/Library/Java/JavaVirtualMachines/jdk1.8.0_131.jdk/Contents/Home/jre/lib/libverify.dylib
0x00000001081a3000 	/Library/Java/JavaVirtualMachines/jdk1.8.0_131.jdk/Contents/Home/jre/lib/libjava.dylib
0x00000001069ea000 	/Library/Java/JavaVirtualMachines/jdk1.8.0_131.jdk/Contents/Home/jre/lib/libzip.dylib
0x00000000021ba000 	/System/Library/Frameworks/JavaVM.framework/Versions/A/Frameworks/JavaRuntimeSupport.framework/Versions/A/JavaRuntimeSupport
0x00000000021ba000 	/System/Library/Frameworks/JavaVM.framework/Versions/A/Frameworks/JavaNativeFoundation.framework/Versions/A/JavaNativeFoundation
0x00000000021ba000 	/System/Library/Frameworks/JavaVM.framework/Versions/A/JavaVM
0x00000000021ba000 	/System/Library/Frameworks/Carbon.framework/Versions/A/Carbon
0x00000000021ba000 	/System/Library/PrivateFrameworks/JavaLaunching.framework/Versions/A/JavaLaunching
0x00000000021ba000 	/System/Library/Frameworks/Carbon.framework/Versions/A/Frameworks/CommonPanels.framework/Versions/A/CommonPanels
0x00000000021ba000 	/System/Library/Frameworks/Carbon.framework/Versions/A/Frameworks/Help.framework/Versions/A/Help
0x00000000021ba000 	/System/Library/Frameworks/Carbon.framework/Versions/A/Frameworks/ImageCapture.framework/Versions/A/ImageCapture
0x00000000021ba000 	/System/Library/Frameworks/Carbon.framework/Versions/A/Frameworks/OpenScripting.framework/Versions/A/OpenScripting
0x00000000021ba000 	/System/Library/Frameworks/Carbon.framework/Versions/A/Frameworks/Print.framework/Versions/A/Print
0x00000000021ba000 	/System/Library/Frameworks/Carbon.framework/Versions/A/Frameworks/SecurityHI.framework/Versions/A/SecurityHI
0x00000001105f9000 	/Library/Java/JavaVirtualMachines/jdk1.8.0_131.jdk/Contents/Home/jre/lib/libprism_es2.dylib
0x00000000021ba000 	/System/Library/PrivateFrameworks/CoreServicesInternal.framework/Versions/A/CoreServicesInternal
0x00000000021ba000 	/System/Library/Frameworks/OpenGL.framework/Versions/A/Resources/GLEngine.bundle/GLEngine
0x00000000021ba000 	/System/Library/Frameworks/OpenGL.framework/Versions/A/Libraries/libGLProgrammability.dylib
0x00000001106a1000 	/System/Library/Extensions/AppleIntelBDWGraphicsGLDriver.bundle/Contents/MacOS/AppleIntelBDWGraphicsGLDriver
0x00000000021ba000 	/System/Library/PrivateFrameworks/GPUSupport.framework/Versions/A/Libraries/libGPUSupportMercury.dylib
0x00000000021ba000 	/System/Library/Frameworks/OpenGL.framework/Versions/A/Resources/GLRendererFloat.bundle/GLRendererFloat
0x00000000021ba000 	/System/Library/Frameworks/OpenCL.framework/Versions/A/Libraries/libcldcpuengine.dylib
0x00000000021ba000 	/usr/lib/libcrypto.35.dylib
0x00000000021ba000 	/System/Library/PrivateFrameworks/TrustEvaluationAgent.framework/Versions/A/TrustEvaluationAgent
0x0000000111221000 	/Library/Java/JavaVirtualMachines/jdk1.8.0_131.jdk/Contents/Home/jre/lib/libglass.dylib
0x00000000021ba000 	/System/Library/CoreServices/RawCamera.bundle/Contents/MacOS/RawCamera
0x00000000021ba000 	/System/Library/PrivateFrameworks/MobileAsset.framework/Versions/A/MobileAsset
0x00000000021ba000 	/System/Library/PrivateFrameworks/StreamingZip.framework/Versions/A/StreamingZip
0x00000000021ba000 	/System/Library/Frameworks/MediaToolbox.framework/Versions/A/MediaToolbox
0x00000000021ba000 	/System/Library/PrivateFrameworks/CoreAVCHD.framework/Versions/A/CoreAVCHD
0x00000000021ba000 	/System/Library/Frameworks/MediaAccessibility.framework/Versions/A/MediaAccessibility
0x00000000021ba000 	/System/Library/PrivateFrameworks/Mangrove.framework/Versions/A/Mangrove
0x00000000021ba000 	/System/Library/Frameworks/CoreMedia.framework/Versions/A/CoreMedia
0x00000000021ba000 	/System/Library/Frameworks/VideoToolbox.framework/Versions/A/VideoToolbox
0x00000000021ba000 	/System/Library/PrivateFrameworks/CoreAUC.framework/Versions/A/CoreAUC
0x00000000021ba000 	/usr/lib/libspindump.dylib
0x00000000021ba000 	/System/Library/PrivateFrameworks/AppleVA.framework/Versions/A/AppleVA
0x00000000021ba000 	/System/Library/Frameworks/Accelerate.framework/Versions/A/Frameworks/vImage.framework/Versions/A/Libraries/libCGInterfaces.dylib
0x00000000021ba000 	/System/Library/PrivateFrameworks/FamilyControls.framework/Versions/A/FamilyControls
0x00000000021ba000 	/System/Library/PrivateFrameworks/CommerceKit.framework/Versions/A/Frameworks/CommerceCore.framework/Versions/A/CommerceCore
0x00000000021ba000 	/System/Library/PrivateFrameworks/SystemAdministration.framework/Versions/A/SystemAdministration
0x00000000021ba000 	/System/Library/PrivateFrameworks/AppContainer.framework/Versions/A/AppContainer
0x00000000021ba000 	/System/Library/PrivateFrameworks/SecCodeWrapper.framework/Versions/A/SecCodeWrapper
0x00000000021ba000 	/System/Library/PrivateFrameworks/DiskManagement.framework/Versions/A/DiskManagement
0x00000000021ba000 	/System/Library/Frameworks/DirectoryService.framework/Versions/A/DirectoryService
0x00000000021ba000 	/System/Library/PrivateFrameworks/DiskImages.framework/Versions/A/DiskImages
0x00000000021ba000 	/System/Library/PrivateFrameworks/LoginUIKit.framework/Versions/A/Frameworks/LoginUICore.framework/Versions/A/LoginUICore
0x00000000021ba000 	/usr/lib/libCoreStorage.dylib
0x00000000021ba000 	/usr/lib/libcsfde.dylib
0x00000000021ba000 	/usr/lib/libodfde.dylib
0x00000000021ba000 	/System/Library/PrivateFrameworks/MediaKit.framework/Versions/A/MediaKit
0x00000000021ba000 	/System/Library/Frameworks/DiscRecording.framework/Versions/A/DiscRecording
0x00000000021ba000 	/System/Library/PrivateFrameworks/EFILogin.framework/Versions/A/EFILogin
0x00000000021ba000 	/System/Library/PrivateFrameworks/ProtectedCloudStorage.framework/Versions/A/ProtectedCloudStorage
0x00000000021ba000 	/usr/lib/libcurl.4.dylib
0x00000000021ba000 	/usr/lib/libssl.35.dylib
0x00000000021ba000 	/System/Library/Frameworks/LDAP.framework/Versions/A/LDAP
0x00000000021ba000 	/usr/lib/libsasl2.2.dylib
0x00000000021ba000 	/System/Library/PrivateFrameworks/CoreDaemon.framework/Versions/B/CoreDaemon
0x00000000021ba000 	/System/Library/PrivateFrameworks/AppleSRP.framework/Versions/A/AppleSRP
0x00000001132a0000 	/usr/local/Cellar/opencv/3.4.1_4/share/OpenCV/java/libopencv_java341.dylib
0x00000001133fb000 	/usr/local/Cellar/opencv/3.4.1_4/lib/libopencv_xphoto.3.4.dylib
0x000000011348b000 	/usr/local/Cellar/opencv/3.4.1_4/lib/libopencv_img_hash.3.4.dylib
0x00000001134a1000 	/usr/local/Cellar/opencv/3.4.1_4/lib/libopencv_bioinspired.3.4.dylib
0x00000001134eb000 	/usr/local/Cellar/opencv/3.4.1_4/lib/libopencv_face.3.4.dylib
0x0000000113594000 	/usr/local/Cellar/opencv/3.4.1_4/lib/libopencv_structured_light.3.4.dylib
0x00000001135ae000 	/usr/local/Cellar/opencv/3.4.1_4/lib/libopencv_xfeatures2d.3.4.dylib
0x000000011389f000 	/usr/local/Cellar/opencv/3.4.1_4/lib/libopencv_ximgproc.3.4.dylib
0x0000000113ad3000 	/usr/local/Cellar/opencv/3.4.1_4/lib/libopencv_aruco.3.4.dylib
0x0000000113b2f000 	/usr/local/Cellar/opencv/3.4.1_4/lib/libopencv_bgsegm.3.4.dylib
0x0000000113b53000 	/usr/local/opt/tbb/lib/libtbb.dylib
0x0000000113b8d000 	/usr/local/Cellar/opencv/3.4.1_4/lib/libopencv_objdetect.3.4.dylib
0x0000000113bfd000 	/usr/local/Cellar/opencv/3.4.1_4/lib/libopencv_photo.3.4.dylib
0x0000000113cc9000 	/usr/local/Cellar/opencv/3.4.1_4/lib/libopencv_tracking.3.4.dylib
0x0000000113eeb000 	/usr/local/Cellar/opencv/3.4.1_4/lib/libopencv_plot.3.4.dylib
0x0000000113ef6000 	/usr/local/Cellar/opencv/3.4.1_4/lib/libopencv_dnn.3.4.dylib
0x00000001142c3000 	/usr/local/Cellar/opencv/3.4.1_4/lib/libopencv_datasets.3.4.dylib
0x000000011180a000 	/usr/local/Cellar/opencv/3.4.1_4/lib/libopencv_phase_unwrapping.3.4.dylib
0x000000011431d000 	/usr/local/Cellar/opencv/3.4.1_4/lib/libopencv_ml.3.4.dylib
0x00000001143d0000 	/usr/local/Cellar/opencv/3.4.1_4/lib/libopencv_shape.3.4.dylib
0x0000000114402000 	/usr/local/Cellar/opencv/3.4.1_4/lib/libopencv_video.3.4.dylib
0x0000000114466000 	/usr/local/Cellar/opencv/3.4.1_4/lib/libopencv_calib3d.3.4.dylib
0x000000011460e000 	/usr/local/Cellar/opencv/3.4.1_4/lib/libopencv_features2d.3.4.dylib
0x00000001146cb000 	/usr/local/Cellar/opencv/3.4.1_4/lib/libopencv_flann.3.4.dylib
0x000000011472a000 	/usr/local/Cellar/opencv/3.4.1_4/lib/libopencv_highgui.3.4.dylib
0x0000000114740000 	/usr/local/Cellar/opencv/3.4.1_4/lib/libopencv_videoio.3.4.dylib
0x0000000114770000 	/usr/local/Cellar/opencv/3.4.1_4/lib/libopencv_imgcodecs.3.4.dylib
0x0000000124fbc000 	/usr/local/Cellar/opencv/3.4.1_4/lib/libopencv_imgproc.3.4.dylib
0x000000011483c000 	/usr/local/Cellar/opencv/3.4.1_4/lib/libopencv_core.3.4.dylib
0x0000000127592000 	/usr/local/opt/ffmpeg/lib/libavcodec.58.dylib
0x000000011549f000 	/usr/local/opt/ffmpeg/lib/libavformat.58.dylib
0x000000011565d000 	/usr/local/opt/ffmpeg/lib/libavutil.56.dylib
0x00000001156b9000 	/usr/local/opt/ffmpeg/lib/libswscale.5.dylib
0x0000000115736000 	/usr/local/opt/ffmpeg/lib/libavresample.4.dylib
0x00000000021ba000 	/System/Library/Frameworks/VideoDecodeAcceleration.framework/Versions/A/VideoDecodeAcceleration
0x00000000021ba000 	/System/Library/Frameworks/AVFoundation.framework/Versions/A/AVFoundation
0x0000000115753000 	/usr/local/opt/libpng/lib/libpng16.16.dylib
0x000000011577f000 	/usr/local/opt/libtiff/lib/libtiff.5.dylib
0x00000001157e8000 	/usr/local/opt/ilmbase/lib/libImath-2_2.12.dylib
0x00000001157f6000 	/usr/local/opt/openexr/lib/libIlmImf-2_2.22.dylib
0x0000000115ad6000 	/usr/local/opt/ilmbase/lib/libIex-2_2.12.dylib
0x0000000115ae8000 	/usr/local/opt/ilmbase/lib/libHalf.12.dylib
0x0000000115b2c000 	/usr/local/opt/ilmbase/lib/libIlmThread-2_2.12.dylib
0x0000000115b34000 	/usr/local/opt/jpeg/lib/libjpeg.9.dylib
0x0000000115b67000 	/usr/local/opt/ilmbase/lib/libIexMath-2_2.12.dylib
0x0000000115b6c000 	/usr/local/Cellar/ffmpeg/4.0/lib/libswresample.3.dylib
0x0000000115b88000 	/usr/local/opt/lame/lib/libmp3lame.0.dylib
0x0000000115bf6000 	/usr/local/opt/x264/lib/libx264.152.dylib
0x00000000021ba000 	/System/Library/Frameworks/AVFoundation.framework/Versions/A/Frameworks/AVFAudio.framework/Versions/A/AVFAudio
0x00000000021ba000 	/System/Library/PrivateFrameworks/IntlPreferences.framework/Versions/A/IntlPreferences
0x00000000021ba000 	/System/Library/Frameworks/CoreMediaIO.framework/Versions/A/CoreMediaIO
0x00000000021ba000 	/System/Library/PrivateFrameworks/RemoteServiceDiscovery.framework/Versions/A/RemoteServiceDiscovery
0x00000000021ba000 	/System/Library/PrivateFrameworks/RemoteXPC.framework/Versions/A/RemoteXPC
0x00000000021ba000 	/System/Library/PrivateFrameworks/InternationalSupport.framework/Versions/A/InternationalSupport
0x0000000115d93000 	/Library/Java/JavaVirtualMachines/jdk1.8.0_131.jdk/Contents/Home/jre/lib/libjavafx_font.dylib
0x00000000021ba000 	/System/Library/Frameworks/ApplicationServices.framework/Versions/A/Frameworks/ATS.framework/Versions/A/Resources/libTrueTypeScaler.dylib
0x00000000021ba000 	/System/Library/Extensions/AppleIntelBDWGraphicsMTLDriver.bundle/Contents/MacOS/AppleIntelBDWGraphicsMTLDriver
0x00000000021ba000 	/System/Library/PrivateFrameworks/GPUCompiler.framework/Versions/3802/Libraries/libmetal_timestamp.dylib
0x00000000021ba000 	/System/Library/PrivateFrameworks/ViewBridge.framework/Versions/A/ViewBridge
0x00000001118e6000 	/Library/Java/JavaVirtualMachines/jdk1.8.0_131.jdk/Contents/Home/jre/lib/libprism_common.dylib
0x00000001119b9000 	/System/Library/Extensions/AppleHDA.kext/Contents/PlugIns/AppleHDAHALPlugIn.bundle/Contents/MacOS/AppleHDAHALPlugIn
0x000000012f839000 	/Library/CoreMediaIO/Plug-Ins/DAL/AppleCamera.plugin/Contents/MacOS/AppleCamera
0x000000012f864000 	/System/Library/Frameworks/CoreMediaIO.framework/Resources/VDC.plugin/Contents/MacOS/VDC
0x000000012f896000 	/System/Library/Frameworks/CoreMediaIO.framework/Resources/CMIOUnits.bundle/Contents/MacOS/CMIOUnits
0x00000000021ba000 	/System/Library/PrivateFrameworks/FWAVC.framework/Versions/A/FWAVC
0x00000000021ba000 	/System/Library/PrivateFrameworks/AppleGVA.framework/Versions/A/AppleGVA
0x000000012fb0a000 	/usr/local/opt/tbb/lib/libtbbmalloc.dylib
0x000000013003a000 	/Library/Java/JavaVirtualMachines/jdk1.8.0_131.jdk/Contents/Home/jre/lib/libawt.dylib
0x00000001300e2000 	/Library/Java/JavaVirtualMachines/jdk1.8.0_131.jdk/Contents/Home/jre/lib/./libmlib_image.dylib
0x00000001301ae000 	/Library/Java/JavaVirtualMachines/jdk1.8.0_131.jdk/Contents/Home/jre/lib/libawt_lwawt.dylib
0x0000000130265000 	/Library/Java/JavaVirtualMachines/jdk1.8.0_131.jdk/Contents/Home/jre/lib/./libosxapp.dylib
0x00000000021ba000 	/System/Library/Frameworks/ExceptionHandling.framework/Versions/A/ExceptionHandling
0x00000001335c5000 	/Library/Java/JavaVirtualMachines/jdk1.8.0_131.jdk/Contents/Home/jre/lib/libsunec.dylib
0x00000001335ed000 	/Library/Java/JavaVirtualMachines/jdk1.8.0_131.jdk/Contents/Home/jre/lib/libnet.dylib
0x0000000133604000 	/Library/Java/JavaVirtualMachines/jdk1.8.0_131.jdk/Contents/Home/jre/lib/libnio.dylib

VM Arguments:
jvm_args: -Djava.library.path=/usr/local/Cellar/opencv/3.4.1_4/share/OpenCV/java -Dfile.encoding=UTF-8 
java_command: it.polito.teaching.cv.ObjRecognition
java_class_path (initial): /Library/Java/JavaVirtualMachines/jdk1.8.0_131.jdk/Contents/Home/jre/lib/resources.jar:/Library/Java/JavaVirtualMachines/jdk1.8.0_131.jdk/Contents/Home/jre/lib/rt.jar:/Library/Java/JavaVirtualMachines/jdk1.8.0_131.jdk/Contents/Home/jre/lib/jsse.jar:/Library/Java/JavaVirtualMachines/jdk1.8.0_131.jdk/Contents/Home/jre/lib/jce.jar:/Library/Java/JavaVirtualMachines/jdk1.8.0_131.jdk/Contents/Home/jre/lib/charsets.jar:/Library/Java/JavaVirtualMachines/jdk1.8.0_131.jdk/Contents/Home/jre/lib/jfr.jar:/Library/Java/JavaVirtualMachines/jdk1.8.0_131.jdk/Contents/Home/jre/lib/ext/sunec.jar:/Library/Java/JavaVirtualMachines/jdk1.8.0_131.jdk/Contents/Home/jre/lib/ext/nashorn.jar:/Library/Java/JavaVirtualMachines/jdk1.8.0_131.jdk/Contents/Home/jre/lib/ext/cldrdata.jar:/Library/Java/JavaVirtualMachines/jdk1.8.0_131.jdk/Contents/Home/jre/lib/ext/jfxrt.jar:/Library/Java/JavaVirtualMachines/jdk1.8.0_131.jdk/Contents/Home/jre/lib/ext/dnsns.jar:/Library/Java/JavaVirtualMachines/jdk1.8.0_131.jdk/Contents/Home/jre/lib/ext/localedata.jar:/Library/Java/JavaVirtualMachines/jdk1.8.0_131.jdk/Contents/Home/jre/lib/ext/sunjce_provider.jar:/Library/Java/JavaVirtualMachines/jdk1.8.0_131.jdk/Contents/Home/jre/lib/ext/sunpkcs11.jar:/Library/Java/JavaVirtualMachines/jdk1.8.0_131.jdk/Contents/Home/jre/lib/ext/jaccess.jar:/Library/Java/JavaVirtualMachines/jdk1.8.0_131.jdk/Contents/Home/jre/lib/ext/zipfs.jar:/System/Library/Java/Extensions/MRJToolkit.jar:/Users/detay/Downloads/object-detection-master/target/classes:/Users/detay/Downloads/object-detection-master/lib/opencv-341.jar:/Users/detay/.m2/repository/com/mashape/unirest/unirest-java/1.4.9/unirest-java-1.4.9.jar:/Users/detay/.m2/repository/org/apache/httpcomponents/httpclient/4.3.6/httpclient-4.3.6.jar:/Users/detay/.m2/repository/org/apache/httpcomponents/httpcore/4.3.3/httpcore-4.3.3.jar:/Users/detay/.m2/repository/commons-logging/commons-logging/1.1.3/commons-logging-1.1.3.jar:/Users/detay/.m2/repository/commons-codec
Launcher Type: SUN_STANDARD

Environment Variables:
PATH=/usr/bin:/bin:/usr/sbin:/sbin
SHELL=/bin/bash

Signal Handlers:
SIGSEGV: [libjvm.dylib+0x5b1eb1], sa_mask[0]=11111111011111110111111111111111, sa_flags=SA_ONSTACK|SA_RESTART|SA_SIGINFO
SIGBUS: [libjvm.dylib+0x5b1eb1], sa_mask[0]=11111111011111110111111111111111, sa_flags=SA_RESTART|SA_SIGINFO
SIGFPE: [libjvm.dylib+0x488988], sa_mask[0]=11111111011111110111111111111111, sa_flags=SA_RESTART|SA_SIGINFO
SIGPIPE: [libjvm.dylib+0x488988], sa_mask[0]=11111111011111110111111111111111, sa_flags=SA_RESTART|SA_SIGINFO
SIGXFSZ: [libjvm.dylib+0x488988], sa_mask[0]=11111111011111110111111111111111, sa_flags=SA_RESTART|SA_SIGINFO
SIGILL: [libjvm.dylib+0x488988], sa_mask[0]=11111111011111110111111111111111, sa_flags=SA_RESTART|SA_SIGINFO
SIGUSR1: SIG_DFL, sa_mask[0]=00000000000000000000000000000000, sa_flags=none
SIGUSR2: [libjvm.dylib+0x4884a6], sa_mask[0]=00100000000000000000000000000000, sa_flags=SA_RESTART|SA_SIGINFO
SIGHUP: [libjvm.dylib+0x486a7d], sa_mask[0]=11111111011111110111111111111111, sa_flags=SA_RESTART|SA_SIGINFO
SIGINT: [libjvm.dylib+0x486a7d], sa_mask[0]=11111111011111110111111111111111, sa_flags=SA_RESTART|SA_SIGINFO
SIGTERM: [libjvm.dylib+0x486a7d], sa_mask[0]=11111111011111110111111111111111, sa_flags=SA_RESTART|SA_SIGINFO
SIGQUIT: [libjvm.dylib+0x486a7d], sa_mask[0]=11111111011111110111111111111111, sa_flags=SA_RESTART|SA_SIGINFO


---------------  S Y S T E M  ---------------

OS:Bsduname:Darwin 17.5.0 Darwin Kernel Version 17.5.0: Mon Mar  5 22:24:32 PST 2018; root:xnu-4570.51.1~1/RELEASE_X86_64 x86_64
rlimit: STACK 8192k, CORE 0k, NPROC 709, NOFILE 10240, AS infinity
load average:7.23 4.24 3.42

CPU:total 4 (initial active 4) (2 cores per cpu, 2 threads per core) family 6 model 61 stepping 4, cmov, cx8, fxsr, mmx, sse, sse2, sse3, ssse3, sse4.1, sse4.2, popcnt, avx, avx2, aes, clmul, erms, 3dnowpref, lzcnt, ht, tsc, tscinvbit, bmi1, bmi2, adx

Memory: 4k page, physical 8388608k(2406124k free)

/proc/meminfo:


vm_info: Java HotSpot(TM) 64-Bit Server VM (25.131-b11) for bsd-amd64 JRE (1.8.0_131-b11), built on Mar 15 2017 01:32:22 by "java_re" with gcc 4.2.1 (Based on Apple Inc. build 5658) (LLVM build 2336.11.00)

time: Sun Jun  3 10:23:45 2018
elapsed time: 4764 seconds (0d 1h 19m 24s)

