#
# A fatal error has been detected by the Java Runtime Environment:
#
#  SIGSEGV (0xb) at pc=0x00007fff6bacbe97, pid=20847, tid=0x0000000000028a03
#
# JRE version: Java(TM) SE Runtime Environment (8.0_131-b11) (build 1.8.0_131-b11)
# Java VM: Java HotSpot(TM) 64-Bit Server VM (25.131-b11 mixed mode bsd-amd64 compressed oops)
# Problematic frame:
# C  [libobjc.A.dylib+0x6e97]  objc_msgSend+0x17
#
# Failed to write core dump. Core dumps have been disabled. To enable core dumping, try "ulimit -c unlimited" before starting Java again
#
# If you would like to submit a bug report, please visit:
#   http://bugreport.java.com/bugreport/crash.jsp
# The crash happened outside the Java Virtual Machine in native code.
# See problematic frame for where to report the bug.
#

---------------  T H R E A D  ---------------

Current thread (0x00007f87e2214000):  JavaThread "pool-2-thread-1" [_thread_in_native, id=166403, stack(0x0000700005a32000,0x0000700005b32000)]

siginfo: si_signo: 11 (SIGSEGV), si_code: 1 (SEGV_MAPERR), si_addr: 0x00000000c3000002

Registers:
RAX=0x0000000000000000, RBX=0x00007f87e2e673d0, RCX=0x0000000000000000, RDX=0x0000000021000001
RSP=0x0000700005b31348, RBP=0x0000700005b31370, RSI=0x00007fff4260b377, RDI=0x00000000c3000002
R8 =0x0000000000007f00, R9 =0x00007f87e2e67598, R10=0x00007ffffffffff8, R11=0x00007f87e2e6759c
R12=0x0000000000000010, R13=0x0000700005b31818, R14=0x0000000000000000, R15=0x0000000000000008
RIP=0x00007fff6bacbe97, EFLAGS=0x0000000000010246, ERR=0x0000000000000004
  TRAPNO=0x000000000000000e

Top of Stack: (sp=0x0000700005b31348)
0x0000700005b31348:   0000000111cebbb3 00007fff6bacbe80
0x0000700005b31358:   0000000000000000 00007f87e04b5c00
0x0000700005b31368:   00007f87e2e523f0 0000700005b313a0
0x0000700005b31378:   0000000111ceb321 3ff0000000000000
0x0000700005b31388:   00007f87e0775210 0000700005b31418
0x0000700005b31398:   00007f87e2214000 0000700005b313d0
0x0000700005b313a8:   0000000111cde258 0000000000000000
0x0000700005b313b8:   0000000000000000 0000700000000000
0x0000700005b313c8:   00007f87e0775210 0000700005b31400
0x0000700005b313d8:   0000000111cde5ea 0000000000000000
0x0000700005b313e8:   00007f8700000000 00007f87e22141f8
0x0000700005b313f8:   0000700005b31480 0000700005b31440
0x0000700005b31408:   000000011088e3b2 0000700005b31430
0x0000700005b31418:   00007fff02010000 00007f87e0745cc0
0x0000700005b31428:   0000000000000000 000000012697ea28
0x0000700005b31438:   0000700005b31480 0000700005b31490
0x0000700005b31448:   0000000113ae54f6 00000007959fa438
0x0000700005b31458:   0000000040200021 0000700005b31490
0x0000700005b31468:   0000700005b31490 0000000135db6430
0x0000700005b31478:   00000007c00cd428 000000074053bdd0
0x0000700005b31488:   00000007959fa438 00000000e808e9cc
0x0000700005b31498:   0000000113ae652c 00007f87e2214000
0x0000700005b314a8:   0000000000025802 0000700005b314f0
0x0000700005b314b8:   00025802048b2dac 000000079a6af028
0x0000700005b314c8:   00007f87e2214000 00007f87e064fbf0
0x0000700005b314d8:   0000000000000000 00007f87e064fc0c
0x0000700005b314e8:   000000007fffff80 0000000000000000
0x0000700005b314f8:   00007f87e064fbf0 0000700005b31560
0x0000700005b31508:   00007fff6ca0d7a7 0000700005b31560
0x0000700005b31518:   00007f87e064fbf0 0000000000000000
0x0000700005b31528:   0000000000000280 0000000000000000
0x0000700005b31538:   00007f87e064fbb0 0000000000000000 

Instructions: (pc=0x00007fff6bacbe97)
0x00007fff6bacbe77:   84 00 00 00 00 00 0f 1f 00 48 85 ff 2e 74 62 40
0x00007fff6bacbe87:   f6 c7 01 2e 75 66 49 ba f8 ff ff ff ff 7f 00 00
0x00007fff6bacbe97:   4c 23 17 49 89 f3 45 23 5a 18 49 c1 e3 04 4d 03
0x00007fff6bacbea7:   5a 10 49 3b 33 75 04 41 ff 63 08 49 83 3b 01 76 

Register to memory mapping:

RAX=0x0000000000000000 is an unknown value
RBX=0x00007f87e2e673d0 is an unknown value
RCX=0x0000000000000000 is an unknown value
RDX=0x0000000021000001 is an unknown value
RSP=0x0000700005b31348 is pointing into the stack for thread: 0x00007f87e2214000
RBP=0x0000700005b31370 is pointing into the stack for thread: 0x00007f87e2214000
RSI=0x00007fff4260b377: .str.41.llvm.DC87FEEF+0x418ba in /System/Library/Frameworks/AppKit.framework/Versions/C/AppKit at 0x00007fff41933000
RDI=0x00000000c3000002 is an unknown value
R8 =0x0000000000007f00 is an unknown value
R9 =0x00007f87e2e67598 is an unknown value
R10=0x00007ffffffffff8 is an unknown value
R11=0x00007f87e2e6759c is an unknown value
R12=0x0000000000000010 is an unknown value
R13=0x0000700005b31818 is pointing into the stack for thread: 0x00007f87e2214000
R14=0x0000000000000000 is an unknown value
R15=0x0000000000000008 is an unknown value


Stack: [0x0000700005a32000,0x0000700005b32000],  sp=0x0000700005b31348,  free space=1020k
Native frames: (J=compiled Java code, j=interpreted, Vv=VM code, C=native code)
C  [libobjc.A.dylib+0x6e97]  objc_msgSend+0x17
C  [libopencv_videoio.3.4.dylib+0x16321]  _ZN12CvCaptureCAM9grabFrameEd+0x5d
C  [libopencv_videoio.3.4.dylib+0x9258]  _ZN2cv12VideoCapture4grabEv+0x3e
C  [libopencv_videoio.3.4.dylib+0x95ea]  _ZN2cv12VideoCapture4readERKNS_12_OutputArrayE+0x2a
C  [libopencv_java341.dylib+0x593b2]  Java_org_opencv_videoio_VideoCapture_read_10+0x30
J 2802  org.opencv.videoio.VideoCapture.read_0(JJ)Z (0 bytes) @ 0x0000000113ae54f6 [0x0000000113ae5440+0xb6]
J 2800 C1 it.polito.teaching.cv.ObjRecognitionController.grabFrame()Lorg/opencv/core/Mat; (398 bytes) @ 0x0000000113ae652c [0x0000000113ae6260+0x2cc]
J 3466 C2 java.util.concurrent.FutureTask.runAndReset()Z (128 bytes) @ 0x00000001137d6254 [0x00000001137d6160+0xf4]
J 2795 C1 java.util.concurrent.ScheduledThreadPoolExecutor$ScheduledFutureTask.run()V (59 bytes) @ 0x0000000113ad3714 [0x0000000113ad31e0+0x534]
j  java.util.concurrent.ThreadPoolExecutor.runWorker(Ljava/util/concurrent/ThreadPoolExecutor$Worker;)V+95
j  java.util.concurrent.ThreadPoolExecutor$Worker.run()V+5
j  java.lang.Thread.run()V+11
v  ~StubRoutines::call_stub
V  [libjvm.dylib+0x2ee5b6]
V  [libjvm.dylib+0x2eed5a]
V  [libjvm.dylib+0x2eef06]
V  [libjvm.dylib+0x34965d]
V  [libjvm.dylib+0x56b87f]
V  [libjvm.dylib+0x56cf6c]
V  [libjvm.dylib+0x48b376]
C  [libsystem_pthread.dylib+0x3661]  _pthread_body+0x154
C  [libsystem_pthread.dylib+0x350d]  _pthread_body+0x0
C  [libsystem_pthread.dylib+0x2bf9]  thread_start+0xd
C  0x0000000000000000

Java frames: (J=compiled Java code, j=interpreted, Vv=VM code)
J 2802  org.opencv.videoio.VideoCapture.read_0(JJ)Z (0 bytes) @ 0x0000000113ae5484 [0x0000000113ae5440+0x44]
J 2800 C1 it.polito.teaching.cv.ObjRecognitionController.grabFrame()Lorg/opencv/core/Mat; (398 bytes) @ 0x0000000113ae652c [0x0000000113ae6260+0x2cc]
J 3466 C2 java.util.concurrent.FutureTask.runAndReset()Z (128 bytes) @ 0x00000001137d6254 [0x00000001137d6160+0xf4]
J 2795 C1 java.util.concurrent.ScheduledThreadPoolExecutor$ScheduledFutureTask.run()V (59 bytes) @ 0x0000000113ad3714 [0x0000000113ad31e0+0x534]
j  java.util.concurrent.ThreadPoolExecutor.runWorker(Ljava/util/concurrent/ThreadPoolExecutor$Worker;)V+95
j  java.util.concurrent.ThreadPoolExecutor$Worker.run()V+5
j  java.lang.Thread.run()V+11
v  ~StubRoutines::call_stub

---------------  P R O C E S S  ---------------

Java Threads: ( => current thread )
  0x00007f87e1004800 JavaThread "DestroyJavaVM" [_thread_blocked, id=9987, stack(0x00007000038e1000,0x00007000039e1000)]
  0x00007f87e697e800 JavaThread "Thread-6" daemon [_thread_blocked, id=142207, stack(0x0000700005dbe000,0x0000700005ebe000)]
  0x00007f87e235e800 JavaThread "Java2D Disposer" daemon [_thread_blocked, id=141843, stack(0x0000700005c38000,0x0000700005d38000)]
  0x00007f87e1a7a800 JavaThread "Java2D Queue Flusher" daemon [_thread_blocked, id=141063, stack(0x0000700005b35000,0x0000700005c35000)]
=>0x00007f87e2214000 JavaThread "pool-2-thread-1" [_thread_in_native, id=166403, stack(0x0000700005a32000,0x0000700005b32000)]
  0x00007f87e21b7000 JavaThread "Prism Font Disposer" daemon [_thread_blocked, id=48139, stack(0x0000700004b1a000,0x0000700004c1a000)]
  0x00007f87e2109000 JavaThread "Thread-3" daemon [_thread_in_native, id=30723, stack(0x0000700004911000,0x0000700004991000)]
  0x00007f87e10ed000 JavaThread "Thread-1" daemon [_thread_blocked, id=24075, stack(0x000070000480e000,0x000070000490e000)]
  0x00007f87e0813800 JavaThread "Service Thread" daemon [_thread_blocked, id=13827, stack(0x0000700004505000,0x0000700004605000)]
  0x00007f87e0811000 JavaThread "C1 CompilerThread2" daemon [_thread_blocked, id=17155, stack(0x0000700004402000,0x0000700004502000)]
  0x00007f87e0810000 JavaThread "C2 CompilerThread1" daemon [_thread_blocked, id=17667, stack(0x00007000042ff000,0x00007000043ff000)]
  0x00007f87e080e800 JavaThread "C2 CompilerThread0" daemon [_thread_blocked, id=17923, stack(0x00007000041fc000,0x00007000042fc000)]
  0x00007f87e0820000 JavaThread "Signal Dispatcher" daemon [_thread_blocked, id=18435, stack(0x00007000040f9000,0x00007000041f9000)]
  0x00007f87e180c800 JavaThread "Finalizer" daemon [_thread_blocked, id=20739, stack(0x0000700003ff6000,0x00007000040f6000)]
  0x00007f87e101a000 JavaThread "Reference Handler" daemon [_thread_blocked, id=12035, stack(0x0000700003ef3000,0x0000700003ff3000)]

Other Threads:
  0x00007f87e1019000 VMThread [stack: 0x0000700003df0000,0x0000700003ef0000] [id=21251]
  0x00007f87e0816800 WatcherThread [stack: 0x0000700004608000,0x0000700004708000] [id=14083]

VM state:not at safepoint (normal execution)

VM Mutex/Monitor currently owned by a thread: None

Heap:
 PSYoungGen      total 188928K, used 92781K [0x0000000795580000, 0x00000007a2380000, 0x00000007c0000000)
  eden space 177664K, 48% used [0x0000000795580000,0x000000079aa625e8,0x00000007a0300000)
  from space 11264K, 52% used [0x00000007a0300000,0x00000007a08b9050,0x00000007a0e00000)
  to   space 10752K, 0% used [0x00000007a1900000,0x00000007a1900000,0x00000007a2380000)
 ParOldGen       total 105472K, used 104142K [0x0000000740000000, 0x0000000746700000, 0x0000000795580000)
  object space 105472K, 98% used [0x0000000740000000,0x00000007465b3b58,0x0000000746700000)
 Metaspace       used 22561K, capacity 23264K, committed 23424K, reserved 1069056K
  class space    used 2914K, capacity 3119K, committed 3200K, reserved 1048576K

Card table byte_map: [0x0000000105bac000,0x0000000105fad000] byte_map_base: 0x00000001021ac000

Marking Bits: (ParMarkBitMap*) 0x00000001050f1ea0
 Begin Bits: [0x0000000106258000, 0x0000000108258000)
 End Bits:   [0x0000000108258000, 0x000000010a258000)

Polling page: 0x0000000103ff3000

CodeCache: size=245760Kb used=8963Kb max_used=9536Kb free=236796Kb
 bounds [0x0000000113294000, 0x0000000113bf4000, 0x0000000122294000]
 total_blobs=3913 nmethods=2980 adapters=845
 compilation: enabled

Compilation events (10 events):
Event: 287.730 Thread 0x00007f87e0810000 3492       4       javafx.geometry.Point3D::<init> (26 bytes)
Event: 287.730 Thread 0x00007f87e0810000 nmethod 3492 0x0000000113625890 code [0x00000001136259e0, 0x0000000113625a58]
Event: 287.738 Thread 0x00007f87e0811000 3493       1       javafx.scene.Scene$ClickCounter::isStill (5 bytes)
Event: 287.739 Thread 0x00007f87e0811000 nmethod 3493 0x00000001139e8f10 code [0x00000001139e9060, 0x00000001139e9170]
Event: 287.884 Thread 0x00007f87e0811000 3494       3       javafx.scene.input.PickResult::<init> (53 bytes)
Event: 287.885 Thread 0x00007f87e0811000 nmethod 3494 0x00000001135855d0 code [0x00000001135857c0, 0x0000000113586038]
Event: 288.586 Thread 0x00007f87e080e800 3496       4       com.sun.javafx.application.PlatformImpl$$Lambda$48/1364335809::get$Lambda (10 bytes)
Event: 288.587 Thread 0x00007f87e080e800 nmethod 3496 0x000000011373f810 code [0x000000011373f960, 0x000000011373fa38]
Event: 288.588 Thread 0x00007f87e0810000 3497   !   4       com.sun.javafx.application.PlatformImpl::waitForStart (26 bytes)
Event: 288.589 Thread 0x00007f87e0810000 nmethod 3497 0x0000000113758810 code [0x0000000113758960, 0x00000001137589f8]

GC Heap History (10 events):
Event: 284.154 GC heap before
{Heap before GC invocations=373 (full 24):
 PSYoungGen      total 165888K, used 162956K [0x0000000795580000, 0x00000007a0280000, 0x00000007c0000000)
  eden space 157696K, 100% used [0x0000000795580000,0x000000079ef80000,0x000000079ef80000)
  from space 8192K, 64% used [0x000000079fa80000,0x000000079ffa3050,0x00000007a0280000)
  to   space 9728K, 0% used [0x000000079ef80000,0x000000079ef80000,0x000000079f900000)
 ParOldGen       total 88064K, used 86741K [0x0000000740000000, 0x0000000745600000, 0x0000000795580000)
  object space 88064K, 98% used [0x0000000740000000,0x00000007454b5450,0x0000000745600000)
 Metaspace       used 22529K, capacity 23214K, committed 23424K, reserved 1069056K
  class space    used 2908K, capacity 3108K, committed 3200K, reserved 1048576K
Event: 284.158 GC heap after
Heap after GC invocations=373 (full 24):
 PSYoungGen      total 167424K, used 7660K [0x0000000795580000, 0x00000007a0e00000, 0x00000007c0000000)
  eden space 157696K, 0% used [0x0000000795580000,0x0000000795580000,0x000000079ef80000)
  from space 9728K, 78% used [0x000000079ef80000,0x000000079f6fb070,0x000000079f900000)
  to   space 10240K, 0% used [0x00000007a0400000,0x00000007a0400000,0x00000007a0e00000)
 ParOldGen       total 88064K, used 86741K [0x0000000740000000, 0x0000000745600000, 0x0000000795580000)
  object space 88064K, 98% used [0x0000000740000000,0x00000007454b5450,0x0000000745600000)
 Metaspace       used 22529K, capacity 23214K, committed 23424K, reserved 1069056K
  class space    used 2908K, capacity 3108K, committed 3200K, reserved 1048576K
}
Event: 284.739 GC heap before
{Heap before GC invocations=374 (full 24):
 PSYoungGen      total 167424K, used 165356K [0x0000000795580000, 0x00000007a0e00000, 0x00000007c0000000)
  eden space 157696K, 100% used [0x0000000795580000,0x000000079ef80000,0x000000079ef80000)
  from space 9728K, 78% used [0x000000079ef80000,0x000000079f6fb070,0x000000079f900000)
  to   space 10240K, 0% used [0x00000007a0400000,0x00000007a0400000,0x00000007a0e00000)
 ParOldGen       total 105472K, used 104142K [0x0000000740000000, 0x0000000746700000, 0x0000000795580000)
  object space 105472K, 98% used [0x0000000740000000,0x00000007465b3b58,0x0000000746700000)
 Metaspace       used 22529K, capacity 23214K, committed 23424K, reserved 1069056K
  class space    used 2908K, capacity 3108K, committed 3200K, reserved 1048576K
Event: 284.740 GC heap after
Heap after GC invocations=374 (full 24):
 PSYoungGen      total 177664K, used 128K [0x0000000795580000, 0x00000007a0e00000, 0x00000007c0000000)
  eden space 167424K, 0% used [0x0000000795580000,0x0000000795580000,0x000000079f900000)
  from space 10240K, 1% used [0x00000007a0400000,0x00000007a0420000,0x00000007a0e00000)
  to   space 10752K, 0% used [0x000000079f900000,0x000000079f900000,0x00000007a0380000)
 ParOldGen       total 105472K, used 104142K [0x0000000740000000, 0x0000000746700000, 0x0000000795580000)
  object space 105472K, 98% used [0x0000000740000000,0x00000007465b3b58,0x0000000746700000)
 Metaspace       used 22529K, capacity 23214K, committed 23424K, reserved 1069056K
  class space    used 2908K, capacity 3108K, committed 3200K, reserved 1048576K
}
Event: 285.273 GC heap before
{Heap before GC invocations=375 (full 24):
 PSYoungGen      total 177664K, used 166726K [0x0000000795580000, 0x00000007a0e00000, 0x00000007c0000000)
  eden space 167424K, 99% used [0x0000000795580000,0x000000079f831ad0,0x000000079f900000)
  from space 10240K, 1% used [0x00000007a0400000,0x00000007a0420000,0x00000007a0e00000)
  to   space 10752K, 0% used [0x000000079f900000,0x000000079f900000,0x00000007a0380000)
 ParOldGen       total 105472K, used 104142K [0x0000000740000000, 0x0000000746700000, 0x0000000795580000)
  object space 105472K, 98% used [0x0000000740000000,0x00000007465b3b58,0x0000000746700000)
 Metaspace       used 22529K, capacity 23214K, committed 23424K, reserved 1069056K
  class space    used 2908K, capacity 3108K, committed 3200K, reserved 1048576K
Event: 285.276 GC heap after
Heap after GC invocations=375 (full 24):
 PSYoungGen      total 178176K, used 6160K [0x0000000795580000, 0x00000007a1880000, 0x00000007c0000000)
  eden space 167424K, 0% used [0x0000000795580000,0x0000000795580000,0x000000079f900000)
  from space 10752K, 57% used [0x000000079f900000,0x000000079ff04050,0x00000007a0380000)
  to   space 10752K, 0% used [0x00000007a0e00000,0x00000007a0e00000,0x00000007a1880000)
 ParOldGen       total 105472K, used 104142K [0x0000000740000000, 0x0000000746700000, 0x0000000795580000)
  object space 105472K, 98% used [0x0000000740000000,0x00000007465b3b58,0x0000000746700000)
 Metaspace       used 22529K, capacity 23214K, committed 23424K, reserved 1069056K
  class space    used 2908K, capacity 3108K, committed 3200K, reserved 1048576K
}
Event: 285.958 GC heap before
{Heap before GC invocations=376 (full 24):
 PSYoungGen      total 178176K, used 172754K [0x0000000795580000, 0x00000007a1880000, 0x00000007c0000000)
  eden space 167424K, 99% used [0x0000000795580000,0x000000079f830ba0,0x000000079f900000)
  from space 10752K, 57% used [0x000000079f900000,0x000000079ff04050,0x00000007a0380000)
  to   space 10752K, 0% used [0x00000007a0e00000,0x00000007a0e00000,0x00000007a1880000)
 ParOldGen       total 105472K, used 104142K [0x0000000740000000, 0x0000000746700000, 0x0000000795580000)
  object space 105472K, 98% used [0x0000000740000000,0x00000007465b3b58,0x0000000746700000)
 Metaspace       used 22529K, capacity 23214K, committed 23424K, reserved 1069056K
  class space    used 2908K, capacity 3108K, committed 3200K, reserved 1048576K
Event: 285.963 GC heap after
Heap after GC invocations=376 (full 24):
 PSYoungGen      total 188416K, used 8560K [0x0000000795580000, 0x00000007a1a80000, 0x00000007c0000000)
  eden space 177664K, 0% used [0x0000000795580000,0x0000000795580000,0x00000007a0300000)
  from space 10752K, 79% used [0x00000007a0e00000,0x00000007a165c070,0x00000007a1880000)
  to   space 11264K, 0% used [0x00000007a0300000,0x00000007a0300000,0x00000007a0e00000)
 ParOldGen       total 105472K, used 104142K [0x0000000740000000, 0x0000000746700000, 0x0000000795580000)
  object space 105472K, 98% used [0x0000000740000000,0x00000007465b3b58,0x0000000746700000)
 Metaspace       used 22529K, capacity 23214K, committed 23424K, reserved 1069056K
  class space    used 2908K, capacity 3108K, committed 3200K, reserved 1048576K
}
Event: 287.225 GC heap before
{Heap before GC invocations=377 (full 24):
 PSYoungGen      total 188416K, used 185570K [0x0000000795580000, 0x00000007a1a80000, 0x00000007c0000000)
  eden space 177664K, 99% used [0x0000000795580000,0x00000007a025c948,0x00000007a0300000)
  from space 10752K, 79% used [0x00000007a0e00000,0x00000007a165c070,0x00000007a1880000)
  to   space 11264K, 0% used [0x00000007a0300000,0x00000007a0300000,0x00000007a0e00000)
 ParOldGen       total 105472K, used 104142K [0x0000000740000000, 0x0000000746700000, 0x0000000795580000)
  object space 105472K, 98% used [0x0000000740000000,0x00000007465b3b58,0x0000000746700000)
 Metaspace       used 22529K, capacity 23214K, committed 23424K, reserved 1069056K
  class space    used 2908K, capacity 3108K, committed 3200K, reserved 1048576K
Event: 287.230 GC heap after
Heap after GC invocations=377 (full 24):
 PSYoungGen      total 188928K, used 5860K [0x0000000795580000, 0x00000007a2380000, 0x00000007c0000000)
  eden space 177664K, 0% used [0x0000000795580000,0x0000000795580000,0x00000007a0300000)
  from space 11264K, 52% used [0x00000007a0300000,0x00000007a08b9050,0x00000007a0e00000)
  to   space 10752K, 0% used [0x00000007a1900000,0x00000007a1900000,0x00000007a2380000)
 ParOldGen       total 105472K, used 104142K [0x0000000740000000, 0x0000000746700000, 0x0000000795580000)
  object space 105472K, 98% used [0x0000000740000000,0x00000007465b3b58,0x0000000746700000)
 Metaspace       used 22529K, capacity 23214K, committed 23424K, reserved 1069056K
  class space    used 2908K, capacity 3108K, committed 3200K, reserved 1048576K
}

Deoptimization events (10 events):
Event: 288.562 Thread 0x00007f87e1053800 Uncommon trap: reason=bimorphic action=maybe_recompile pc=0x00000001137d67f0 method=java.util.concurrent.Executors$RunnableAdapter.call()Ljava/lang/Object; @ 4
Event: 288.562 Thread 0x00007f87e1053800 Uncommon trap: reason=class_check action=maybe_recompile pc=0x00000001134e1860 method=com.sun.prism.es2.ES2TextureData.dispose()V @ 8
Event: 288.576 Thread 0x00007f87e20b5000 Uncommon trap: reason=bimorphic action=maybe_recompile pc=0x000000011355f9a0 method=com.sun.javafx.application.PlatformImpl.lambda$null$173(Ljava/lang/Runnable;)Ljava/lang/Void; @ 1
Event: 288.576 Thread 0x00007f87e20b5000 Uncommon trap: reason=unstable_if action=reinterpret pc=0x0000000113b0a7cc method=com.sun.javafx.application.PlatformImpl.checkIdle()V @ 40
Event: 288.585 Thread 0x00007f87e20b5000 Uncommon trap: reason=bimorphic action=maybe_recompile pc=0x000000011355f9a0 method=com.sun.javafx.application.PlatformImpl.lambda$null$173(Ljava/lang/Runnable;)Ljava/lang/Void; @ 1
Event: 288.586 Thread 0x00007f87e20b5000 Uncommon trap: reason=bimorphic action=maybe_recompile pc=0x000000011355f9a0 method=com.sun.javafx.application.PlatformImpl.lambda$null$173(Ljava/lang/Runnable;)Ljava/lang/Void; @ 1
Event: 288.586 Thread 0x00007f87e1119800 Uncommon trap: reason=unstable_if action=reinterpret pc=0x00000001135c850c method=com.sun.javafx.application.PlatformImpl.runLater(Ljava/lang/Runnable;Z)V @ 48
Event: 288.586 Thread 0x00007f87e20b5000 Uncommon trap: reason=bimorphic action=maybe_recompile pc=0x000000011355f9a0 method=com.sun.javafx.application.PlatformImpl.lambda$null$173(Ljava/lang/Runnable;)Ljava/lang/Void; @ 1
Event: 288.588 Thread 0x00007f87e1053800 Uncommon trap: reason=unstable_if action=reinterpret pc=0x0000000113b08c10 method=java.util.concurrent.locks.AbstractQueuedSynchronizer$ConditionObject.checkInterruptWhileWaiting(Ljava/util/concurrent/locks/AbstractQueuedSynchronizer$Node;)I @ 3
Event: 288.588 Thread 0x00007f87e1053800 Uncommon trap: reason=unstable_if action=reinterpret pc=0x0000000113951ee0 method=java.util.concurrent.ThreadPoolExecutor.getTask()Ljava/lang/Runnable; @ 16

Internal exceptions (10 events):
Event: 0.805 Thread 0x00007f87e20b5000 Exception <a 'java/lang/NullPointerException'> (0x0000000796364478) thrown at [/Users/java_re/workspace/8-2-build-macosx-x86_64/jdk8u131/8869/hotspot/src/share/vm/prims/jvm.cpp, line 1394]
Event: 0.921 Thread 0x00007f87e20b5000 Exception <a 'java/lang/ArrayIndexOutOfBoundsException'> (0x0000000796820b58) thrown at [/Users/java_re/workspace/8-2-build-macosx-x86_64/jdk8u131/8869/hotspot/src/share/vm/runtime/sharedRuntime.cpp, line 605]
Event: 0.922 Thread 0x00007f87e20b5000 Exception <a 'java/lang/ArrayIndexOutOfBoundsException'> (0x0000000796821670) thrown at [/Users/java_re/workspace/8-2-build-macosx-x86_64/jdk8u131/8869/hotspot/src/share/vm/runtime/sharedRuntime.cpp, line 605]
Event: 0.922 Thread 0x00007f87e20b5000 Exception <a 'java/lang/ArrayIndexOutOfBoundsException'> (0x0000000796822a18) thrown at [/Users/java_re/workspace/8-2-build-macosx-x86_64/jdk8u131/8869/hotspot/src/share/vm/runtime/sharedRuntime.cpp, line 605]
Event: 1.012 Thread 0x00007f87e20b5000 Implicit null exception at 0x000000011356a275 to 0x000000011356a4b1
Event: 1.136 Thread 0x00007f87e20b5000 Exception <a 'java/io/FileNotFoundException'> (0x0000000796f3e110) thrown at [/Users/java_re/workspace/8-2-build-macosx-x86_64/jdk8u131/8869/hotspot/src/share/vm/prims/jni.cpp, line 709]
Event: 36.222 Thread 0x00007f87e2214000 Exception <a 'java/io/FileNotFoundException'> (0x0000000795c6c028) thrown at [/Users/java_re/workspace/8-2-build-macosx-x86_64/jdk8u131/8869/hotspot/src/share/vm/prims/jni.cpp, line 709]
Event: 36.222 Thread 0x00007f87e2214000 Exception <a 'java/io/FileNotFoundException'> (0x0000000795c6cb60) thrown at [/Users/java_re/workspace/8-2-build-macosx-x86_64/jdk8u131/8869/hotspot/src/share/vm/prims/jni.cpp, line 709]
Event: 147.496 Thread 0x00007f87e2214000 Exception <a 'java/lang/NoClassDefFoundError': org/apache/log4j/Category> (0x00000007973739a8) thrown at [/Users/java_re/workspace/8-2-build-macosx-x86_64/jdk8u131/8869/hotspot/src/share/vm/classfile/systemDictionary.cpp, line 199]
Event: 147.857 Thread 0x00007f87e2214000 Exception <a 'java/net/ConnectException'> (0x00000007982e2e40) thrown at [/Users/java_re/workspace/8-2-build-macosx-x86_64/jdk8u131/8869/hotspot/src/share/vm/prims/jni.cpp, line 709]

Events (10 events):
Event: 288.588 loading class com/sun/javafx/tk/quantum/QuantumToolkit done
Event: 288.588 Thread 0x00007f87e1053800 DEOPT UNPACKING pc=0x0000000113299229 sp=0x000070000480a678 mode 2
Event: 288.588 Thread 0x00007f87e1053800 Uncommon trap: trap_request=0xffffff65 fr.pc=0x0000000113951ee0
Event: 288.588 Thread 0x00007f87e1053800 DEOPT PACKING pc=0x0000000113951ee0 sp=0x000070000480a760
Event: 288.588 Thread 0x00007f87e1053800 DEOPT UNPACKING pc=0x0000000113299229 sp=0x000070000480a718 mode 2
Event: 288.588 Thread 0x00007f87e1053800 Thread exited: 0x00007f87e1053800
Event: 288.588 Thread 0x00007f87e1119800 Thread exited: 0x00007f87e1119800
Event: 288.589 Thread 0x00007f87e1004800 Thread exited: 0x00007f87e1004800
Event: 288.589 Thread 0x00007f87e1004800 Thread added: 0x00007f87e1004800
Event: 288.589 Thread 0x00007f87e20b5000 Thread exited: 0x00007f87e20b5000


Dynamic libraries:
0x000000001c83c000 	/System/Library/Frameworks/Cocoa.framework/Versions/A/Cocoa
0x000000001c83c000 	/System/Library/Frameworks/Security.framework/Versions/A/Security
0x000000001c83c000 	/System/Library/Frameworks/ApplicationServices.framework/Versions/A/ApplicationServices
0x000000001c83c000 	/usr/lib/libz.1.dylib
0x000000001c83c000 	/usr/lib/libSystem.B.dylib
0x000000001c83c000 	/usr/lib/libobjc.A.dylib
0x000000001c83c000 	/System/Library/Frameworks/CoreFoundation.framework/Versions/A/CoreFoundation
0x000000001c83c000 	/System/Library/Frameworks/Foundation.framework/Versions/C/Foundation
0x000000001c83c000 	/System/Library/Frameworks/AppKit.framework/Versions/C/AppKit
0x000000001c83c000 	/System/Library/Frameworks/CoreData.framework/Versions/A/CoreData
0x000000001c83c000 	/System/Library/PrivateFrameworks/RemoteViewServices.framework/Versions/A/RemoteViewServices
0x000000001c83c000 	/System/Library/PrivateFrameworks/UIFoundation.framework/Versions/A/UIFoundation
0x000000001c83c000 	/System/Library/PrivateFrameworks/DFRFoundation.framework/Versions/A/DFRFoundation
0x000000001c83c000 	/System/Library/Frameworks/Metal.framework/Versions/A/Metal
0x000000001c83c000 	/System/Library/PrivateFrameworks/DesktopServicesPriv.framework/Versions/A/DesktopServicesPriv
0x000000001c83c000 	/usr/lib/libenergytrace.dylib
0x000000001c83c000 	/System/Library/PrivateFrameworks/SkyLight.framework/Versions/A/SkyLight
0x000000001c83c000 	/System/Library/Frameworks/CoreGraphics.framework/Versions/A/CoreGraphics
0x000000001c83c000 	/usr/lib/libScreenReader.dylib
0x000000001c83c000 	/System/Library/Frameworks/Accelerate.framework/Versions/A/Accelerate
0x000000001c83c000 	/System/Library/Frameworks/IOSurface.framework/Versions/A/IOSurface
0x000000001c83c000 	/System/Library/Frameworks/AudioToolbox.framework/Versions/A/AudioToolbox
0x000000001c83c000 	/System/Library/Frameworks/AudioUnit.framework/Versions/A/AudioUnit
0x000000001c83c000 	/System/Library/PrivateFrameworks/DataDetectorsCore.framework/Versions/A/DataDetectorsCore
0x000000001c83c000 	/System/Library/Frameworks/Carbon.framework/Versions/A/Frameworks/HIToolbox.framework/Versions/A/HIToolbox
0x000000001c83c000 	/usr/lib/libicucore.A.dylib
0x000000001c83c000 	/System/Library/Frameworks/QuartzCore.framework/Versions/A/QuartzCore
0x000000001c83c000 	/System/Library/PrivateFrameworks/SignpostNotification.framework/Versions/A/SignpostNotification
0x000000001c83c000 	/System/Library/Frameworks/Carbon.framework/Versions/A/Frameworks/SpeechRecognition.framework/Versions/A/SpeechRecognition
0x000000001c83c000 	/usr/lib/libauto.dylib
0x000000001c83c000 	/usr/lib/libxml2.2.dylib
0x000000001c83c000 	/System/Library/PrivateFrameworks/CoreUI.framework/Versions/A/CoreUI
0x000000001c83c000 	/System/Library/Frameworks/CoreAudio.framework/Versions/A/CoreAudio
0x000000001c83c000 	/System/Library/Frameworks/DiskArbitration.framework/Versions/A/DiskArbitration
0x000000001c83c000 	/usr/lib/liblangid.dylib
0x000000001c83c000 	/System/Library/PrivateFrameworks/MultitouchSupport.framework/Versions/A/MultitouchSupport
0x000000001c83c000 	/System/Library/Frameworks/IOKit.framework/Versions/A/IOKit
0x000000001c83c000 	/usr/lib/libDiagnosticMessagesClient.dylib
0x000000001c83c000 	/System/Library/Frameworks/CoreServices.framework/Versions/A/CoreServices
0x000000001c83c000 	/System/Library/PrivateFrameworks/PerformanceAnalysis.framework/Versions/A/PerformanceAnalysis
0x000000001c83c000 	/System/Library/Frameworks/OpenGL.framework/Versions/A/OpenGL
0x000000001c83c000 	/System/Library/Frameworks/ColorSync.framework/Versions/A/ColorSync
0x000000001c83c000 	/System/Library/Frameworks/CoreImage.framework/Versions/A/CoreImage
0x000000001c83c000 	/System/Library/Frameworks/CoreText.framework/Versions/A/CoreText
0x000000001c83c000 	/System/Library/Frameworks/ImageIO.framework/Versions/A/ImageIO
0x000000001c83c000 	/System/Library/PrivateFrameworks/Backup.framework/Versions/A/Backup
0x000000001c83c000 	/usr/lib/libarchive.2.dylib
0x000000001c83c000 	/System/Library/Frameworks/CFNetwork.framework/Versions/A/CFNetwork
0x000000001c83c000 	/System/Library/Frameworks/SystemConfiguration.framework/Versions/A/SystemConfiguration
0x000000001c83c000 	/usr/lib/libCRFSuite.dylib
0x000000001c83c000 	/usr/lib/libc++.1.dylib
0x000000001c83c000 	/usr/lib/libc++abi.dylib
0x000000001c83c000 	/usr/lib/system/libcache.dylib
0x000000001c83c000 	/usr/lib/system/libcommonCrypto.dylib
0x000000001c83c000 	/usr/lib/system/libcompiler_rt.dylib
0x000000001c83c000 	/usr/lib/system/libcopyfile.dylib
0x000000001c83c000 	/usr/lib/system/libcorecrypto.dylib
0x000000001c83c000 	/usr/lib/system/libdispatch.dylib
0x000000001c83c000 	/usr/lib/system/libdyld.dylib
0x000000001c83c000 	/usr/lib/system/libkeymgr.dylib
0x000000001c83c000 	/usr/lib/system/liblaunch.dylib
0x000000001c83c000 	/usr/lib/system/libmacho.dylib
0x000000001c83c000 	/usr/lib/system/libquarantine.dylib
0x000000001c83c000 	/usr/lib/system/libremovefile.dylib
0x000000001c83c000 	/usr/lib/system/libsystem_asl.dylib
0x000000001c83c000 	/usr/lib/system/libsystem_blocks.dylib
0x000000001c83c000 	/usr/lib/system/libsystem_c.dylib
0x000000001c83c000 	/usr/lib/system/libsystem_configuration.dylib
0x000000001c83c000 	/usr/lib/system/libsystem_coreservices.dylib
0x000000001c83c000 	/usr/lib/system/libsystem_darwin.dylib
0x000000001c83c000 	/usr/lib/system/libsystem_dnssd.dylib
0x000000001c83c000 	/usr/lib/system/libsystem_info.dylib
0x000000001c83c000 	/usr/lib/system/libsystem_m.dylib
0x000000001c83c000 	/usr/lib/system/libsystem_malloc.dylib
0x000000001c83c000 	/usr/lib/system/libsystem_network.dylib
0x000000001c83c000 	/usr/lib/system/libsystem_networkextension.dylib
0x000000001c83c000 	/usr/lib/system/libsystem_notify.dylib
0x000000001c83c000 	/usr/lib/system/libsystem_sandbox.dylib
0x000000001c83c000 	/usr/lib/system/libsystem_secinit.dylib
0x000000001c83c000 	/usr/lib/system/libsystem_kernel.dylib
0x000000001c83c000 	/usr/lib/system/libsystem_platform.dylib
0x000000001c83c000 	/usr/lib/system/libsystem_pthread.dylib
0x000000001c83c000 	/usr/lib/system/libsystem_symptoms.dylib
0x000000001c83c000 	/usr/lib/system/libsystem_trace.dylib
0x000000001c83c000 	/usr/lib/system/libunwind.dylib
0x000000001c83c000 	/usr/lib/system/libxpc.dylib
0x000000001c83c000 	/usr/lib/closure/libclosured.dylib
0x000000001c83c000 	/usr/lib/libbsm.0.dylib
0x000000001c83c000 	/usr/lib/system/libkxld.dylib
0x000000001c83c000 	/usr/lib/libOpenScriptingUtil.dylib
0x000000001c83c000 	/usr/lib/libcoretls.dylib
0x000000001c83c000 	/usr/lib/libcoretls_cfhelpers.dylib
0x000000001c83c000 	/usr/lib/libpam.2.dylib
0x000000001c83c000 	/usr/lib/libsqlite3.dylib
0x000000001c83c000 	/usr/lib/libxar.1.dylib
0x000000001c83c000 	/usr/lib/libbz2.1.0.dylib
0x000000001c83c000 	/usr/lib/liblzma.5.dylib
0x000000001c83c000 	/usr/lib/libnetwork.dylib
0x000000001c83c000 	/usr/lib/libapple_nghttp2.dylib
0x000000001c83c000 	/usr/lib/libpcap.A.dylib
0x000000001c83c000 	/usr/lib/libboringssl.dylib
0x000000001c83c000 	/usr/lib/libusrtcp.dylib
0x000000001c83c000 	/usr/lib/libapple_crypto.dylib
0x000000001c83c000 	/System/Library/Frameworks/CoreServices.framework/Versions/A/Frameworks/FSEvents.framework/Versions/A/FSEvents
0x000000001c83c000 	/System/Library/Frameworks/CoreServices.framework/Versions/A/Frameworks/CarbonCore.framework/Versions/A/CarbonCore
0x000000001c83c000 	/System/Library/Frameworks/CoreServices.framework/Versions/A/Frameworks/Metadata.framework/Versions/A/Metadata
0x000000001c83c000 	/System/Library/Frameworks/CoreServices.framework/Versions/A/Frameworks/OSServices.framework/Versions/A/OSServices
0x000000001c83c000 	/System/Library/Frameworks/CoreServices.framework/Versions/A/Frameworks/SearchKit.framework/Versions/A/SearchKit
0x000000001c83c000 	/System/Library/Frameworks/CoreServices.framework/Versions/A/Frameworks/AE.framework/Versions/A/AE
0x000000001c83c000 	/System/Library/Frameworks/CoreServices.framework/Versions/A/Frameworks/LaunchServices.framework/Versions/A/LaunchServices
0x000000001c83c000 	/System/Library/Frameworks/CoreServices.framework/Versions/A/Frameworks/DictionaryServices.framework/Versions/A/DictionaryServices
0x000000001c83c000 	/System/Library/Frameworks/CoreServices.framework/Versions/A/Frameworks/SharedFileList.framework/Versions/A/SharedFileList
0x000000001c83c000 	/System/Library/Frameworks/NetFS.framework/Versions/A/NetFS
0x000000001c83c000 	/System/Library/PrivateFrameworks/NetAuth.framework/Versions/A/NetAuth
0x000000001c83c000 	/System/Library/PrivateFrameworks/login.framework/Versions/A/Frameworks/loginsupport.framework/Versions/A/loginsupport
0x000000001c83c000 	/System/Library/PrivateFrameworks/TCC.framework/Versions/A/TCC
0x000000001c83c000 	/usr/lib/libmecabra.dylib
0x000000001c83c000 	/System/Library/Frameworks/ApplicationServices.framework/Versions/A/Frameworks/ATS.framework/Versions/A/ATS
0x000000001c83c000 	/System/Library/Frameworks/ApplicationServices.framework/Versions/A/Frameworks/ColorSyncLegacy.framework/Versions/A/ColorSyncLegacy
0x000000001c83c000 	/System/Library/Frameworks/ApplicationServices.framework/Versions/A/Frameworks/HIServices.framework/Versions/A/HIServices
0x000000001c83c000 	/System/Library/Frameworks/ApplicationServices.framework/Versions/A/Frameworks/LangAnalysis.framework/Versions/A/LangAnalysis
0x000000001c83c000 	/System/Library/Frameworks/ApplicationServices.framework/Versions/A/Frameworks/PrintCore.framework/Versions/A/PrintCore
0x000000001c83c000 	/System/Library/Frameworks/ApplicationServices.framework/Versions/A/Frameworks/QD.framework/Versions/A/QD
0x000000001c83c000 	/System/Library/Frameworks/ApplicationServices.framework/Versions/A/Frameworks/SpeechSynthesis.framework/Versions/A/SpeechSynthesis
0x000000001c83c000 	/System/Library/Frameworks/CoreDisplay.framework/Versions/A/CoreDisplay
0x000000001c83c000 	/System/Library/Frameworks/Accelerate.framework/Versions/A/Frameworks/vImage.framework/Versions/A/vImage
0x000000001c83c000 	/System/Library/Frameworks/Accelerate.framework/Versions/A/Frameworks/vecLib.framework/Versions/A/vecLib
0x000000001c83c000 	/System/Library/Frameworks/Accelerate.framework/Versions/A/Frameworks/vecLib.framework/Versions/A/libvDSP.dylib
0x000000001c83c000 	/System/Library/Frameworks/Accelerate.framework/Versions/A/Frameworks/vecLib.framework/Versions/A/libBNNS.dylib
0x000000001c83c000 	/System/Library/Frameworks/Accelerate.framework/Versions/A/Frameworks/vecLib.framework/Versions/A/libQuadrature.dylib
0x000000001c83c000 	/System/Library/Frameworks/Accelerate.framework/Versions/A/Frameworks/vecLib.framework/Versions/A/libvMisc.dylib
0x000000001c83c000 	/System/Library/Frameworks/Accelerate.framework/Versions/A/Frameworks/vecLib.framework/Versions/A/libLAPACK.dylib
0x000000001c83c000 	/System/Library/Frameworks/Accelerate.framework/Versions/A/Frameworks/vecLib.framework/Versions/A/libBLAS.dylib
0x000000001c83c000 	/System/Library/Frameworks/Accelerate.framework/Versions/A/Frameworks/vecLib.framework/Versions/A/libLinearAlgebra.dylib
0x000000001c83c000 	/System/Library/Frameworks/Accelerate.framework/Versions/A/Frameworks/vecLib.framework/Versions/A/libSparse.dylib
0x000000001c83c000 	/System/Library/Frameworks/Accelerate.framework/Versions/A/Frameworks/vecLib.framework/Versions/A/libSparseBLAS.dylib
0x000000001c83c000 	/System/Library/PrivateFrameworks/GPUWrangler.framework/Versions/A/GPUWrangler
0x000000001c83c000 	/System/Library/PrivateFrameworks/IOAccelerator.framework/Versions/A/IOAccelerator
0x000000001c83c000 	/System/Library/PrivateFrameworks/IOPresentment.framework/Versions/A/IOPresentment
0x000000001c83c000 	/System/Library/PrivateFrameworks/DSExternalDisplay.framework/Versions/A/DSExternalDisplay
0x000000001c83c000 	/System/Library/Frameworks/OpenGL.framework/Versions/A/Libraries/libCoreFSCache.dylib
0x000000001c83c000 	/System/Library/Frameworks/CoreVideo.framework/Versions/A/CoreVideo
0x000000001c83c000 	/System/Library/PrivateFrameworks/GraphVisualizer.framework/Versions/A/GraphVisualizer
0x000000001c83c000 	/System/Library/Frameworks/MetalPerformanceShaders.framework/Versions/A/MetalPerformanceShaders
0x000000001c83c000 	/usr/lib/libFosl_dynamic.dylib
0x000000001c83c000 	/System/Library/PrivateFrameworks/FaceCore.framework/Versions/A/FaceCore
0x000000001c83c000 	/System/Library/Frameworks/OpenCL.framework/Versions/A/OpenCL
0x000000001c83c000 	/usr/lib/libcompression.dylib
0x000000001c83c000 	/System/Library/Frameworks/ApplicationServices.framework/Versions/A/Frameworks/ATS.framework/Versions/A/Resources/libFontParser.dylib
0x000000001c83c000 	/System/Library/Frameworks/ApplicationServices.framework/Versions/A/Frameworks/ATS.framework/Versions/A/Resources/libFontRegistry.dylib
0x000000001c83c000 	/System/Library/Frameworks/ImageIO.framework/Versions/A/Resources/libJPEG.dylib
0x000000001c83c000 	/System/Library/Frameworks/ImageIO.framework/Versions/A/Resources/libTIFF.dylib
0x000000001c83c000 	/System/Library/Frameworks/ImageIO.framework/Versions/A/Resources/libPng.dylib
0x000000001c83c000 	/System/Library/Frameworks/ImageIO.framework/Versions/A/Resources/libGIF.dylib
0x000000001c83c000 	/System/Library/Frameworks/ImageIO.framework/Versions/A/Resources/libJP2.dylib
0x000000001c83c000 	/System/Library/Frameworks/ImageIO.framework/Versions/A/Resources/libRadiance.dylib
0x000000001c83c000 	/System/Library/PrivateFrameworks/AppleJPEG.framework/Versions/A/AppleJPEG
0x000000001c83c000 	/System/Library/Frameworks/MetalPerformanceShaders.framework/Frameworks/MPSCore.framework/Versions/A/MPSCore
0x000000001c83c000 	/System/Library/Frameworks/MetalPerformanceShaders.framework/Frameworks/MPSImage.framework/Versions/A/MPSImage
0x000000001c83c000 	/System/Library/Frameworks/MetalPerformanceShaders.framework/Frameworks/MPSNeuralNetwork.framework/Versions/A/MPSNeuralNetwork
0x000000001c83c000 	/System/Library/Frameworks/MetalPerformanceShaders.framework/Frameworks/MPSMatrix.framework/Versions/A/MPSMatrix
0x000000001c83c000 	/System/Library/PrivateFrameworks/MetalTools.framework/Versions/A/MetalTools
0x000000001c83c000 	/System/Library/Frameworks/OpenGL.framework/Versions/A/Libraries/libGLU.dylib
0x000000001c83c000 	/System/Library/Frameworks/OpenGL.framework/Versions/A/Libraries/libGFXShared.dylib
0x000000001c83c000 	/System/Library/Frameworks/OpenGL.framework/Versions/A/Libraries/libGL.dylib
0x000000001c83c000 	/System/Library/Frameworks/OpenGL.framework/Versions/A/Libraries/libGLImage.dylib
0x000000001c83c000 	/System/Library/Frameworks/OpenGL.framework/Versions/A/Libraries/libCVMSPluginSupport.dylib
0x000000001c83c000 	/System/Library/Frameworks/OpenGL.framework/Versions/A/Libraries/libCoreVMClient.dylib
0x000000001c83c000 	/usr/lib/libcups.2.dylib
0x000000001c83c000 	/System/Library/Frameworks/Kerberos.framework/Versions/A/Kerberos
0x000000001c83c000 	/System/Library/Frameworks/GSS.framework/Versions/A/GSS
0x000000001c83c000 	/usr/lib/libresolv.9.dylib
0x000000001c83c000 	/usr/lib/libiconv.2.dylib
0x000000001c83c000 	/System/Library/PrivateFrameworks/Heimdal.framework/Versions/A/Heimdal
0x000000001c83c000 	/usr/lib/libheimdal-asn1.dylib
0x000000001c83c000 	/System/Library/Frameworks/OpenDirectory.framework/Versions/A/OpenDirectory
0x000000001c83c000 	/System/Library/PrivateFrameworks/CommonAuth.framework/Versions/A/CommonAuth
0x000000001c83c000 	/System/Library/Frameworks/OpenDirectory.framework/Versions/A/Frameworks/CFOpenDirectory.framework/Versions/A/CFOpenDirectory
0x000000001c83c000 	/System/Library/Frameworks/SecurityFoundation.framework/Versions/A/SecurityFoundation
0x000000001c83c000 	/System/Library/PrivateFrameworks/APFS.framework/Versions/A/APFS
0x000000001c83c000 	/usr/lib/libutil.dylib
0x000000001c83c000 	/System/Library/PrivateFrameworks/AppleSauce.framework/Versions/A/AppleSauce
0x000000001c83c000 	/System/Library/PrivateFrameworks/LinguisticData.framework/Versions/A/LinguisticData
0x000000001c83c000 	/usr/lib/libmarisa.dylib
0x000000001c83c000 	/System/Library/PrivateFrameworks/Lexicon.framework/Versions/A/Lexicon
0x000000001c83c000 	/usr/lib/libChineseTokenizer.dylib
0x000000001c83c000 	/usr/lib/libcmph.dylib
0x000000001c83c000 	/System/Library/PrivateFrameworks/LanguageModeling.framework/Versions/A/LanguageModeling
0x000000001c83c000 	/System/Library/PrivateFrameworks/CoreEmoji.framework/Versions/A/CoreEmoji
0x000000001c83c000 	/System/Library/Frameworks/ServiceManagement.framework/Versions/A/ServiceManagement
0x000000001c83c000 	/System/Library/PrivateFrameworks/BackgroundTaskManagement.framework/Versions/A/BackgroundTaskManagement
0x000000001c83c000 	/usr/lib/libxslt.1.dylib
0x000000001c83c000 	/System/Library/Frameworks/Carbon.framework/Versions/A/Frameworks/Ink.framework/Versions/A/Ink
0x000000001c83c000 	/System/Library/PrivateFrameworks/TextureIO.framework/Versions/A/TextureIO
0x000000001c83c000 	/usr/lib/libate.dylib
0x000000001c83c000 	/System/Library/PrivateFrameworks/CrashReporterSupport.framework/Versions/A/CrashReporterSupport
0x000000001c83c000 	/System/Library/PrivateFrameworks/Sharing.framework/Versions/A/Sharing
0x000000001c83c000 	/System/Library/PrivateFrameworks/IconServices.framework/Versions/A/IconServices
0x000000001c83c000 	/System/Library/PrivateFrameworks/Apple80211.framework/Versions/A/Apple80211
0x000000001c83c000 	/System/Library/PrivateFrameworks/CoreUtils.framework/Versions/A/CoreUtils
0x000000001c83c000 	/System/Library/Frameworks/CoreWLAN.framework/Versions/A/CoreWLAN
0x000000001c83c000 	/System/Library/Frameworks/IOBluetooth.framework/Versions/A/IOBluetooth
0x000000001c83c000 	/System/Library/PrivateFrameworks/ProtocolBuffer.framework/Versions/A/ProtocolBuffer
0x000000001c83c000 	/System/Library/PrivateFrameworks/CoreWiFi.framework/Versions/A/CoreWiFi
0x000000001c83c000 	/System/Library/Frameworks/CoreBluetooth.framework/Versions/A/CoreBluetooth
0x000000001c83c000 	/System/Library/PrivateFrameworks/DebugSymbols.framework/Versions/A/DebugSymbols
0x000000001c83c000 	/System/Library/PrivateFrameworks/CoreSymbolication.framework/Versions/A/CoreSymbolication
0x000000001c83c000 	/System/Library/PrivateFrameworks/Symbolication.framework/Versions/A/Symbolication
0x000000001c83c000 	/System/Library/PrivateFrameworks/AppleFSCompression.framework/Versions/A/AppleFSCompression
0x000000001c83c000 	/System/Library/PrivateFrameworks/SpeechRecognitionCore.framework/Versions/A/SpeechRecognitionCore
0x000000001c83c000 	/System/Library/CoreServices/Encodings/libLatin5Converter.dylib
0x0000000104800000 	/Library/Java/JavaVirtualMachines/jdk1.8.0_131.jdk/Contents/Home/jre/lib/server/libjvm.dylib
0x000000001c83c000 	/usr/lib/libstdc++.6.0.9.dylib
0x0000000103fb0000 	/Library/Java/JavaVirtualMachines/jdk1.8.0_131.jdk/Contents/Home/jre/lib/libverify.dylib
0x0000000103fbe000 	/Library/Java/JavaVirtualMachines/jdk1.8.0_131.jdk/Contents/Home/jre/lib/libjava.dylib
0x00000001057e3000 	/Library/Java/JavaVirtualMachines/jdk1.8.0_131.jdk/Contents/Home/jre/lib/libzip.dylib
0x000000001c83c000 	/System/Library/Frameworks/JavaVM.framework/Versions/A/Frameworks/JavaRuntimeSupport.framework/Versions/A/JavaRuntimeSupport
0x000000001c83c000 	/System/Library/Frameworks/JavaVM.framework/Versions/A/Frameworks/JavaNativeFoundation.framework/Versions/A/JavaNativeFoundation
0x000000001c83c000 	/System/Library/Frameworks/JavaVM.framework/Versions/A/JavaVM
0x000000001c83c000 	/System/Library/Frameworks/Carbon.framework/Versions/A/Carbon
0x000000001c83c000 	/System/Library/PrivateFrameworks/JavaLaunching.framework/Versions/A/JavaLaunching
0x000000001c83c000 	/System/Library/Frameworks/Carbon.framework/Versions/A/Frameworks/CommonPanels.framework/Versions/A/CommonPanels
0x000000001c83c000 	/System/Library/Frameworks/Carbon.framework/Versions/A/Frameworks/Help.framework/Versions/A/Help
0x000000001c83c000 	/System/Library/Frameworks/Carbon.framework/Versions/A/Frameworks/ImageCapture.framework/Versions/A/ImageCapture
0x000000001c83c000 	/System/Library/Frameworks/Carbon.framework/Versions/A/Frameworks/OpenScripting.framework/Versions/A/OpenScripting
0x000000001c83c000 	/System/Library/Frameworks/Carbon.framework/Versions/A/Frameworks/Print.framework/Versions/A/Print
0x000000001c83c000 	/System/Library/Frameworks/Carbon.framework/Versions/A/Frameworks/SecurityHI.framework/Versions/A/SecurityHI
0x000000010dbd5000 	/Library/Java/JavaVirtualMachines/jdk1.8.0_131.jdk/Contents/Home/jre/lib/libprism_es2.dylib
0x000000001c83c000 	/System/Library/PrivateFrameworks/CoreServicesInternal.framework/Versions/A/CoreServicesInternal
0x000000001c83c000 	/System/Library/Frameworks/OpenGL.framework/Versions/A/Resources/GLEngine.bundle/GLEngine
0x000000001c83c000 	/System/Library/Frameworks/OpenGL.framework/Versions/A/Libraries/libGLProgrammability.dylib
0x000000010dc7f000 	/System/Library/Extensions/AppleIntelBDWGraphicsGLDriver.bundle/Contents/MacOS/AppleIntelBDWGraphicsGLDriver
0x000000001c83c000 	/System/Library/PrivateFrameworks/GPUSupport.framework/Versions/A/Libraries/libGPUSupportMercury.dylib
0x000000001c83c000 	/System/Library/Frameworks/OpenGL.framework/Versions/A/Resources/GLRendererFloat.bundle/GLRendererFloat
0x000000001c83c000 	/System/Library/Frameworks/OpenCL.framework/Versions/A/Libraries/libcldcpuengine.dylib
0x000000001c83c000 	/usr/lib/libcrypto.35.dylib
0x000000001c83c000 	/System/Library/PrivateFrameworks/TrustEvaluationAgent.framework/Versions/A/TrustEvaluationAgent
0x000000010e7ff000 	/Library/Java/JavaVirtualMachines/jdk1.8.0_131.jdk/Contents/Home/jre/lib/libglass.dylib
0x000000001c83c000 	/System/Library/CoreServices/RawCamera.bundle/Contents/MacOS/RawCamera
0x000000001c83c000 	/System/Library/PrivateFrameworks/MobileAsset.framework/Versions/A/MobileAsset
0x000000001c83c000 	/System/Library/PrivateFrameworks/StreamingZip.framework/Versions/A/StreamingZip
0x000000001c83c000 	/System/Library/Frameworks/MediaToolbox.framework/Versions/A/MediaToolbox
0x000000001c83c000 	/System/Library/PrivateFrameworks/CoreAVCHD.framework/Versions/A/CoreAVCHD
0x000000001c83c000 	/System/Library/Frameworks/MediaAccessibility.framework/Versions/A/MediaAccessibility
0x000000001c83c000 	/System/Library/PrivateFrameworks/Mangrove.framework/Versions/A/Mangrove
0x000000001c83c000 	/System/Library/Frameworks/CoreMedia.framework/Versions/A/CoreMedia
0x000000001c83c000 	/System/Library/Frameworks/VideoToolbox.framework/Versions/A/VideoToolbox
0x000000001c83c000 	/System/Library/PrivateFrameworks/CoreAUC.framework/Versions/A/CoreAUC
0x000000001c83c000 	/usr/lib/libspindump.dylib
0x000000001c83c000 	/System/Library/PrivateFrameworks/AppleVA.framework/Versions/A/AppleVA
0x000000001c83c000 	/System/Library/Frameworks/Accelerate.framework/Versions/A/Frameworks/vImage.framework/Versions/A/Libraries/libCGInterfaces.dylib
0x000000001c83c000 	/System/Library/PrivateFrameworks/FamilyControls.framework/Versions/A/FamilyControls
0x000000001c83c000 	/System/Library/PrivateFrameworks/CommerceKit.framework/Versions/A/Frameworks/CommerceCore.framework/Versions/A/CommerceCore
0x000000001c83c000 	/System/Library/PrivateFrameworks/SystemAdministration.framework/Versions/A/SystemAdministration
0x000000001c83c000 	/System/Library/PrivateFrameworks/AppContainer.framework/Versions/A/AppContainer
0x000000001c83c000 	/System/Library/PrivateFrameworks/SecCodeWrapper.framework/Versions/A/SecCodeWrapper
0x000000001c83c000 	/System/Library/PrivateFrameworks/DiskManagement.framework/Versions/A/DiskManagement
0x000000001c83c000 	/System/Library/Frameworks/DirectoryService.framework/Versions/A/DirectoryService
0x000000001c83c000 	/System/Library/PrivateFrameworks/DiskImages.framework/Versions/A/DiskImages
0x000000001c83c000 	/System/Library/PrivateFrameworks/LoginUIKit.framework/Versions/A/Frameworks/LoginUICore.framework/Versions/A/LoginUICore
0x000000001c83c000 	/usr/lib/libCoreStorage.dylib
0x000000001c83c000 	/usr/lib/libcsfde.dylib
0x000000001c83c000 	/usr/lib/libodfde.dylib
0x000000001c83c000 	/System/Library/PrivateFrameworks/MediaKit.framework/Versions/A/MediaKit
0x000000001c83c000 	/System/Library/Frameworks/DiscRecording.framework/Versions/A/DiscRecording
0x000000001c83c000 	/System/Library/PrivateFrameworks/EFILogin.framework/Versions/A/EFILogin
0x000000001c83c000 	/System/Library/PrivateFrameworks/ProtectedCloudStorage.framework/Versions/A/ProtectedCloudStorage
0x000000001c83c000 	/usr/lib/libcurl.4.dylib
0x000000001c83c000 	/usr/lib/libssl.35.dylib
0x000000001c83c000 	/System/Library/Frameworks/LDAP.framework/Versions/A/LDAP
0x000000001c83c000 	/usr/lib/libsasl2.2.dylib
0x000000001c83c000 	/System/Library/PrivateFrameworks/CoreDaemon.framework/Versions/B/CoreDaemon
0x000000001c83c000 	/System/Library/PrivateFrameworks/AppleSRP.framework/Versions/A/AppleSRP
0x0000000110835000 	/usr/local/Cellar/opencv/3.4.1_4/share/OpenCV/java/libopencv_java341.dylib
0x0000000110990000 	/usr/local/Cellar/opencv/3.4.1_4/lib/libopencv_xphoto.3.4.dylib
0x0000000110a20000 	/usr/local/Cellar/opencv/3.4.1_4/lib/libopencv_img_hash.3.4.dylib
0x0000000110a36000 	/usr/local/Cellar/opencv/3.4.1_4/lib/libopencv_bioinspired.3.4.dylib
0x0000000110a80000 	/usr/local/Cellar/opencv/3.4.1_4/lib/libopencv_face.3.4.dylib
0x0000000110b29000 	/usr/local/Cellar/opencv/3.4.1_4/lib/libopencv_structured_light.3.4.dylib
0x0000000110b43000 	/usr/local/Cellar/opencv/3.4.1_4/lib/libopencv_xfeatures2d.3.4.dylib
0x0000000110e34000 	/usr/local/Cellar/opencv/3.4.1_4/lib/libopencv_ximgproc.3.4.dylib
0x0000000111068000 	/usr/local/Cellar/opencv/3.4.1_4/lib/libopencv_aruco.3.4.dylib
0x00000001110c4000 	/usr/local/Cellar/opencv/3.4.1_4/lib/libopencv_bgsegm.3.4.dylib
0x00000001110e8000 	/usr/local/opt/tbb/lib/libtbb.dylib
0x0000000111122000 	/usr/local/Cellar/opencv/3.4.1_4/lib/libopencv_objdetect.3.4.dylib
0x0000000111192000 	/usr/local/Cellar/opencv/3.4.1_4/lib/libopencv_photo.3.4.dylib
0x000000011125e000 	/usr/local/Cellar/opencv/3.4.1_4/lib/libopencv_tracking.3.4.dylib
0x0000000111480000 	/usr/local/Cellar/opencv/3.4.1_4/lib/libopencv_plot.3.4.dylib
0x000000011148b000 	/usr/local/Cellar/opencv/3.4.1_4/lib/libopencv_dnn.3.4.dylib
0x0000000111858000 	/usr/local/Cellar/opencv/3.4.1_4/lib/libopencv_datasets.3.4.dylib
0x000000010ed06000 	/usr/local/Cellar/opencv/3.4.1_4/lib/libopencv_phase_unwrapping.3.4.dylib
0x00000001118b2000 	/usr/local/Cellar/opencv/3.4.1_4/lib/libopencv_ml.3.4.dylib
0x0000000111965000 	/usr/local/Cellar/opencv/3.4.1_4/lib/libopencv_shape.3.4.dylib
0x0000000111997000 	/usr/local/Cellar/opencv/3.4.1_4/lib/libopencv_video.3.4.dylib
0x00000001119fb000 	/usr/local/Cellar/opencv/3.4.1_4/lib/libopencv_calib3d.3.4.dylib
0x0000000111ba3000 	/usr/local/Cellar/opencv/3.4.1_4/lib/libopencv_features2d.3.4.dylib
0x0000000111c60000 	/usr/local/Cellar/opencv/3.4.1_4/lib/libopencv_flann.3.4.dylib
0x0000000111cbf000 	/usr/local/Cellar/opencv/3.4.1_4/lib/libopencv_highgui.3.4.dylib
0x0000000111cd5000 	/usr/local/Cellar/opencv/3.4.1_4/lib/libopencv_videoio.3.4.dylib
0x0000000111d05000 	/usr/local/Cellar/opencv/3.4.1_4/lib/libopencv_imgcodecs.3.4.dylib
0x0000000122294000 	/usr/local/Cellar/opencv/3.4.1_4/lib/libopencv_imgproc.3.4.dylib
0x0000000111dd1000 	/usr/local/Cellar/opencv/3.4.1_4/lib/libopencv_core.3.4.dylib
0x000000012486a000 	/usr/local/opt/ffmpeg/lib/libavcodec.58.dylib
0x0000000112a34000 	/usr/local/opt/ffmpeg/lib/libavformat.58.dylib
0x0000000112bf2000 	/usr/local/opt/ffmpeg/lib/libavutil.56.dylib
0x0000000112c4e000 	/usr/local/opt/ffmpeg/lib/libswscale.5.dylib
0x0000000112ccb000 	/usr/local/opt/ffmpeg/lib/libavresample.4.dylib
0x000000001c83c000 	/System/Library/Frameworks/VideoDecodeAcceleration.framework/Versions/A/VideoDecodeAcceleration
0x000000001c83c000 	/System/Library/Frameworks/AVFoundation.framework/Versions/A/AVFoundation
0x0000000112ce8000 	/usr/local/opt/libpng/lib/libpng16.16.dylib
0x0000000112d14000 	/usr/local/opt/libtiff/lib/libtiff.5.dylib
0x0000000112d7d000 	/usr/local/opt/ilmbase/lib/libImath-2_2.12.dylib
0x0000000112d8b000 	/usr/local/opt/openexr/lib/libIlmImf-2_2.22.dylib
0x000000011306b000 	/usr/local/opt/ilmbase/lib/libIex-2_2.12.dylib
0x000000011307d000 	/usr/local/opt/ilmbase/lib/libHalf.12.dylib
0x00000001130c1000 	/usr/local/opt/ilmbase/lib/libIlmThread-2_2.12.dylib
0x00000001130c9000 	/usr/local/opt/jpeg/lib/libjpeg.9.dylib
0x00000001130fc000 	/usr/local/opt/ilmbase/lib/libIexMath-2_2.12.dylib
0x0000000113101000 	/usr/local/Cellar/ffmpeg/4.0/lib/libswresample.3.dylib
0x000000011311d000 	/usr/local/opt/lame/lib/libmp3lame.0.dylib
0x0000000125b1d000 	/usr/local/opt/x264/lib/libx264.152.dylib
0x000000001c83c000 	/System/Library/Frameworks/AVFoundation.framework/Versions/A/Frameworks/AVFAudio.framework/Versions/A/AVFAudio
0x000000001c83c000 	/System/Library/PrivateFrameworks/IntlPreferences.framework/Versions/A/IntlPreferences
0x000000001c83c000 	/System/Library/Frameworks/CoreMediaIO.framework/Versions/A/CoreMediaIO
0x000000001c83c000 	/System/Library/PrivateFrameworks/RemoteServiceDiscovery.framework/Versions/A/RemoteServiceDiscovery
0x000000001c83c000 	/System/Library/PrivateFrameworks/RemoteXPC.framework/Versions/A/RemoteXPC
0x000000001c83c000 	/System/Library/PrivateFrameworks/InternationalSupport.framework/Versions/A/InternationalSupport
0x0000000125f07000 	/Library/Java/JavaVirtualMachines/jdk1.8.0_131.jdk/Contents/Home/jre/lib/libjavafx_font.dylib
0x000000001c83c000 	/System/Library/Frameworks/ApplicationServices.framework/Versions/A/Frameworks/ATS.framework/Versions/A/Resources/libTrueTypeScaler.dylib
0x000000001c83c000 	/System/Library/Extensions/AppleIntelBDWGraphicsMTLDriver.bundle/Contents/MacOS/AppleIntelBDWGraphicsMTLDriver
0x000000001c83c000 	/System/Library/PrivateFrameworks/GPUCompiler.framework/Versions/3802/Libraries/libmetal_timestamp.dylib
0x000000012a756000 	/Library/Java/JavaVirtualMachines/jdk1.8.0_131.jdk/Contents/Home/jre/lib/libprism_common.dylib
0x000000001c83c000 	/System/Library/PrivateFrameworks/ViewBridge.framework/Versions/A/ViewBridge
0x000000010f852000 	/System/Library/Extensions/AppleHDA.kext/Contents/PlugIns/AppleHDAHALPlugIn.bundle/Contents/MacOS/AppleHDAHALPlugIn
0x000000012ceaa000 	/Library/CoreMediaIO/Plug-Ins/DAL/AppleCamera.plugin/Contents/MacOS/AppleCamera
0x000000012ced5000 	/System/Library/Frameworks/CoreMediaIO.framework/Resources/VDC.plugin/Contents/MacOS/VDC
0x000000012cf07000 	/System/Library/Frameworks/CoreMediaIO.framework/Resources/CMIOUnits.bundle/Contents/MacOS/CMIOUnits
0x000000001c83c000 	/System/Library/PrivateFrameworks/FWAVC.framework/Versions/A/FWAVC
0x000000001c83c000 	/System/Library/PrivateFrameworks/AppleGVA.framework/Versions/A/AppleGVA
0x000000012d17b000 	/usr/local/opt/tbb/lib/libtbbmalloc.dylib
0x000000012d6ab000 	/Library/Java/JavaVirtualMachines/jdk1.8.0_131.jdk/Contents/Home/jre/lib/libawt.dylib
0x000000012d753000 	/Library/Java/JavaVirtualMachines/jdk1.8.0_131.jdk/Contents/Home/jre/lib/./libmlib_image.dylib
0x000000012d81f000 	/Library/Java/JavaVirtualMachines/jdk1.8.0_131.jdk/Contents/Home/jre/lib/libawt_lwawt.dylib
0x000000010f85e000 	/Library/Java/JavaVirtualMachines/jdk1.8.0_131.jdk/Contents/Home/jre/lib/./libosxapp.dylib
0x000000001c83c000 	/System/Library/Frameworks/ExceptionHandling.framework/Versions/A/ExceptionHandling
0x0000000125caf000 	/Library/Java/JavaVirtualMachines/jdk1.8.0_131.jdk/Contents/Home/jre/lib/libsunec.dylib
0x00000001271d9000 	/Library/Java/JavaVirtualMachines/jdk1.8.0_131.jdk/Contents/Home/jre/lib/libnet.dylib
0x00000001265dd000 	/Library/Java/JavaVirtualMachines/jdk1.8.0_131.jdk/Contents/Home/jre/lib/libnio.dylib

VM Arguments:
jvm_args: -Djava.library.path=/usr/local/Cellar/opencv/3.4.1_4/share/OpenCV/java -Dfile.encoding=UTF-8 
java_command: it.polito.teaching.cv.ObjRecognition
java_class_path (initial): /Library/Java/JavaVirtualMachines/jdk1.8.0_131.jdk/Contents/Home/jre/lib/resources.jar:/Library/Java/JavaVirtualMachines/jdk1.8.0_131.jdk/Contents/Home/jre/lib/rt.jar:/Library/Java/JavaVirtualMachines/jdk1.8.0_131.jdk/Contents/Home/jre/lib/jsse.jar:/Library/Java/JavaVirtualMachines/jdk1.8.0_131.jdk/Contents/Home/jre/lib/jce.jar:/Library/Java/JavaVirtualMachines/jdk1.8.0_131.jdk/Contents/Home/jre/lib/charsets.jar:/Library/Java/JavaVirtualMachines/jdk1.8.0_131.jdk/Contents/Home/jre/lib/jfr.jar:/Library/Java/JavaVirtualMachines/jdk1.8.0_131.jdk/Contents/Home/jre/lib/ext/sunec.jar:/Library/Java/JavaVirtualMachines/jdk1.8.0_131.jdk/Contents/Home/jre/lib/ext/nashorn.jar:/Library/Java/JavaVirtualMachines/jdk1.8.0_131.jdk/Contents/Home/jre/lib/ext/cldrdata.jar:/Library/Java/JavaVirtualMachines/jdk1.8.0_131.jdk/Contents/Home/jre/lib/ext/jfxrt.jar:/Library/Java/JavaVirtualMachines/jdk1.8.0_131.jdk/Contents/Home/jre/lib/ext/dnsns.jar:/Library/Java/JavaVirtualMachines/jdk1.8.0_131.jdk/Contents/Home/jre/lib/ext/localedata.jar:/Library/Java/JavaVirtualMachines/jdk1.8.0_131.jdk/Contents/Home/jre/lib/ext/sunjce_provider.jar:/Library/Java/JavaVirtualMachines/jdk1.8.0_131.jdk/Contents/Home/jre/lib/ext/sunpkcs11.jar:/Library/Java/JavaVirtualMachines/jdk1.8.0_131.jdk/Contents/Home/jre/lib/ext/jaccess.jar:/Library/Java/JavaVirtualMachines/jdk1.8.0_131.jdk/Contents/Home/jre/lib/ext/zipfs.jar:/System/Library/Java/Extensions/MRJToolkit.jar:/Users/detay/Downloads/object-detection-master/target/classes:/Users/detay/Downloads/object-detection-master/lib/opencv-341.jar:/Users/detay/.m2/repository/com/mashape/unirest/unirest-java/1.4.9/unirest-java-1.4.9.jar:/Users/detay/.m2/repository/org/apache/httpcomponents/httpclient/4.3.6/httpclient-4.3.6.jar:/Users/detay/.m2/repository/org/apache/httpcomponents/httpcore/4.3.3/httpcore-4.3.3.jar:/Users/detay/.m2/repository/commons-logging/commons-logging/1.1.3/commons-logging-1.1.3.jar:/Users/detay/.m2/repository/commons-codec
Launcher Type: SUN_STANDARD

Environment Variables:
PATH=/usr/bin:/bin:/usr/sbin:/sbin
SHELL=/bin/bash

Signal Handlers:
SIGSEGV: [libjvm.dylib+0x5b1eb1], sa_mask[0]=11111111011111110111111111111111, sa_flags=SA_ONSTACK|SA_RESTART|SA_SIGINFO
SIGBUS: [libjvm.dylib+0x5b1eb1], sa_mask[0]=11111111011111110111111111111111, sa_flags=SA_RESTART|SA_SIGINFO
SIGFPE: [libjvm.dylib+0x488988], sa_mask[0]=11111111011111110111111111111111, sa_flags=SA_RESTART|SA_SIGINFO
SIGPIPE: [libjvm.dylib+0x488988], sa_mask[0]=11111111011111110111111111111111, sa_flags=SA_RESTART|SA_SIGINFO
SIGXFSZ: [libjvm.dylib+0x488988], sa_mask[0]=11111111011111110111111111111111, sa_flags=SA_RESTART|SA_SIGINFO
SIGILL: [libjvm.dylib+0x488988], sa_mask[0]=11111111011111110111111111111111, sa_flags=SA_RESTART|SA_SIGINFO
SIGUSR1: SIG_DFL, sa_mask[0]=00000000000000000000000000000000, sa_flags=none
SIGUSR2: [libjvm.dylib+0x4884a6], sa_mask[0]=00100000000000000000000000000000, sa_flags=SA_RESTART|SA_SIGINFO
SIGHUP: [libjvm.dylib+0x486a7d], sa_mask[0]=11111111011111110111111111111111, sa_flags=SA_RESTART|SA_SIGINFO
SIGINT: [libjvm.dylib+0x486a7d], sa_mask[0]=11111111011111110111111111111111, sa_flags=SA_RESTART|SA_SIGINFO
SIGTERM: [libjvm.dylib+0x486a7d], sa_mask[0]=11111111011111110111111111111111, sa_flags=SA_RESTART|SA_SIGINFO
SIGQUIT: [libjvm.dylib+0x486a7d], sa_mask[0]=11111111011111110111111111111111, sa_flags=SA_RESTART|SA_SIGINFO


---------------  S Y S T E M  ---------------

OS:Bsduname:Darwin 17.5.0 Darwin Kernel Version 17.5.0: Mon Mar  5 22:24:32 PST 2018; root:xnu-4570.51.1~1/RELEASE_X86_64 x86_64
rlimit: STACK 8192k, CORE 0k, NPROC 709, NOFILE 10240, AS infinity
load average:1.77 2.04 2.16

CPU:total 4 (initial active 4) (2 cores per cpu, 2 threads per core) family 6 model 61 stepping 4, cmov, cx8, fxsr, mmx, sse, sse2, sse3, ssse3, sse4.1, sse4.2, popcnt, avx, avx2, aes, clmul, erms, 3dnowpref, lzcnt, ht, tsc, tscinvbit, bmi1, bmi2, adx

Memory: 4k page, physical 8388608k(546248k free)

/proc/meminfo:


vm_info: Java HotSpot(TM) 64-Bit Server VM (25.131-b11) for bsd-amd64 JRE (1.8.0_131-b11), built on Mar 15 2017 01:32:22 by "java_re" with gcc 4.2.1 (Based on Apple Inc. build 5658) (LLVM build 2336.11.00)

time: Fri Jun  1 15:19:09 2018
elapsed time: 289 seconds (0d 0h 4m 49s)

