#
# A fatal error has been detected by the Java Runtime Environment:
#
#  SIGSEGV (0xb) at pc=0x00007fff5c7c1e97, pid=20555, tid=0x0000000000027903
#
# JRE version: Java(TM) SE Runtime Environment (8.0_131-b11) (build 1.8.0_131-b11)
# Java VM: Java HotSpot(TM) 64-Bit Server VM (25.131-b11 mixed mode bsd-amd64 compressed oops)
# Problematic frame:
# C  [libobjc.A.dylib+0x6e97]  objc_msgSend+0x17
#
# Failed to write core dump. Core dumps have been disabled. To enable core dumping, try "ulimit -c unlimited" before starting Java again
#
# If you would like to submit a bug report, please visit:
#   http://bugreport.java.com/bugreport/crash.jsp
# The crash happened outside the Java Virtual Machine in native code.
# See problematic frame for where to report the bug.
#

---------------  T H R E A D  ---------------

Current thread (0x00007ffd1f2e2000):  JavaThread "pool-2-thread-1" [_thread_in_native, id=162051, stack(0x000070000e2bb000,0x000070000e3bb000)]

siginfo: si_signo: 11 (SIGSEGV), si_code: 1 (SEGV_MAPERR), si_addr: 0x00000000c3000002

Registers:
RAX=0x0000000000000000, RBX=0x00007ffd23065b10, RCX=0x0000000000000000, RDX=0x0000000021000001
RSP=0x000070000e3ba318, RBP=0x000070000e3ba340, RSI=0x00007fff33301377, RDI=0x00000000c3000002
R8 =0x0000000000007f00, R9 =0x00007ffd23065cd8, R10=0x00007ffffffffff8, R11=0x00007ffd23065cdc
R12=0x0000000000000010, R13=0x000000011e78e040, R14=0x0000000000000000, R15=0x0000000000000008
RIP=0x00007fff5c7c1e97, EFLAGS=0x0000000000010246, ERR=0x0000000000000004
  TRAPNO=0x000000000000000e

Top of Stack: (sp=0x000070000e3ba318)
0x000070000e3ba318:   00000001259f0bb3 00007fff5c7c1e80
0x000070000e3ba328:   0000000000000000 00007ffd1dd2ec90
0x000070000e3ba338:   00007ffd23217390 000070000e3ba370
0x000070000e3ba348:   00000001259f0321 3ff0000000000000
0x000070000e3ba358:   00007ffd1de87e90 000070000e3ba3e8
0x000070000e3ba368:   00007ffd1f2e2000 000070000e3ba3a0
0x000070000e3ba378:   00000001259e3258 0000000000000000
0x000070000e3ba388:   0000000000000000 0000700000000000
0x000070000e3ba398:   00007ffd1de87e90 000070000e3ba3d0
0x000070000e3ba3a8:   00000001259e35ea 0000000000000000
0x000070000e3ba3b8:   0000000000000000 00007ffd1f2e21f8
0x000070000e3ba3c8:   000070000e3ba4b8 000070000e3ba410
0x000070000e3ba3d8:   00000001245933b2 000070000e3ba410
0x000070000e3ba3e8:   00007fff02010000 00007ffd23277e00
0x000070000e3ba3f8:   0000000000000000 000000011e78e040
0x000070000e3ba408:   000070000e3ba4b8 000070000e3ba480
0x000070000e3ba418:   000000010a99a9f4 0000000000000001
0x000070000e3ba428:   000070000e3ba4c0 0000000000000000
0x000070000e3ba438:   000000010a99aee9 000070000e3ba440
0x000070000e3ba448:   000000011e78e040 000070000e3ba4b8
0x000070000e3ba458:   000000011e78e438 0000000000000000
0x000070000e3ba468:   000000011e78e040 0000000000000000
0x000070000e3ba478:   000070000e3ba4a0 000070000e3ba500
0x000070000e3ba488:   000000010a98aa90 00000007405c6ea0
0x000070000e3ba498:   000000010a994520 00007ffd23277e00
0x000070000e3ba4a8:   0000000740e4aa58 00007ffd1de87e90
0x000070000e3ba4b8:   00007ffd1de87e90 000070000e3ba4c0
0x000070000e3ba4c8:   000000011e78d518 000070000e3ba520
0x000070000e3ba4d8:   000000011e78e438 0000000000000000
0x000070000e3ba4e8:   000000011e78d550 000070000e3ba4a0
0x000070000e3ba4f8:   000070000e3ba518 000070000e3ba568
0x000070000e3ba508:   000000010a98aa90 0000000000000000 

Instructions: (pc=0x00007fff5c7c1e97)
0x00007fff5c7c1e77:   84 00 00 00 00 00 0f 1f 00 48 85 ff 2e 74 62 40
0x00007fff5c7c1e87:   f6 c7 01 2e 75 66 49 ba f8 ff ff ff ff 7f 00 00
0x00007fff5c7c1e97:   4c 23 17 49 89 f3 45 23 5a 18 49 c1 e3 04 4d 03
0x00007fff5c7c1ea7:   5a 10 49 3b 33 75 04 41 ff 63 08 49 83 3b 01 76 

Register to memory mapping:

RAX=0x0000000000000000 is an unknown value
RBX=0x00007ffd23065b10 is an unknown value
RCX=0x0000000000000000 is an unknown value
RDX=0x0000000021000001 is an unknown value
RSP=0x000070000e3ba318 is pointing into the stack for thread: 0x00007ffd1f2e2000
RBP=0x000070000e3ba340 is pointing into the stack for thread: 0x00007ffd1f2e2000
RSI=0x00007fff33301377: .str.41.llvm.DC87FEEF+0x418ba in /System/Library/Frameworks/AppKit.framework/Versions/C/AppKit at 0x00007fff32629000
RDI=0x00000000c3000002 is an unknown value
R8 =0x0000000000007f00 is an unknown value
R9 =0x00007ffd23065cd8 is an unknown value
R10=0x00007ffffffffff8 is an unknown value
R11=0x00007ffd23065cdc is an unknown value
R12=0x0000000000000010 is an unknown value
R13={method} {0x000000011e78e040} 'read_0' '(JJ)Z' in 'org/opencv/videoio/VideoCapture'
R14=0x0000000000000000 is an unknown value
R15=0x0000000000000008 is an unknown value


Stack: [0x000070000e2bb000,0x000070000e3bb000],  sp=0x000070000e3ba318,  free space=1020k
Native frames: (J=compiled Java code, j=interpreted, Vv=VM code, C=native code)
C  [libobjc.A.dylib+0x6e97]  objc_msgSend+0x17
C  [libopencv_videoio.3.4.dylib+0x16321]  CvCaptureCAM::grabFrame(double)+0x5d
C  [libopencv_videoio.3.4.dylib+0x9258]  cv::VideoCapture::grab()+0x3e
C  [libopencv_videoio.3.4.dylib+0x95ea]  cv::VideoCapture::read(cv::_OutputArray const&)+0x2a
C  [libopencv_java341.dylib+0x593b2]  Java_org_opencv_videoio_VideoCapture_read_10+0x30
j  org.opencv.videoio.VideoCapture.read_0(JJ)Z+0
j  org.opencv.videoio.VideoCapture.read(Lorg/opencv/core/Mat;)Z+8
j  it.polito.teaching.cv.ObjRecognitionController.grabFrame()Lorg/opencv/core/Mat;+23
j  it.polito.teaching.cv.ObjRecognitionController.access$0(Lit/polito/teaching/cv/ObjRecognitionController;)Lorg/opencv/core/Mat;+1
j  it.polito.teaching.cv.ObjRecognitionController$1.run()V+4
J 2609 C1 java.util.concurrent.Executors$RunnableAdapter.call()Ljava/lang/Object; (14 bytes) @ 0x000000010b112394 [0x000000010b112280+0x114]
J 2608 C1 java.util.concurrent.FutureTask.runAndReset()Z (128 bytes) @ 0x000000010b11176c [0x000000010b111500+0x26c]
j  java.util.concurrent.ScheduledThreadPoolExecutor$ScheduledFutureTask.access$301(Ljava/util/concurrent/ScheduledThreadPoolExecutor$ScheduledFutureTask;)Z+1
j  java.util.concurrent.ScheduledThreadPoolExecutor$ScheduledFutureTask.run()V+37
j  java.util.concurrent.ThreadPoolExecutor.runWorker(Ljava/util/concurrent/ThreadPoolExecutor$Worker;)V+95
j  java.util.concurrent.ThreadPoolExecutor$Worker.run()V+5
j  java.lang.Thread.run()V+11
v  ~StubRoutines::call_stub
V  [libjvm.dylib+0x2ee5b6]  JavaCalls::call_helper(JavaValue*, methodHandle*, JavaCallArguments*, Thread*)+0x6ae
V  [libjvm.dylib+0x2eed5a]  JavaCalls::call_virtual(JavaValue*, KlassHandle, Symbol*, Symbol*, JavaCallArguments*, Thread*)+0x164
V  [libjvm.dylib+0x2eef06]  JavaCalls::call_virtual(JavaValue*, Handle, KlassHandle, Symbol*, Symbol*, Thread*)+0x4a
V  [libjvm.dylib+0x34965d]  thread_entry(JavaThread*, Thread*)+0x7c
V  [libjvm.dylib+0x56b87f]  JavaThread::thread_main_inner()+0x9b
V  [libjvm.dylib+0x56cf6c]  JavaThread::run()+0x1c2
V  [libjvm.dylib+0x48b376]  java_start(Thread*)+0xf6
C  [libsystem_pthread.dylib+0x3661]  _pthread_body+0x154
C  [libsystem_pthread.dylib+0x350d]  _pthread_body+0x0
C  [libsystem_pthread.dylib+0x2bf9]  thread_start+0xd
C  0x0000000000000000

Java frames: (J=compiled Java code, j=interpreted, Vv=VM code)
j  org.opencv.videoio.VideoCapture.read_0(JJ)Z+0
j  org.opencv.videoio.VideoCapture.read(Lorg/opencv/core/Mat;)Z+8
j  it.polito.teaching.cv.ObjRecognitionController.grabFrame()Lorg/opencv/core/Mat;+23
j  it.polito.teaching.cv.ObjRecognitionController.access$0(Lit/polito/teaching/cv/ObjRecognitionController;)Lorg/opencv/core/Mat;+1
j  it.polito.teaching.cv.ObjRecognitionController$1.run()V+4
J 2609 C1 java.util.concurrent.Executors$RunnableAdapter.call()Ljava/lang/Object; (14 bytes) @ 0x000000010b112394 [0x000000010b112280+0x114]
J 2608 C1 java.util.concurrent.FutureTask.runAndReset()Z (128 bytes) @ 0x000000010b11176c [0x000000010b111500+0x26c]
j  java.util.concurrent.ScheduledThreadPoolExecutor$ScheduledFutureTask.access$301(Ljava/util/concurrent/ScheduledThreadPoolExecutor$ScheduledFutureTask;)Z+1
j  java.util.concurrent.ScheduledThreadPoolExecutor$ScheduledFutureTask.run()V+37
j  java.util.concurrent.ThreadPoolExecutor.runWorker(Ljava/util/concurrent/ThreadPoolExecutor$Worker;)V+95
j  java.util.concurrent.ThreadPoolExecutor$Worker.run()V+5
j  java.lang.Thread.run()V+11
v  ~StubRoutines::call_stub

---------------  P R O C E S S  ---------------

Java Threads: ( => current thread )
  0x00007ffd1f8a8000 JavaThread "DestroyJavaVM" [_thread_blocked, id=9475, stack(0x000070000c064000,0x000070000c164000)]
  0x00007ffd1fa3b800 JavaThread "Grizzly-worker(1)" daemon [_thread_blocked, id=143107, stack(0x000070000e6c7000,0x000070000e7c7000)]
  0x00007ffd1e899000 JavaThread "Grizzly-kernel(1) SelectorRunner" daemon [_thread_in_native, id=160567, stack(0x000070000e5c4000,0x000070000e6c4000)]
  0x00007ffd1fae8000 JavaThread "Java2D Disposer" daemon [_thread_blocked, id=142099, stack(0x000070000e4c1000,0x000070000e5c1000)]
  0x00007ffd1f885000 JavaThread "Java2D Queue Flusher" daemon [_thread_blocked, id=161559, stack(0x000070000e3be000,0x000070000e4be000)]
=>0x00007ffd1f2e2000 JavaThread "pool-2-thread-1" [_thread_in_native, id=162051, stack(0x000070000e2bb000,0x000070000e3bb000)]
  0x00007ffd1fa0b800 JavaThread "Prism Font Disposer" daemon [_thread_blocked, id=78155, stack(0x000070000d320000,0x000070000d420000)]
  0x00007ffd1e8d8800 JavaThread "Thread-3" daemon [_thread_in_native, id=29955, stack(0x000070000d094000,0x000070000d114000)]
  0x00007ffd1e8b8000 JavaThread "Thread-1" daemon [_thread_blocked, id=41483, stack(0x000070000cf91000,0x000070000d091000)]
  0x00007ffd1f00a000 JavaThread "Service Thread" daemon [_thread_blocked, id=18179, stack(0x000070000cc88000,0x000070000cd88000)]
  0x00007ffd1e82c000 JavaThread "C1 CompilerThread2" daemon [_thread_blocked, id=18435, stack(0x000070000cb85000,0x000070000cc85000)]
  0x00007ffd1f00f800 JavaThread "C2 CompilerThread1" daemon [_thread_blocked, id=14339, stack(0x000070000ca82000,0x000070000cb82000)]
  0x00007ffd1f009000 JavaThread "C2 CompilerThread0" daemon [_thread_blocked, id=13827, stack(0x000070000c97f000,0x000070000ca7f000)]
  0x00007ffd1f811800 JavaThread "Signal Dispatcher" daemon [_thread_blocked, id=18695, stack(0x000070000c87c000,0x000070000c97c000)]
  0x00007ffd1e841800 JavaThread "Finalizer" daemon [_thread_blocked, id=12035, stack(0x000070000c779000,0x000070000c879000)]
  0x00007ffd1e02e000 JavaThread "Reference Handler" daemon [_thread_blocked, id=11523, stack(0x000070000c676000,0x000070000c776000)]

Other Threads:
  0x00007ffd1e83f000 VMThread [stack: 0x000070000c573000,0x000070000c673000] [id=20995]
  0x00007ffd1e018000 WatcherThread [stack: 0x000070000cd8b000,0x000070000ce8b000] [id=17667]

VM state:not at safepoint (normal execution)

VM Mutex/Monitor currently owned by a thread: None

Heap:
 PSYoungGen      total 134656K, used 1328K [0x0000000795580000, 0x00000007a5900000, 0x00000007c0000000)
  eden space 130560K, 1% used [0x0000000795580000,0x00000007956cc0c0,0x000000079d500000)
  from space 4096K, 0% used [0x00000007a4c80000,0x00000007a4c80000,0x00000007a5080000)
  to   space 8704K, 0% used [0x00000007a5080000,0x00000007a5080000,0x00000007a5900000)
 ParOldGen       total 58880K, used 12060K [0x0000000740000000, 0x0000000743980000, 0x0000000795580000)
  object space 58880K, 20% used [0x0000000740000000,0x0000000740bc7130,0x0000000743980000)
 Metaspace       used 21835K, capacity 22570K, committed 22784K, reserved 1069056K
  class space    used 2838K, capacity 3046K, committed 3072K, reserved 1048576K

Card table byte_map: [0x0000000119983000,0x0000000119d84000] byte_map_base: 0x0000000115f83000

Marking Bits: (ParMarkBitMap*) 0x000000010a2d1ea0
 Begin Bits: [0x0000000119d84000, 0x000000011bd84000)
 End Bits:   [0x000000011bd84000, 0x000000011dd84000)

Polling page: 0x0000000108906000

CodeCache: size=245760Kb used=8063Kb max_used=8314Kb free=237696Kb
 bounds [0x000000010a983000, 0x000000010b1b3000, 0x0000000119983000]
 total_blobs=3621 nmethods=2703 adapters=831
 compilation: enabled

Compilation events (10 events):
Event: 56.495 Thread 0x00007ffd1e82c000 2835       3       sun.awt.image.BufImgSurfaceData::createDataBC (84 bytes)
Event: 56.499 Thread 0x00007ffd1e82c000 nmethod 2835 0x000000010b1a4c10 code [0x000000010b1a4e20, 0x000000010b1a5ab8]
Event: 56.499 Thread 0x00007ffd1e82c000 2836       3       sun.awt.image.ByteInterleavedRaster::getDataOffset (7 bytes)
Event: 56.500 Thread 0x00007ffd1e82c000 nmethod 2836 0x000000010aab0810 code [0x000000010aab0980, 0x000000010aab0af0]
Event: 56.633 Thread 0x00007ffd1f00f800 2841 %     4       com.sun.prism.impl.BaseResourcePool::cleanup @ 10 (145 bytes)
Event: 56.639 Thread 0x00007ffd1f00f800 nmethod 2841% 0x000000010ac6d6d0 code [0x000000010ac6d860, 0x000000010ac6dc38]
Event: 56.811 Thread 0x00007ffd1e82c000 2842       3       javafx.beans.property.BooleanPropertyBase::isBound (13 bytes)
Event: 56.812 Thread 0x00007ffd1e82c000 nmethod 2842 0x000000010acac450 code [0x000000010acac5c0, 0x000000010acac770]
Event: 56.816 Thread 0x00007ffd1e82c000 2844       3       java.util.AbstractList::iterator (10 bytes)
Event: 56.816 Thread 0x00007ffd1e82c000 nmethod 2844 0x000000010ab3b410 code [0x000000010ab3b580, 0x000000010ab3b870]

GC Heap History (10 events):
Event: 53.721 GC heap before
{Heap before GC invocations=19 (full 1):
 PSYoungGen      total 159744K, used 158920K [0x0000000795580000, 0x00000007a6800000, 0x00000007c0000000)
  eden space 152064K, 99% used [0x0000000795580000,0x000000079e982248,0x000000079ea00000)
  from space 7680K, 95% used [0x00000007a5980000,0x00000007a60b0060,0x00000007a6100000)
  to   space 7168K, 0% used [0x00000007a6100000,0x00000007a6100000,0x00000007a6800000)
 ParOldGen       total 64512K, used 43140K [0x0000000740000000, 0x0000000743f00000, 0x0000000795580000)
  object space 64512K, 66% used [0x0000000740000000,0x0000000742a212c0,0x0000000743f00000)
 Metaspace       used 21740K, capacity 22392K, committed 22528K, reserved 1069056K
  class space    used 2831K, capacity 3035K, committed 3072K, reserved 1048576K
Event: 53.723 GC heap after
Heap after GC invocations=19 (full 1):
 PSYoungGen      total 153088K, used 6160K [0x0000000795580000, 0x00000007a6780000, 0x00000007c0000000)
  eden space 146432K, 0% used [0x0000000795580000,0x0000000795580000,0x000000079e480000)
  from space 6656K, 92% used [0x00000007a6100000,0x00000007a6704050,0x00000007a6780000)
  to   space 10240K, 0% used [0x00000007a5380000,0x00000007a5380000,0x00000007a5d80000)
 ParOldGen       total 64512K, used 47972K [0x0000000740000000, 0x0000000743f00000, 0x0000000795580000)
  object space 64512K, 74% used [0x0000000740000000,0x0000000742ed9300,0x0000000743f00000)
 Metaspace       used 21740K, capacity 22392K, committed 22528K, reserved 1069056K
  class space    used 2831K, capacity 3035K, committed 3072K, reserved 1048576K
}
Event: 55.052 GC heap before
{Heap before GC invocations=20 (full 1):
 PSYoungGen      total 153088K, used 152160K [0x0000000795580000, 0x00000007a6780000, 0x00000007c0000000)
  eden space 146432K, 99% used [0x0000000795580000,0x000000079e414238,0x000000079e480000)
  from space 6656K, 92% used [0x00000007a6100000,0x00000007a6704050,0x00000007a6780000)
  to   space 10240K, 0% used [0x00000007a5380000,0x00000007a5380000,0x00000007a5d80000)
 ParOldGen       total 64512K, used 47972K [0x0000000740000000, 0x0000000743f00000, 0x0000000795580000)
  object space 64512K, 74% used [0x0000000740000000,0x0000000742ed9300,0x0000000743f00000)
 Metaspace       used 21769K, capacity 22456K, committed 22784K, reserved 1069056K
  class space    used 2831K, capacity 3035K, committed 3072K, reserved 1048576K
Event: 55.058 GC heap after
Heap after GC invocations=20 (full 1):
 PSYoungGen      total 145920K, used 5084K [0x0000000795580000, 0x00000007a6180000, 0x00000007c0000000)
  eden space 140800K, 0% used [0x0000000795580000,0x0000000795580000,0x000000079df00000)
  from space 5120K, 99% used [0x00000007a5380000,0x00000007a5877050,0x00000007a5880000)
  to   space 9216K, 0% used [0x00000007a5880000,0x00000007a5880000,0x00000007a6180000)
 ParOldGen       total 64512K, used 50404K [0x0000000740000000, 0x0000000743f00000, 0x0000000795580000)
  object space 64512K, 78% used [0x0000000740000000,0x0000000743139320,0x0000000743f00000)
 Metaspace       used 21769K, capacity 22456K, committed 22784K, reserved 1069056K
  class space    used 2831K, capacity 3035K, committed 3072K, reserved 1048576K
}
Event: 55.878 GC heap before
{Heap before GC invocations=21 (full 1):
 PSYoungGen      total 145920K, used 145285K [0x0000000795580000, 0x00000007a6180000, 0x00000007c0000000)
  eden space 140800K, 99% used [0x0000000795580000,0x000000079de6a698,0x000000079df00000)
  from space 5120K, 99% used [0x00000007a5380000,0x00000007a5877050,0x00000007a5880000)
  to   space 9216K, 0% used [0x00000007a5880000,0x00000007a5880000,0x00000007a6180000)
 ParOldGen       total 64512K, used 50404K [0x0000000740000000, 0x0000000743f00000, 0x0000000795580000)
  object space 64512K, 78% used [0x0000000740000000,0x0000000743139320,0x0000000743f00000)
 Metaspace       used 21790K, capacity 22456K, committed 22784K, reserved 1069056K
  class space    used 2831K, capacity 3035K, committed 3072K, reserved 1048576K
Event: 55.888 GC heap after
Heap after GC invocations=21 (full 1):
 PSYoungGen      total 144896K, used 8860K [0x0000000795580000, 0x00000007a6180000, 0x00000007c0000000)
  eden space 135680K, 0% used [0x0000000795580000,0x0000000795580000,0x000000079da00000)
  from space 9216K, 96% used [0x00000007a5880000,0x00000007a6127080,0x00000007a6180000)
  to   space 10752K, 0% used [0x00000007a4c80000,0x00000007a4c80000,0x00000007a5700000)
 ParOldGen       total 64512K, used 55060K [0x0000000740000000, 0x0000000743f00000, 0x0000000795580000)
  object space 64512K, 85% used [0x0000000740000000,0x00000007435c5360,0x0000000743f00000)
 Metaspace       used 21790K, capacity 22456K, committed 22784K, reserved 1069056K
  class space    used 2831K, capacity 3035K, committed 3072K, reserved 1048576K
}
Event: 56.847 GC heap before
{Heap before GC invocations=22 (full 1):
 PSYoungGen      total 144896K, used 144540K [0x0000000795580000, 0x00000007a6180000, 0x00000007c0000000)
  eden space 135680K, 100% used [0x0000000795580000,0x000000079da00000,0x000000079da00000)
  from space 9216K, 96% used [0x00000007a5880000,0x00000007a6127080,0x00000007a6180000)
  to   space 10752K, 0% used [0x00000007a4c80000,0x00000007a4c80000,0x00000007a5700000)
 ParOldGen       total 64512K, used 55060K [0x0000000740000000, 0x0000000743f00000, 0x0000000795580000)
  object space 64512K, 85% used [0x0000000740000000,0x00000007435c5360,0x0000000743f00000)
 Metaspace       used 21826K, capacity 22552K, committed 22784K, reserved 1069056K
  class space    used 2835K, capacity 3041K, committed 3072K, reserved 1048576K
Event: 56.854 GC heap after
Heap after GC invocations=22 (full 1):
 PSYoungGen      total 134656K, used 3760K [0x0000000795580000, 0x00000007a5900000, 0x00000007c0000000)
  eden space 130560K, 0% used [0x0000000795580000,0x0000000795580000,0x000000079d500000)
  from space 4096K, 91% used [0x00000007a4c80000,0x00000007a502c030,0x00000007a5080000)
  to   space 8704K, 0% used [0x00000007a5080000,0x00000007a5080000,0x00000007a5900000)
 ParOldGen       total 64512K, used 58706K [0x0000000740000000, 0x0000000743f00000, 0x0000000795580000)
  object space 64512K, 91% used [0x0000000740000000,0x0000000743954ba0,0x0000000743f00000)
 Metaspace       used 21826K, capacity 22552K, committed 22784K, reserved 1069056K
  class space    used 2835K, capacity 3041K, committed 3072K, reserved 1048576K
}
Event: 56.854 GC heap before
{Heap before GC invocations=23 (full 2):
 PSYoungGen      total 134656K, used 3760K [0x0000000795580000, 0x00000007a5900000, 0x00000007c0000000)
  eden space 130560K, 0% used [0x0000000795580000,0x0000000795580000,0x000000079d500000)
  from space 4096K, 91% used [0x00000007a4c80000,0x00000007a502c030,0x00000007a5080000)
  to   space 8704K, 0% used [0x00000007a5080000,0x00000007a5080000,0x00000007a5900000)
 ParOldGen       total 64512K, used 58706K [0x0000000740000000, 0x0000000743f00000, 0x0000000795580000)
  object space 64512K, 91% used [0x0000000740000000,0x0000000743954ba0,0x0000000743f00000)
 Metaspace       used 21826K, capacity 22552K, committed 22784K, reserved 1069056K
  class space    used 2835K, capacity 3041K, committed 3072K, reserved 1048576K
Event: 56.903 GC heap after
Heap after GC invocations=23 (full 2):
 PSYoungGen      total 134656K, used 0K [0x0000000795580000, 0x00000007a5900000, 0x00000007c0000000)
  eden space 130560K, 0% used [0x0000000795580000,0x0000000795580000,0x000000079d500000)
  from space 4096K, 0% used [0x00000007a4c80000,0x00000007a4c80000,0x00000007a5080000)
  to   space 8704K, 0% used [0x00000007a5080000,0x00000007a5080000,0x00000007a5900000)
 ParOldGen       total 58880K, used 12060K [0x0000000740000000, 0x0000000743980000, 0x0000000795580000)
  object space 58880K, 20% used [0x0000000740000000,0x0000000740bc7130,0x0000000743980000)
 Metaspace       used 21826K, capacity 22552K, committed 22784K, reserved 1069056K
  class space    used 2835K, capacity 3041K, committed 3072K, reserved 1048576K
}

Deoptimization events (10 events):
Event: 9.474 Thread 0x00007ffd1f2e2000 Uncommon trap: reason=unstable_if action=reinterpret pc=0x000000010ae46a04 method=com.sun.javafx.image.impl.IntTo4ByteSameConverter.doConvert([III[BIIII)V @ 29
Event: 9.614 Thread 0x00007ffd1f163800 Uncommon trap: reason=unstable_if action=reinterpret pc=0x000000010ae49e0c method=java.util.WeakHashMap.expungeStaleEntries()V @ 66
Event: 10.297 Thread 0x00007ffd1f2e2000 Uncommon trap: reason=unstable_if action=reinterpret pc=0x000000010ad002b0 method=java.util.HashMap.isEmpty()Z @ 4
Event: 10.369 Thread 0x00007ffd1f2e2000 Uncommon trap: reason=class_check action=maybe_recompile pc=0x000000010acce5d4 method=java.util.HashMap.putVal(ILjava/lang/Object;Ljava/lang/Object;ZZ)Ljava/lang/Object; @ 203
Event: 10.374 Thread 0x00007ffd1f2e2000 Uncommon trap: reason=range_check action=make_not_entrant pc=0x000000010aec3bc8 method=sun.reflect.generics.parser.SignatureParser.current()C @ 34
Event: 10.392 Thread 0x00007ffd1f2e2000 Uncommon trap: reason=class_check action=maybe_recompile pc=0x000000010accb164 method=java.util.HashMap.putVal(ILjava/lang/Object;Ljava/lang/Object;ZZ)Ljava/lang/Object; @ 253
Event: 10.392 Thread 0x00007ffd1f2e2000 Uncommon trap: reason=class_check action=maybe_recompile pc=0x000000010accb164 method=java.util.HashMap.putVal(ILjava/lang/Object;Ljava/lang/Object;ZZ)Ljava/lang/Object; @ 253
Event: 10.392 Thread 0x00007ffd1f2e2000 Uncommon trap: reason=class_check action=maybe_recompile pc=0x000000010accb164 method=java.util.HashMap.putVal(ILjava/lang/Object;Ljava/lang/Object;ZZ)Ljava/lang/Object; @ 253
Event: 10.747 Thread 0x00007ffd1fa3b800 Uncommon trap: reason=unstable_if action=reinterpret pc=0x000000010ae4edf8 method=java.lang.String.regionMatches(ZILjava/lang/String;II)Z @ 123
Event: 56.766 Thread 0x00007ffd1f8a8000 Uncommon trap: reason=unstable_if action=reinterpret pc=0x000000010b1387a4 method=java.util.concurrent.locks.ReentrantLock$Sync.tryRelease(I)Z @ 28

Internal exceptions (10 events):
Event: 10.355 Thread 0x00007ffd1f2e2000 Exception <a 'java/lang/ArrayIndexOutOfBoundsException'> (0x00000007958dd980) thrown at [/Users/java_re/workspace/8-2-build-macosx-x86_64/jdk8u131/8869/hotspot/src/share/vm/runtime/sharedRuntime.cpp, line 605]
Event: 10.355 Thread 0x00007ffd1f2e2000 Exception <a 'java/lang/ArrayIndexOutOfBoundsException'> (0x00000007958def48) thrown at [/Users/java_re/workspace/8-2-build-macosx-x86_64/jdk8u131/8869/hotspot/src/share/vm/runtime/sharedRuntime.cpp, line 605]
Event: 10.355 Thread 0x00007ffd1f2e2000 Exception <a 'java/lang/ArrayIndexOutOfBoundsException'> (0x00000007958e0528) thrown at [/Users/java_re/workspace/8-2-build-macosx-x86_64/jdk8u131/8869/hotspot/src/share/vm/runtime/sharedRuntime.cpp, line 605]
Event: 10.355 Thread 0x00007ffd1f2e2000 Exception <a 'java/lang/ArrayIndexOutOfBoundsException'> (0x00000007958e1b18) thrown at [/Users/java_re/workspace/8-2-build-macosx-x86_64/jdk8u131/8869/hotspot/src/share/vm/runtime/sharedRuntime.cpp, line 605]
Event: 10.356 Thread 0x00007ffd1f2e2000 Exception <a 'java/lang/ArrayIndexOutOfBoundsException'> (0x00000007958e30e0) thrown at [/Users/java_re/workspace/8-2-build-macosx-x86_64/jdk8u131/8869/hotspot/src/share/vm/runtime/sharedRuntime.cpp, line 605]
Event: 10.374 Thread 0x00007ffd1f2e2000 Exception <a 'java/lang/ArrayIndexOutOfBoundsException': 139> (0x000000079599a8e0) thrown at [/Users/java_re/workspace/8-2-build-macosx-x86_64/jdk8u131/8869/hotspot/src/share/vm/interpreter/interpreterRuntime.cpp, line 366]
Event: 10.375 Thread 0x00007ffd1f2e2000 Exception <a 'java/lang/ArrayIndexOutOfBoundsException': 65> (0x00000007959a3488) thrown at [/Users/java_re/workspace/8-2-build-macosx-x86_64/jdk8u131/8869/hotspot/src/share/vm/interpreter/interpreterRuntime.cpp, line 366]
Event: 10.375 Thread 0x00007ffd1f2e2000 Exception <a 'java/lang/ArrayIndexOutOfBoundsException': 149> (0x00000007959a4db8) thrown at [/Users/java_re/workspace/8-2-build-macosx-x86_64/jdk8u131/8869/hotspot/src/share/vm/interpreter/interpreterRuntime.cpp, line 366]
Event: 10.375 Thread 0x00007ffd1f2e2000 Exception <a 'java/lang/ArrayIndexOutOfBoundsException': 65> (0x00000007959a9c30) thrown at [/Users/java_re/workspace/8-2-build-macosx-x86_64/jdk8u131/8869/hotspot/src/share/vm/interpreter/interpreterRuntime.cpp, line 366]
Event: 10.375 Thread 0x00007ffd1f2e2000 Exception <a 'java/lang/ArrayIndexOutOfBoundsException': 65> (0x00000007959aae58) thrown at [/Users/java_re/workspace/8-2-build-macosx-x86_64/jdk8u131/8869/hotspot/src/share/vm/interpreter/interpreterRuntime.cpp, line 366]

Events (10 events):
Event: 56.903 Executing VM operation: ParallelGCFailedAllocation done
Event: 56.907 loading class com/sun/javafx/tk/quantum/QuantumRenderer
Event: 56.907 loading class com/sun/javafx/tk/quantum/QuantumRenderer done
Event: 56.908 loading class com/sun/javafx/tk/quantum/QuantumToolkit
Event: 56.908 loading class com/sun/javafx/tk/quantum/QuantumToolkit done
Event: 56.908 Thread 0x00007ffd1f163800 Thread exited: 0x00007ffd1f163800
Event: 56.908 Thread 0x00007ffd1e133800 Thread exited: 0x00007ffd1e133800
Event: 56.909 Thread 0x00007ffd1f8a8000 Thread exited: 0x00007ffd1f8a8000
Event: 56.909 Thread 0x00007ffd1e019800 Thread exited: 0x00007ffd1e019800
Event: 56.909 Thread 0x00007ffd1f8a8000 Thread added: 0x00007ffd1f8a8000


Dynamic libraries:
0x000000000d532000 	/System/Library/Frameworks/Cocoa.framework/Versions/A/Cocoa
0x000000000d532000 	/System/Library/Frameworks/Security.framework/Versions/A/Security
0x000000000d532000 	/System/Library/Frameworks/ApplicationServices.framework/Versions/A/ApplicationServices
0x000000000d532000 	/usr/lib/libz.1.dylib
0x000000000d532000 	/usr/lib/libSystem.B.dylib
0x000000000d532000 	/usr/lib/libobjc.A.dylib
0x000000000d532000 	/System/Library/Frameworks/CoreFoundation.framework/Versions/A/CoreFoundation
0x000000000d532000 	/System/Library/Frameworks/Foundation.framework/Versions/C/Foundation
0x000000000d532000 	/System/Library/Frameworks/AppKit.framework/Versions/C/AppKit
0x000000000d532000 	/System/Library/Frameworks/CoreData.framework/Versions/A/CoreData
0x000000000d532000 	/System/Library/PrivateFrameworks/RemoteViewServices.framework/Versions/A/RemoteViewServices
0x000000000d532000 	/System/Library/PrivateFrameworks/UIFoundation.framework/Versions/A/UIFoundation
0x000000000d532000 	/System/Library/PrivateFrameworks/DFRFoundation.framework/Versions/A/DFRFoundation
0x000000000d532000 	/System/Library/Frameworks/Metal.framework/Versions/A/Metal
0x000000000d532000 	/System/Library/PrivateFrameworks/DesktopServicesPriv.framework/Versions/A/DesktopServicesPriv
0x000000000d532000 	/usr/lib/libenergytrace.dylib
0x000000000d532000 	/System/Library/PrivateFrameworks/SkyLight.framework/Versions/A/SkyLight
0x000000000d532000 	/System/Library/Frameworks/CoreGraphics.framework/Versions/A/CoreGraphics
0x000000000d532000 	/usr/lib/libScreenReader.dylib
0x000000000d532000 	/System/Library/Frameworks/Accelerate.framework/Versions/A/Accelerate
0x000000000d532000 	/System/Library/Frameworks/IOSurface.framework/Versions/A/IOSurface
0x000000000d532000 	/System/Library/Frameworks/AudioToolbox.framework/Versions/A/AudioToolbox
0x000000000d532000 	/System/Library/Frameworks/AudioUnit.framework/Versions/A/AudioUnit
0x000000000d532000 	/System/Library/PrivateFrameworks/DataDetectorsCore.framework/Versions/A/DataDetectorsCore
0x000000000d532000 	/System/Library/Frameworks/Carbon.framework/Versions/A/Frameworks/HIToolbox.framework/Versions/A/HIToolbox
0x000000000d532000 	/usr/lib/libicucore.A.dylib
0x000000000d532000 	/System/Library/Frameworks/QuartzCore.framework/Versions/A/QuartzCore
0x000000000d532000 	/System/Library/PrivateFrameworks/SignpostNotification.framework/Versions/A/SignpostNotification
0x000000000d532000 	/System/Library/Frameworks/Carbon.framework/Versions/A/Frameworks/SpeechRecognition.framework/Versions/A/SpeechRecognition
0x000000000d532000 	/usr/lib/libauto.dylib
0x000000000d532000 	/usr/lib/libxml2.2.dylib
0x000000000d532000 	/System/Library/PrivateFrameworks/CoreUI.framework/Versions/A/CoreUI
0x000000000d532000 	/System/Library/Frameworks/CoreAudio.framework/Versions/A/CoreAudio
0x000000000d532000 	/System/Library/Frameworks/DiskArbitration.framework/Versions/A/DiskArbitration
0x000000000d532000 	/usr/lib/liblangid.dylib
0x000000000d532000 	/System/Library/PrivateFrameworks/MultitouchSupport.framework/Versions/A/MultitouchSupport
0x000000000d532000 	/System/Library/Frameworks/IOKit.framework/Versions/A/IOKit
0x000000000d532000 	/usr/lib/libDiagnosticMessagesClient.dylib
0x000000000d532000 	/System/Library/Frameworks/CoreServices.framework/Versions/A/CoreServices
0x000000000d532000 	/System/Library/PrivateFrameworks/PerformanceAnalysis.framework/Versions/A/PerformanceAnalysis
0x000000000d532000 	/System/Library/Frameworks/OpenGL.framework/Versions/A/OpenGL
0x000000000d532000 	/System/Library/Frameworks/ColorSync.framework/Versions/A/ColorSync
0x000000000d532000 	/System/Library/Frameworks/CoreImage.framework/Versions/A/CoreImage
0x000000000d532000 	/System/Library/Frameworks/CoreText.framework/Versions/A/CoreText
0x000000000d532000 	/System/Library/Frameworks/ImageIO.framework/Versions/A/ImageIO
0x000000000d532000 	/System/Library/PrivateFrameworks/Backup.framework/Versions/A/Backup
0x000000000d532000 	/usr/lib/libarchive.2.dylib
0x000000000d532000 	/System/Library/Frameworks/CFNetwork.framework/Versions/A/CFNetwork
0x000000000d532000 	/System/Library/Frameworks/SystemConfiguration.framework/Versions/A/SystemConfiguration
0x000000000d532000 	/usr/lib/libCRFSuite.dylib
0x000000000d532000 	/usr/lib/libc++.1.dylib
0x000000000d532000 	/usr/lib/libc++abi.dylib
0x000000000d532000 	/usr/lib/system/libcache.dylib
0x000000000d532000 	/usr/lib/system/libcommonCrypto.dylib
0x000000000d532000 	/usr/lib/system/libcompiler_rt.dylib
0x000000000d532000 	/usr/lib/system/libcopyfile.dylib
0x000000000d532000 	/usr/lib/system/libcorecrypto.dylib
0x000000000d532000 	/usr/lib/system/libdispatch.dylib
0x000000000d532000 	/usr/lib/system/libdyld.dylib
0x000000000d532000 	/usr/lib/system/libkeymgr.dylib
0x000000000d532000 	/usr/lib/system/liblaunch.dylib
0x000000000d532000 	/usr/lib/system/libmacho.dylib
0x000000000d532000 	/usr/lib/system/libquarantine.dylib
0x000000000d532000 	/usr/lib/system/libremovefile.dylib
0x000000000d532000 	/usr/lib/system/libsystem_asl.dylib
0x000000000d532000 	/usr/lib/system/libsystem_blocks.dylib
0x000000000d532000 	/usr/lib/system/libsystem_c.dylib
0x000000000d532000 	/usr/lib/system/libsystem_configuration.dylib
0x000000000d532000 	/usr/lib/system/libsystem_coreservices.dylib
0x000000000d532000 	/usr/lib/system/libsystem_darwin.dylib
0x000000000d532000 	/usr/lib/system/libsystem_dnssd.dylib
0x000000000d532000 	/usr/lib/system/libsystem_info.dylib
0x000000000d532000 	/usr/lib/system/libsystem_m.dylib
0x000000000d532000 	/usr/lib/system/libsystem_malloc.dylib
0x000000000d532000 	/usr/lib/system/libsystem_network.dylib
0x000000000d532000 	/usr/lib/system/libsystem_networkextension.dylib
0x000000000d532000 	/usr/lib/system/libsystem_notify.dylib
0x000000000d532000 	/usr/lib/system/libsystem_sandbox.dylib
0x000000000d532000 	/usr/lib/system/libsystem_secinit.dylib
0x000000000d532000 	/usr/lib/system/libsystem_kernel.dylib
0x000000000d532000 	/usr/lib/system/libsystem_platform.dylib
0x000000000d532000 	/usr/lib/system/libsystem_pthread.dylib
0x000000000d532000 	/usr/lib/system/libsystem_symptoms.dylib
0x000000000d532000 	/usr/lib/system/libsystem_trace.dylib
0x000000000d532000 	/usr/lib/system/libunwind.dylib
0x000000000d532000 	/usr/lib/system/libxpc.dylib
0x000000000d532000 	/usr/lib/closure/libclosured.dylib
0x000000000d532000 	/usr/lib/libbsm.0.dylib
0x000000000d532000 	/usr/lib/system/libkxld.dylib
0x000000000d532000 	/usr/lib/libOpenScriptingUtil.dylib
0x000000000d532000 	/usr/lib/libcoretls.dylib
0x000000000d532000 	/usr/lib/libcoretls_cfhelpers.dylib
0x000000000d532000 	/usr/lib/libpam.2.dylib
0x000000000d532000 	/usr/lib/libsqlite3.dylib
0x000000000d532000 	/usr/lib/libxar.1.dylib
0x000000000d532000 	/usr/lib/libbz2.1.0.dylib
0x000000000d532000 	/usr/lib/liblzma.5.dylib
0x000000000d532000 	/usr/lib/libnetwork.dylib
0x000000000d532000 	/usr/lib/libapple_nghttp2.dylib
0x000000000d532000 	/usr/lib/libpcap.A.dylib
0x000000000d532000 	/usr/lib/libboringssl.dylib
0x000000000d532000 	/usr/lib/libusrtcp.dylib
0x000000000d532000 	/usr/lib/libapple_crypto.dylib
0x000000000d532000 	/System/Library/Frameworks/CoreServices.framework/Versions/A/Frameworks/FSEvents.framework/Versions/A/FSEvents
0x000000000d532000 	/System/Library/Frameworks/CoreServices.framework/Versions/A/Frameworks/CarbonCore.framework/Versions/A/CarbonCore
0x000000000d532000 	/System/Library/Frameworks/CoreServices.framework/Versions/A/Frameworks/Metadata.framework/Versions/A/Metadata
0x000000000d532000 	/System/Library/Frameworks/CoreServices.framework/Versions/A/Frameworks/OSServices.framework/Versions/A/OSServices
0x000000000d532000 	/System/Library/Frameworks/CoreServices.framework/Versions/A/Frameworks/SearchKit.framework/Versions/A/SearchKit
0x000000000d532000 	/System/Library/Frameworks/CoreServices.framework/Versions/A/Frameworks/AE.framework/Versions/A/AE
0x000000000d532000 	/System/Library/Frameworks/CoreServices.framework/Versions/A/Frameworks/LaunchServices.framework/Versions/A/LaunchServices
0x000000000d532000 	/System/Library/Frameworks/CoreServices.framework/Versions/A/Frameworks/DictionaryServices.framework/Versions/A/DictionaryServices
0x000000000d532000 	/System/Library/Frameworks/CoreServices.framework/Versions/A/Frameworks/SharedFileList.framework/Versions/A/SharedFileList
0x000000000d532000 	/System/Library/Frameworks/NetFS.framework/Versions/A/NetFS
0x000000000d532000 	/System/Library/PrivateFrameworks/NetAuth.framework/Versions/A/NetAuth
0x000000000d532000 	/System/Library/PrivateFrameworks/login.framework/Versions/A/Frameworks/loginsupport.framework/Versions/A/loginsupport
0x000000000d532000 	/System/Library/PrivateFrameworks/TCC.framework/Versions/A/TCC
0x000000000d532000 	/usr/lib/libmecabra.dylib
0x000000000d532000 	/System/Library/Frameworks/ApplicationServices.framework/Versions/A/Frameworks/ATS.framework/Versions/A/ATS
0x000000000d532000 	/System/Library/Frameworks/ApplicationServices.framework/Versions/A/Frameworks/ColorSyncLegacy.framework/Versions/A/ColorSyncLegacy
0x000000000d532000 	/System/Library/Frameworks/ApplicationServices.framework/Versions/A/Frameworks/HIServices.framework/Versions/A/HIServices
0x000000000d532000 	/System/Library/Frameworks/ApplicationServices.framework/Versions/A/Frameworks/LangAnalysis.framework/Versions/A/LangAnalysis
0x000000000d532000 	/System/Library/Frameworks/ApplicationServices.framework/Versions/A/Frameworks/PrintCore.framework/Versions/A/PrintCore
0x000000000d532000 	/System/Library/Frameworks/ApplicationServices.framework/Versions/A/Frameworks/QD.framework/Versions/A/QD
0x000000000d532000 	/System/Library/Frameworks/ApplicationServices.framework/Versions/A/Frameworks/SpeechSynthesis.framework/Versions/A/SpeechSynthesis
0x000000000d532000 	/System/Library/Frameworks/CoreDisplay.framework/Versions/A/CoreDisplay
0x000000000d532000 	/System/Library/Frameworks/Accelerate.framework/Versions/A/Frameworks/vImage.framework/Versions/A/vImage
0x000000000d532000 	/System/Library/Frameworks/Accelerate.framework/Versions/A/Frameworks/vecLib.framework/Versions/A/vecLib
0x000000000d532000 	/System/Library/Frameworks/Accelerate.framework/Versions/A/Frameworks/vecLib.framework/Versions/A/libvDSP.dylib
0x000000000d532000 	/System/Library/Frameworks/Accelerate.framework/Versions/A/Frameworks/vecLib.framework/Versions/A/libBNNS.dylib
0x000000000d532000 	/System/Library/Frameworks/Accelerate.framework/Versions/A/Frameworks/vecLib.framework/Versions/A/libQuadrature.dylib
0x000000000d532000 	/System/Library/Frameworks/Accelerate.framework/Versions/A/Frameworks/vecLib.framework/Versions/A/libvMisc.dylib
0x000000000d532000 	/System/Library/Frameworks/Accelerate.framework/Versions/A/Frameworks/vecLib.framework/Versions/A/libLAPACK.dylib
0x000000000d532000 	/System/Library/Frameworks/Accelerate.framework/Versions/A/Frameworks/vecLib.framework/Versions/A/libBLAS.dylib
0x000000000d532000 	/System/Library/Frameworks/Accelerate.framework/Versions/A/Frameworks/vecLib.framework/Versions/A/libLinearAlgebra.dylib
0x000000000d532000 	/System/Library/Frameworks/Accelerate.framework/Versions/A/Frameworks/vecLib.framework/Versions/A/libSparse.dylib
0x000000000d532000 	/System/Library/Frameworks/Accelerate.framework/Versions/A/Frameworks/vecLib.framework/Versions/A/libSparseBLAS.dylib
0x000000000d532000 	/System/Library/PrivateFrameworks/GPUWrangler.framework/Versions/A/GPUWrangler
0x000000000d532000 	/System/Library/PrivateFrameworks/IOAccelerator.framework/Versions/A/IOAccelerator
0x000000000d532000 	/System/Library/PrivateFrameworks/IOPresentment.framework/Versions/A/IOPresentment
0x000000000d532000 	/System/Library/PrivateFrameworks/DSExternalDisplay.framework/Versions/A/DSExternalDisplay
0x000000000d532000 	/System/Library/Frameworks/OpenGL.framework/Versions/A/Libraries/libCoreFSCache.dylib
0x000000000d532000 	/System/Library/Frameworks/CoreVideo.framework/Versions/A/CoreVideo
0x000000000d532000 	/System/Library/PrivateFrameworks/GraphVisualizer.framework/Versions/A/GraphVisualizer
0x000000000d532000 	/System/Library/Frameworks/MetalPerformanceShaders.framework/Versions/A/MetalPerformanceShaders
0x000000000d532000 	/usr/lib/libFosl_dynamic.dylib
0x000000000d532000 	/System/Library/PrivateFrameworks/FaceCore.framework/Versions/A/FaceCore
0x000000000d532000 	/System/Library/Frameworks/OpenCL.framework/Versions/A/OpenCL
0x000000000d532000 	/usr/lib/libcompression.dylib
0x000000000d532000 	/System/Library/Frameworks/ApplicationServices.framework/Versions/A/Frameworks/ATS.framework/Versions/A/Resources/libFontParser.dylib
0x000000000d532000 	/System/Library/Frameworks/ApplicationServices.framework/Versions/A/Frameworks/ATS.framework/Versions/A/Resources/libFontRegistry.dylib
0x000000000d532000 	/System/Library/Frameworks/ImageIO.framework/Versions/A/Resources/libJPEG.dylib
0x000000000d532000 	/System/Library/Frameworks/ImageIO.framework/Versions/A/Resources/libTIFF.dylib
0x000000000d532000 	/System/Library/Frameworks/ImageIO.framework/Versions/A/Resources/libPng.dylib
0x000000000d532000 	/System/Library/Frameworks/ImageIO.framework/Versions/A/Resources/libGIF.dylib
0x000000000d532000 	/System/Library/Frameworks/ImageIO.framework/Versions/A/Resources/libJP2.dylib
0x000000000d532000 	/System/Library/Frameworks/ImageIO.framework/Versions/A/Resources/libRadiance.dylib
0x000000000d532000 	/System/Library/PrivateFrameworks/AppleJPEG.framework/Versions/A/AppleJPEG
0x000000000d532000 	/System/Library/Frameworks/MetalPerformanceShaders.framework/Frameworks/MPSCore.framework/Versions/A/MPSCore
0x000000000d532000 	/System/Library/Frameworks/MetalPerformanceShaders.framework/Frameworks/MPSImage.framework/Versions/A/MPSImage
0x000000000d532000 	/System/Library/Frameworks/MetalPerformanceShaders.framework/Frameworks/MPSNeuralNetwork.framework/Versions/A/MPSNeuralNetwork
0x000000000d532000 	/System/Library/Frameworks/MetalPerformanceShaders.framework/Frameworks/MPSMatrix.framework/Versions/A/MPSMatrix
0x000000000d532000 	/System/Library/PrivateFrameworks/MetalTools.framework/Versions/A/MetalTools
0x000000000d532000 	/System/Library/Frameworks/OpenGL.framework/Versions/A/Libraries/libGLU.dylib
0x000000000d532000 	/System/Library/Frameworks/OpenGL.framework/Versions/A/Libraries/libGFXShared.dylib
0x000000000d532000 	/System/Library/Frameworks/OpenGL.framework/Versions/A/Libraries/libGL.dylib
0x000000000d532000 	/System/Library/Frameworks/OpenGL.framework/Versions/A/Libraries/libGLImage.dylib
0x000000000d532000 	/System/Library/Frameworks/OpenGL.framework/Versions/A/Libraries/libCVMSPluginSupport.dylib
0x000000000d532000 	/System/Library/Frameworks/OpenGL.framework/Versions/A/Libraries/libCoreVMClient.dylib
0x000000000d532000 	/usr/lib/libcups.2.dylib
0x000000000d532000 	/System/Library/Frameworks/Kerberos.framework/Versions/A/Kerberos
0x000000000d532000 	/System/Library/Frameworks/GSS.framework/Versions/A/GSS
0x000000000d532000 	/usr/lib/libresolv.9.dylib
0x000000000d532000 	/usr/lib/libiconv.2.dylib
0x000000000d532000 	/System/Library/PrivateFrameworks/Heimdal.framework/Versions/A/Heimdal
0x000000000d532000 	/usr/lib/libheimdal-asn1.dylib
0x000000000d532000 	/System/Library/Frameworks/OpenDirectory.framework/Versions/A/OpenDirectory
0x000000000d532000 	/System/Library/PrivateFrameworks/CommonAuth.framework/Versions/A/CommonAuth
0x000000000d532000 	/System/Library/Frameworks/OpenDirectory.framework/Versions/A/Frameworks/CFOpenDirectory.framework/Versions/A/CFOpenDirectory
0x000000000d532000 	/System/Library/Frameworks/SecurityFoundation.framework/Versions/A/SecurityFoundation
0x000000000d532000 	/System/Library/PrivateFrameworks/APFS.framework/Versions/A/APFS
0x000000000d532000 	/usr/lib/libutil.dylib
0x000000000d532000 	/System/Library/PrivateFrameworks/AppleSauce.framework/Versions/A/AppleSauce
0x000000000d532000 	/System/Library/PrivateFrameworks/LinguisticData.framework/Versions/A/LinguisticData
0x000000000d532000 	/usr/lib/libmarisa.dylib
0x000000000d532000 	/System/Library/PrivateFrameworks/Lexicon.framework/Versions/A/Lexicon
0x000000000d532000 	/usr/lib/libChineseTokenizer.dylib
0x000000000d532000 	/usr/lib/libcmph.dylib
0x000000000d532000 	/System/Library/PrivateFrameworks/LanguageModeling.framework/Versions/A/LanguageModeling
0x000000000d532000 	/System/Library/PrivateFrameworks/CoreEmoji.framework/Versions/A/CoreEmoji
0x000000000d532000 	/System/Library/Frameworks/ServiceManagement.framework/Versions/A/ServiceManagement
0x000000000d532000 	/System/Library/PrivateFrameworks/BackgroundTaskManagement.framework/Versions/A/BackgroundTaskManagement
0x000000000d532000 	/usr/lib/libxslt.1.dylib
0x000000000d532000 	/System/Library/Frameworks/Carbon.framework/Versions/A/Frameworks/Ink.framework/Versions/A/Ink
0x000000000d532000 	/System/Library/PrivateFrameworks/TextureIO.framework/Versions/A/TextureIO
0x000000000d532000 	/usr/lib/libate.dylib
0x000000000d532000 	/System/Library/PrivateFrameworks/CrashReporterSupport.framework/Versions/A/CrashReporterSupport
0x000000000d532000 	/System/Library/PrivateFrameworks/Sharing.framework/Versions/A/Sharing
0x000000000d532000 	/System/Library/PrivateFrameworks/IconServices.framework/Versions/A/IconServices
0x000000000d532000 	/System/Library/PrivateFrameworks/Apple80211.framework/Versions/A/Apple80211
0x000000000d532000 	/System/Library/PrivateFrameworks/CoreUtils.framework/Versions/A/CoreUtils
0x000000000d532000 	/System/Library/Frameworks/CoreWLAN.framework/Versions/A/CoreWLAN
0x000000000d532000 	/System/Library/Frameworks/IOBluetooth.framework/Versions/A/IOBluetooth
0x000000000d532000 	/System/Library/PrivateFrameworks/ProtocolBuffer.framework/Versions/A/ProtocolBuffer
0x000000000d532000 	/System/Library/PrivateFrameworks/CoreWiFi.framework/Versions/A/CoreWiFi
0x000000000d532000 	/System/Library/Frameworks/CoreBluetooth.framework/Versions/A/CoreBluetooth
0x000000000d532000 	/System/Library/PrivateFrameworks/DebugSymbols.framework/Versions/A/DebugSymbols
0x000000000d532000 	/System/Library/PrivateFrameworks/CoreSymbolication.framework/Versions/A/CoreSymbolication
0x000000000d532000 	/System/Library/PrivateFrameworks/Symbolication.framework/Versions/A/Symbolication
0x000000000d532000 	/System/Library/PrivateFrameworks/AppleFSCompression.framework/Versions/A/AppleFSCompression
0x000000000d532000 	/System/Library/PrivateFrameworks/SpeechRecognitionCore.framework/Versions/A/SpeechRecognitionCore
0x000000000d532000 	/System/Library/CoreServices/Encodings/libLatin5Converter.dylib
0x00000001099e0000 	/Library/Java/JavaVirtualMachines/jdk1.8.0_131.jdk/Contents/Home/jre/lib/server/libjvm.dylib
0x000000000d532000 	/usr/lib/libstdc++.6.0.9.dylib
0x00000001088c3000 	/Library/Java/JavaVirtualMachines/jdk1.8.0_131.jdk/Contents/Home/jre/lib/libverify.dylib
0x00000001088d1000 	/Library/Java/JavaVirtualMachines/jdk1.8.0_131.jdk/Contents/Home/jre/lib/libjava.dylib
0x0000000108950000 	/Library/Java/JavaVirtualMachines/jdk1.8.0_131.jdk/Contents/Home/jre/lib/libzip.dylib
0x000000000d532000 	/System/Library/Frameworks/JavaVM.framework/Versions/A/Frameworks/JavaRuntimeSupport.framework/Versions/A/JavaRuntimeSupport
0x000000000d532000 	/System/Library/Frameworks/JavaVM.framework/Versions/A/Frameworks/JavaNativeFoundation.framework/Versions/A/JavaNativeFoundation
0x000000000d532000 	/System/Library/Frameworks/JavaVM.framework/Versions/A/JavaVM
0x000000000d532000 	/System/Library/Frameworks/Carbon.framework/Versions/A/Carbon
0x000000000d532000 	/System/Library/PrivateFrameworks/JavaLaunching.framework/Versions/A/JavaLaunching
0x000000000d532000 	/System/Library/Frameworks/Carbon.framework/Versions/A/Frameworks/CommonPanels.framework/Versions/A/CommonPanels
0x000000000d532000 	/System/Library/Frameworks/Carbon.framework/Versions/A/Frameworks/Help.framework/Versions/A/Help
0x000000000d532000 	/System/Library/Frameworks/Carbon.framework/Versions/A/Frameworks/ImageCapture.framework/Versions/A/ImageCapture
0x000000000d532000 	/System/Library/Frameworks/Carbon.framework/Versions/A/Frameworks/OpenScripting.framework/Versions/A/OpenScripting
0x000000000d532000 	/System/Library/Frameworks/Carbon.framework/Versions/A/Frameworks/Print.framework/Versions/A/Print
0x000000000d532000 	/System/Library/Frameworks/Carbon.framework/Versions/A/Frameworks/SecurityHI.framework/Versions/A/SecurityHI
0x0000000121587000 	/Library/Java/JavaVirtualMachines/jdk1.8.0_131.jdk/Contents/Home/jre/lib/libprism_es2.dylib
0x000000000d532000 	/System/Library/PrivateFrameworks/CoreServicesInternal.framework/Versions/A/CoreServicesInternal
0x000000000d532000 	/System/Library/Frameworks/OpenGL.framework/Versions/A/Resources/GLEngine.bundle/GLEngine
0x000000000d532000 	/System/Library/Frameworks/OpenGL.framework/Versions/A/Libraries/libGLProgrammability.dylib
0x0000000121830000 	/System/Library/Extensions/AppleIntelBDWGraphicsGLDriver.bundle/Contents/MacOS/AppleIntelBDWGraphicsGLDriver
0x000000000d532000 	/System/Library/PrivateFrameworks/GPUSupport.framework/Versions/A/Libraries/libGPUSupportMercury.dylib
0x000000000d532000 	/System/Library/Frameworks/OpenGL.framework/Versions/A/Resources/GLRendererFloat.bundle/GLRendererFloat
0x000000000d532000 	/System/Library/Frameworks/OpenCL.framework/Versions/A/Libraries/libcldcpuengine.dylib
0x000000000d532000 	/usr/lib/libcrypto.35.dylib
0x000000000d532000 	/System/Library/PrivateFrameworks/TrustEvaluationAgent.framework/Versions/A/TrustEvaluationAgent
0x00000001223b0000 	/Library/Java/JavaVirtualMachines/jdk1.8.0_131.jdk/Contents/Home/jre/lib/libglass.dylib
0x000000000d532000 	/System/Library/CoreServices/RawCamera.bundle/Contents/MacOS/RawCamera
0x000000000d532000 	/System/Library/PrivateFrameworks/MobileAsset.framework/Versions/A/MobileAsset
0x000000000d532000 	/System/Library/PrivateFrameworks/StreamingZip.framework/Versions/A/StreamingZip
0x000000000d532000 	/System/Library/Frameworks/MediaToolbox.framework/Versions/A/MediaToolbox
0x000000000d532000 	/System/Library/PrivateFrameworks/CoreAVCHD.framework/Versions/A/CoreAVCHD
0x000000000d532000 	/System/Library/Frameworks/MediaAccessibility.framework/Versions/A/MediaAccessibility
0x000000000d532000 	/System/Library/PrivateFrameworks/Mangrove.framework/Versions/A/Mangrove
0x000000000d532000 	/System/Library/Frameworks/CoreMedia.framework/Versions/A/CoreMedia
0x000000000d532000 	/System/Library/Frameworks/VideoToolbox.framework/Versions/A/VideoToolbox
0x000000000d532000 	/System/Library/PrivateFrameworks/CoreAUC.framework/Versions/A/CoreAUC
0x000000000d532000 	/usr/lib/libspindump.dylib
0x000000000d532000 	/System/Library/PrivateFrameworks/AppleVA.framework/Versions/A/AppleVA
0x000000000d532000 	/System/Library/Frameworks/Accelerate.framework/Versions/A/Frameworks/vImage.framework/Versions/A/Libraries/libCGInterfaces.dylib
0x000000000d532000 	/System/Library/PrivateFrameworks/FamilyControls.framework/Versions/A/FamilyControls
0x000000000d532000 	/System/Library/PrivateFrameworks/CommerceKit.framework/Versions/A/Frameworks/CommerceCore.framework/Versions/A/CommerceCore
0x000000000d532000 	/System/Library/PrivateFrameworks/SystemAdministration.framework/Versions/A/SystemAdministration
0x000000000d532000 	/System/Library/PrivateFrameworks/AppContainer.framework/Versions/A/AppContainer
0x000000000d532000 	/System/Library/PrivateFrameworks/SecCodeWrapper.framework/Versions/A/SecCodeWrapper
0x000000000d532000 	/System/Library/PrivateFrameworks/DiskManagement.framework/Versions/A/DiskManagement
0x000000000d532000 	/System/Library/Frameworks/DirectoryService.framework/Versions/A/DirectoryService
0x000000000d532000 	/System/Library/PrivateFrameworks/DiskImages.framework/Versions/A/DiskImages
0x000000000d532000 	/System/Library/PrivateFrameworks/LoginUIKit.framework/Versions/A/Frameworks/LoginUICore.framework/Versions/A/LoginUICore
0x000000000d532000 	/usr/lib/libCoreStorage.dylib
0x000000000d532000 	/usr/lib/libcsfde.dylib
0x000000000d532000 	/usr/lib/libodfde.dylib
0x000000000d532000 	/System/Library/PrivateFrameworks/MediaKit.framework/Versions/A/MediaKit
0x000000000d532000 	/System/Library/Frameworks/DiscRecording.framework/Versions/A/DiscRecording
0x000000000d532000 	/System/Library/PrivateFrameworks/EFILogin.framework/Versions/A/EFILogin
0x000000000d532000 	/System/Library/PrivateFrameworks/ProtectedCloudStorage.framework/Versions/A/ProtectedCloudStorage
0x000000000d532000 	/usr/lib/libcurl.4.dylib
0x000000000d532000 	/usr/lib/libssl.35.dylib
0x000000000d532000 	/System/Library/Frameworks/LDAP.framework/Versions/A/LDAP
0x000000000d532000 	/usr/lib/libsasl2.2.dylib
0x000000000d532000 	/System/Library/PrivateFrameworks/CoreDaemon.framework/Versions/B/CoreDaemon
0x000000000d532000 	/System/Library/PrivateFrameworks/AppleSRP.framework/Versions/A/AppleSRP
0x000000012453a000 	/usr/local/Cellar/opencv/3.4.1_4/share/OpenCV/java/libopencv_java341.dylib
0x0000000124695000 	/usr/local/Cellar/opencv/3.4.1_4/lib/libopencv_xphoto.3.4.dylib
0x0000000124725000 	/usr/local/Cellar/opencv/3.4.1_4/lib/libopencv_img_hash.3.4.dylib
0x000000012473b000 	/usr/local/Cellar/opencv/3.4.1_4/lib/libopencv_bioinspired.3.4.dylib
0x0000000124785000 	/usr/local/Cellar/opencv/3.4.1_4/lib/libopencv_face.3.4.dylib
0x000000012482e000 	/usr/local/Cellar/opencv/3.4.1_4/lib/libopencv_structured_light.3.4.dylib
0x0000000124848000 	/usr/local/Cellar/opencv/3.4.1_4/lib/libopencv_xfeatures2d.3.4.dylib
0x0000000124b39000 	/usr/local/Cellar/opencv/3.4.1_4/lib/libopencv_ximgproc.3.4.dylib
0x0000000124d6d000 	/usr/local/Cellar/opencv/3.4.1_4/lib/libopencv_aruco.3.4.dylib
0x0000000124dc9000 	/usr/local/Cellar/opencv/3.4.1_4/lib/libopencv_bgsegm.3.4.dylib
0x0000000124ded000 	/usr/local/opt/tbb/lib/libtbb.dylib
0x0000000124e27000 	/usr/local/Cellar/opencv/3.4.1_4/lib/libopencv_objdetect.3.4.dylib
0x0000000124e97000 	/usr/local/Cellar/opencv/3.4.1_4/lib/libopencv_photo.3.4.dylib
0x0000000124f63000 	/usr/local/Cellar/opencv/3.4.1_4/lib/libopencv_tracking.3.4.dylib
0x0000000125185000 	/usr/local/Cellar/opencv/3.4.1_4/lib/libopencv_plot.3.4.dylib
0x0000000125190000 	/usr/local/Cellar/opencv/3.4.1_4/lib/libopencv_dnn.3.4.dylib
0x000000012555d000 	/usr/local/Cellar/opencv/3.4.1_4/lib/libopencv_datasets.3.4.dylib
0x0000000122959000 	/usr/local/Cellar/opencv/3.4.1_4/lib/libopencv_phase_unwrapping.3.4.dylib
0x00000001255b7000 	/usr/local/Cellar/opencv/3.4.1_4/lib/libopencv_ml.3.4.dylib
0x000000012566a000 	/usr/local/Cellar/opencv/3.4.1_4/lib/libopencv_shape.3.4.dylib
0x000000012569c000 	/usr/local/Cellar/opencv/3.4.1_4/lib/libopencv_video.3.4.dylib
0x0000000125700000 	/usr/local/Cellar/opencv/3.4.1_4/lib/libopencv_calib3d.3.4.dylib
0x00000001258a8000 	/usr/local/Cellar/opencv/3.4.1_4/lib/libopencv_features2d.3.4.dylib
0x0000000125965000 	/usr/local/Cellar/opencv/3.4.1_4/lib/libopencv_flann.3.4.dylib
0x00000001259c4000 	/usr/local/Cellar/opencv/3.4.1_4/lib/libopencv_highgui.3.4.dylib
0x00000001259da000 	/usr/local/Cellar/opencv/3.4.1_4/lib/libopencv_videoio.3.4.dylib
0x0000000125a0a000 	/usr/local/Cellar/opencv/3.4.1_4/lib/libopencv_imgcodecs.3.4.dylib
0x0000000125ad6000 	/usr/local/Cellar/opencv/3.4.1_4/lib/libopencv_imgproc.3.4.dylib
0x00000001280ac000 	/usr/local/Cellar/opencv/3.4.1_4/lib/libopencv_core.3.4.dylib
0x0000000128d0f000 	/usr/local/opt/ffmpeg/lib/libavcodec.58.dylib
0x0000000129fc2000 	/usr/local/opt/ffmpeg/lib/libavformat.58.dylib
0x000000012a180000 	/usr/local/opt/ffmpeg/lib/libavutil.56.dylib
0x000000012a1dc000 	/usr/local/opt/ffmpeg/lib/libswscale.5.dylib
0x000000012a259000 	/usr/local/opt/ffmpeg/lib/libavresample.4.dylib
0x000000000d532000 	/System/Library/Frameworks/VideoDecodeAcceleration.framework/Versions/A/VideoDecodeAcceleration
0x000000000d532000 	/System/Library/Frameworks/AVFoundation.framework/Versions/A/AVFoundation
0x000000012a276000 	/usr/local/opt/libpng/lib/libpng16.16.dylib
0x000000012a2a2000 	/usr/local/opt/libtiff/lib/libtiff.5.dylib
0x000000012a30b000 	/usr/local/opt/ilmbase/lib/libImath-2_2.12.dylib
0x000000012a319000 	/usr/local/opt/openexr/lib/libIlmImf-2_2.22.dylib
0x000000012a5f9000 	/usr/local/opt/ilmbase/lib/libIex-2_2.12.dylib
0x000000012a60b000 	/usr/local/opt/ilmbase/lib/libHalf.12.dylib
0x000000012a64f000 	/usr/local/opt/ilmbase/lib/libIlmThread-2_2.12.dylib
0x000000012a657000 	/usr/local/opt/jpeg/lib/libjpeg.9.dylib
0x0000000122d94000 	/usr/local/opt/ilmbase/lib/libIexMath-2_2.12.dylib
0x000000012a68a000 	/usr/local/Cellar/ffmpeg/4.0/lib/libswresample.3.dylib
0x000000012a6a6000 	/usr/local/opt/lame/lib/libmp3lame.0.dylib
0x000000012a714000 	/usr/local/opt/x264/lib/libx264.152.dylib
0x000000000d532000 	/System/Library/Frameworks/AVFoundation.framework/Versions/A/Frameworks/AVFAudio.framework/Versions/A/AVFAudio
0x000000000d532000 	/System/Library/PrivateFrameworks/IntlPreferences.framework/Versions/A/IntlPreferences
0x000000000d532000 	/System/Library/Frameworks/CoreMediaIO.framework/Versions/A/CoreMediaIO
0x000000000d532000 	/System/Library/PrivateFrameworks/RemoteServiceDiscovery.framework/Versions/A/RemoteServiceDiscovery
0x000000000d532000 	/System/Library/PrivateFrameworks/RemoteXPC.framework/Versions/A/RemoteXPC
0x000000000d532000 	/System/Library/PrivateFrameworks/InternationalSupport.framework/Versions/A/InternationalSupport
0x000000000d532000 	/System/Library/Frameworks/ApplicationServices.framework/Versions/A/Frameworks/ATS.framework/Versions/A/Resources/libTrueTypeScaler.dylib
0x000000000d532000 	/System/Library/Extensions/AppleIntelBDWGraphicsMTLDriver.bundle/Contents/MacOS/AppleIntelBDWGraphicsMTLDriver
0x000000000d532000 	/System/Library/PrivateFrameworks/GPUCompiler.framework/Versions/3802/Libraries/libmetal_timestamp.dylib
0x000000012c1da000 	/Library/Java/JavaVirtualMachines/jdk1.8.0_131.jdk/Contents/Home/jre/lib/libjavafx_font.dylib
0x000000000d532000 	/System/Library/PrivateFrameworks/ViewBridge.framework/Versions/A/ViewBridge
0x000000012e11b000 	/Library/Java/JavaVirtualMachines/jdk1.8.0_131.jdk/Contents/Home/jre/lib/libprism_common.dylib
0x00000001319a0000 	/System/Library/Extensions/AppleHDA.kext/Contents/PlugIns/AppleHDAHALPlugIn.bundle/Contents/MacOS/AppleHDAHALPlugIn
0x00000001319aa000 	/Library/CoreMediaIO/Plug-Ins/DAL/AppleCamera.plugin/Contents/MacOS/AppleCamera
0x00000001319d5000 	/System/Library/Frameworks/CoreMediaIO.framework/Resources/VDC.plugin/Contents/MacOS/VDC
0x0000000131a07000 	/System/Library/Frameworks/CoreMediaIO.framework/Resources/CMIOUnits.bundle/Contents/MacOS/CMIOUnits
0x000000000d532000 	/System/Library/PrivateFrameworks/FWAVC.framework/Versions/A/FWAVC
0x000000000d532000 	/System/Library/PrivateFrameworks/AppleGVA.framework/Versions/A/AppleGVA
0x0000000131c92000 	/usr/local/opt/tbb/lib/libtbbmalloc.dylib
0x00000001321c2000 	/Library/Java/JavaVirtualMachines/jdk1.8.0_131.jdk/Contents/Home/jre/lib/libawt.dylib
0x000000013226a000 	/Library/Java/JavaVirtualMachines/jdk1.8.0_131.jdk/Contents/Home/jre/lib/./libmlib_image.dylib
0x0000000132336000 	/Library/Java/JavaVirtualMachines/jdk1.8.0_131.jdk/Contents/Home/jre/lib/libawt_lwawt.dylib
0x00000001323ed000 	/Library/Java/JavaVirtualMachines/jdk1.8.0_131.jdk/Contents/Home/jre/lib/./libosxapp.dylib
0x000000000d532000 	/System/Library/Frameworks/ExceptionHandling.framework/Versions/A/ExceptionHandling
0x000000012b613000 	/Library/Java/JavaVirtualMachines/jdk1.8.0_131.jdk/Contents/Home/jre/lib/libnet.dylib
0x0000000124524000 	/Library/Java/JavaVirtualMachines/jdk1.8.0_131.jdk/Contents/Home/jre/lib/libnio.dylib

VM Arguments:
jvm_args: -Djava.library.path=/usr/local/Cellar/opencv/3.4.1_4/share/OpenCV/java -Dfile.encoding=UTF-8 
java_command: it.polito.teaching.cv.ObjRecognition
java_class_path (initial): /Library/Java/JavaVirtualMachines/jdk1.8.0_131.jdk/Contents/Home/jre/lib/resources.jar:/Library/Java/JavaVirtualMachines/jdk1.8.0_131.jdk/Contents/Home/jre/lib/rt.jar:/Library/Java/JavaVirtualMachines/jdk1.8.0_131.jdk/Contents/Home/jre/lib/jsse.jar:/Library/Java/JavaVirtualMachines/jdk1.8.0_131.jdk/Contents/Home/jre/lib/jce.jar:/Library/Java/JavaVirtualMachines/jdk1.8.0_131.jdk/Contents/Home/jre/lib/charsets.jar:/Library/Java/JavaVirtualMachines/jdk1.8.0_131.jdk/Contents/Home/jre/lib/jfr.jar:/Library/Java/JavaVirtualMachines/jdk1.8.0_131.jdk/Contents/Home/jre/lib/ext/sunec.jar:/Library/Java/JavaVirtualMachines/jdk1.8.0_131.jdk/Contents/Home/jre/lib/ext/nashorn.jar:/Library/Java/JavaVirtualMachines/jdk1.8.0_131.jdk/Contents/Home/jre/lib/ext/cldrdata.jar:/Library/Java/JavaVirtualMachines/jdk1.8.0_131.jdk/Contents/Home/jre/lib/ext/jfxrt.jar:/Library/Java/JavaVirtualMachines/jdk1.8.0_131.jdk/Contents/Home/jre/lib/ext/dnsns.jar:/Library/Java/JavaVirtualMachines/jdk1.8.0_131.jdk/Contents/Home/jre/lib/ext/localedata.jar:/Library/Java/JavaVirtualMachines/jdk1.8.0_131.jdk/Contents/Home/jre/lib/ext/sunjce_provider.jar:/Library/Java/JavaVirtualMachines/jdk1.8.0_131.jdk/Contents/Home/jre/lib/ext/sunpkcs11.jar:/Library/Java/JavaVirtualMachines/jdk1.8.0_131.jdk/Contents/Home/jre/lib/ext/jaccess.jar:/Library/Java/JavaVirtualMachines/jdk1.8.0_131.jdk/Contents/Home/jre/lib/ext/zipfs.jar:/System/Library/Java/Extensions/MRJToolkit.jar:/Users/detay/Downloads/object-detection-master/target/classes:/Users/detay/Downloads/object-detection-master/lib/opencv-341.jar:/Users/detay/.m2/repository/javax/websocket/javax.websocket-client-api/1.0/javax.websocket-client-api-1.0.jar:/Users/detay/.m2/repository/org/glassfish/tyrus/tyrus-client/1.1/tyrus-client-1.1.jar:/Users/detay/.m2/repository/org/glassfish/tyrus/tyrus-core/1.1/tyrus-core-1.1.jar:/Users/detay/.m2/repository/org/glassfish/tyrus/tyrus-spi/1.1/tyrus-spi-1.1.jar:/Users/detay/.m2/repository/javax/websocket/j
Launcher Type: SUN_STANDARD

Environment Variables:
PATH=/usr/bin:/bin:/usr/sbin:/sbin
SHELL=/bin/bash

Signal Handlers:
SIGSEGV: [libjvm.dylib+0x5b1eb1], sa_mask[0]=11111111011111110111111111111111, sa_flags=SA_ONSTACK|SA_RESTART|SA_SIGINFO
SIGBUS: [libjvm.dylib+0x5b1eb1], sa_mask[0]=11111111011111110111111111111111, sa_flags=SA_RESTART|SA_SIGINFO
SIGFPE: [libjvm.dylib+0x488988], sa_mask[0]=11111111011111110111111111111111, sa_flags=SA_RESTART|SA_SIGINFO
SIGPIPE: [libjvm.dylib+0x488988], sa_mask[0]=11111111011111110111111111111111, sa_flags=SA_RESTART|SA_SIGINFO
SIGXFSZ: [libjvm.dylib+0x488988], sa_mask[0]=11111111011111110111111111111111, sa_flags=SA_RESTART|SA_SIGINFO
SIGILL: [libjvm.dylib+0x488988], sa_mask[0]=11111111011111110111111111111111, sa_flags=SA_RESTART|SA_SIGINFO
SIGUSR1: SIG_DFL, sa_mask[0]=00000000000000000000000000000000, sa_flags=none
SIGUSR2: [libjvm.dylib+0x4884a6], sa_mask[0]=00100000000000000000000000000000, sa_flags=SA_RESTART|SA_SIGINFO
SIGHUP: [libjvm.dylib+0x486a7d], sa_mask[0]=11111111011111110111111111111111, sa_flags=SA_RESTART|SA_SIGINFO
SIGINT: [libjvm.dylib+0x486a7d], sa_mask[0]=11111111011111110111111111111111, sa_flags=SA_RESTART|SA_SIGINFO
SIGTERM: [libjvm.dylib+0x486a7d], sa_mask[0]=11111111011111110111111111111111, sa_flags=SA_RESTART|SA_SIGINFO
SIGQUIT: [libjvm.dylib+0x486a7d], sa_mask[0]=11111111011111110111111111111111, sa_flags=SA_RESTART|SA_SIGINFO


---------------  S Y S T E M  ---------------

OS:Bsduname:Darwin 17.5.0 Darwin Kernel Version 17.5.0: Mon Mar  5 22:24:32 PST 2018; root:xnu-4570.51.1~1/RELEASE_X86_64 x86_64
rlimit: STACK 8192k, CORE 0k, NPROC 709, NOFILE 10240, AS infinity
load average:2.72 3.85 4.54

CPU:total 4 (initial active 4) (2 cores per cpu, 2 threads per core) family 6 model 61 stepping 4, cmov, cx8, fxsr, mmx, sse, sse2, sse3, ssse3, sse4.1, sse4.2, popcnt, avx, avx2, aes, clmul, erms, 3dnowpref, lzcnt, ht, tsc, tscinvbit, bmi1, bmi2, adx

Memory: 4k page, physical 8388608k(137716k free)

/proc/meminfo:


vm_info: Java HotSpot(TM) 64-Bit Server VM (25.131-b11) for bsd-amd64 JRE (1.8.0_131-b11), built on Mar 15 2017 01:32:22 by "java_re" with gcc 4.2.1 (Based on Apple Inc. build 5658) (LLVM build 2336.11.00)

time: Thu May 31 21:54:18 2018
elapsed time: 57 seconds (0d 0h 0m 57s)

